\BOOKMARK [0][-]{chapter.1}{\376\377\0001\000\040\000M\000u\000m\000e\000i}{}% 1
\BOOKMARK [1][-]{section.1.1}{\376\377\0001\000.\0001\000\040\0001\000.\000\040\000R\000u\000n\000n\000i\000n\000g\000\040\000w\000i\000t\000h\000\040\000D\000o\000c\000k\000e\000r\000:}{chapter.1}% 2
\BOOKMARK [2][-]{subsection.1.1.1}{\376\377\0001\000.\0001\000.\0001\000\040\000P\000r\000e\000r\000e\000q\000u\000i\000s\000i\000t\000e\000s\000:}{section.1.1}% 3
\BOOKMARK [2][-]{subsection.1.1.2}{\376\377\0001\000.\0001\000.\0002\000\040\000S\000t\000e\000p\000s\000:}{section.1.1}% 4
\BOOKMARK [1][-]{section.1.2}{\376\377\0001\000.\0002\000\040\0002\000.\000\040\000B\000u\000i\000l\000d\000i\000n\000g\000\040\000f\000r\000o\000m\000\040\000s\000o\000u\000r\000c\000e\000:}{chapter.1}% 5
\BOOKMARK [2][-]{subsection.1.2.1}{\376\377\0001\000.\0002\000.\0001\000\040\000P\000r\000e\000r\000e\000q\000u\000i\000s\000i\000t\000e\000s\000:}{section.1.2}% 6
\BOOKMARK [2][-]{subsection.1.2.2}{\376\377\0001\000.\0002\000.\0002\000\040\000B\000u\000i\000l\000d\000\040\000a\000n\000d\000\040\000i\000n\000s\000t\000a\000l\000l\000:}{section.1.2}% 7
\BOOKMARK [2][-]{subsection.1.2.3}{\376\377\0001\000.\0002\000.\0003\000\040\000U\000n\000i\000n\000s\000t\000a\000l\000l\000:}{section.1.2}% 8
\BOOKMARK [0][-]{chapter.2}{\376\377\0002\000\040\000H\000U\000R\000O\000N\000\040\000R\000O\000S\0002\000\040\000M\000o\000d\000u\000l\000e}{}% 9
\BOOKMARK [1][-]{subsection.2.0.1}{\376\377\0002\000.\0000\000.\0001\000\040\000U\000s\000a\000g\000e\000:}{chapter.2}% 10
\BOOKMARK [2][-]{subsubsection.2.0.1.1}{\376\377\0002\000.\0000\000.\0001\000.\0001\000\040\000B\000u\000i\000l\000d\000i\000n\000g\000\040\000t\000h\000e\000\040\000R\000O\000S\000\040\000W\000o\000r\000k\000s\000p\000a\000c\000e\000:}{subsection.2.0.1}% 11
\BOOKMARK [3][-]{subsubsection.2.0.1.2}{\376\377\0002\000.\0000\000.\0001\000.\0002\000\040\000L\000a\000u\000n\000c\000h\000i\000n\000g\000\040\000G\000a\000z\000e\000b\000o\000\040\0001\0001\000\040\000s\000i\000m\000u\000l\000a\000t\000i\000o\000n}{subsubsection.2.0.1.1}% 12
\BOOKMARK [0][-]{chapter.3}{\376\377\0003\000\040\000N\000a\000m\000e\000s\000p\000a\000c\000e\000\040\000I\000n\000d\000e\000x}{}% 13
\BOOKMARK [1][-]{section.3.1}{\376\377\0003\000.\0001\000\040\000N\000a\000m\000e\000s\000p\000a\000c\000e\000\040\000L\000i\000s\000t}{chapter.3}% 14
\BOOKMARK [0][-]{chapter.4}{\376\377\0004\000\040\000H\000i\000e\000r\000a\000r\000c\000h\000i\000c\000a\000l\000\040\000I\000n\000d\000e\000x}{}% 15
\BOOKMARK [1][-]{section.4.1}{\376\377\0004\000.\0001\000\040\000C\000l\000a\000s\000s\000\040\000H\000i\000e\000r\000a\000r\000c\000h\000y}{chapter.4}% 16
\BOOKMARK [0][-]{chapter.5}{\376\377\0005\000\040\000C\000l\000a\000s\000s\000\040\000I\000n\000d\000e\000x}{}% 17
\BOOKMARK [1][-]{section.5.1}{\376\377\0005\000.\0001\000\040\000C\000l\000a\000s\000s\000\040\000L\000i\000s\000t}{chapter.5}% 18
\BOOKMARK [0][-]{chapter.6}{\376\377\0006\000\040\000F\000i\000l\000e\000\040\000I\000n\000d\000e\000x}{}% 19
\BOOKMARK [1][-]{section.6.1}{\376\377\0006\000.\0001\000\040\000F\000i\000l\000e\000\040\000L\000i\000s\000t}{chapter.6}% 20
\BOOKMARK [0][-]{chapter.7}{\376\377\0007\000\040\000N\000a\000m\000e\000s\000p\000a\000c\000e\000\040\000D\000o\000c\000u\000m\000e\000n\000t\000a\000t\000i\000o\000n}{}% 21
\BOOKMARK [1][-]{section.7.1}{\376\377\0007\000.\0001\000\040\000h\000u\000r\000o\000n\000\040\000N\000a\000m\000e\000s\000p\000a\000c\000e\000\040\000R\000e\000f\000e\000r\000e\000n\000c\000e}{chapter.7}% 22
\BOOKMARK [2][-]{subsection.7.1.1}{\376\377\0007\000.\0001\000.\0001\000\040\000D\000e\000t\000a\000i\000l\000e\000d\000\040\000D\000e\000s\000c\000r\000i\000p\000t\000i\000o\000n}{section.7.1}% 23
\BOOKMARK [0][-]{chapter.8}{\376\377\0008\000\040\000C\000l\000a\000s\000s\000\040\000D\000o\000c\000u\000m\000e\000n\000t\000a\000t\000i\000o\000n}{}% 24
\BOOKMARK [1][-]{section.8.1}{\376\377\0008\000.\0001\000\040\000h\000u\000r\000o\000n\000:\000:\000A\000c\000t\000u\000a\000t\000o\000r\000\040\000C\000l\000a\000s\000s\000\040\000R\000e\000f\000e\000r\000e\000n\000c\000e}{chapter.8}% 25
\BOOKMARK [1][-]{section.8.2}{\376\377\0008\000.\0002\000\040\000h\000u\000r\000o\000n\000:\000:\000A\000c\000t\000u\000a\000t\000o\000r\000C\000o\000n\000f\000i\000g\000u\000r\000a\000t\000i\000o\000n\000\040\000C\000l\000a\000s\000s\000\040\000R\000e\000f\000e\000r\000e\000n\000c\000e}{chapter.8}% 26
\BOOKMARK [1][-]{section.8.3}{\376\377\0008\000.\0003\000\040\000h\000u\000r\000o\000n\000:\000:\000d\000r\000i\000v\000e\000r\000:\000:\000c\000a\000n\000:\000:\000B\000u\000s\000B\000a\000s\000e\000\040\000C\000l\000a\000s\000s\000\040\000R\000e\000f\000e\000r\000e\000n\000c\000e}{chapter.8}% 27
\BOOKMARK [2][-]{subsection.8.3.1}{\376\377\0008\000.\0003\000.\0001\000\040\000M\000e\000m\000b\000e\000r\000\040\000F\000u\000n\000c\000t\000i\000o\000n\000\040\000D\000o\000c\000u\000m\000e\000n\000t\000a\000t\000i\000o\000n}{section.8.3}% 28
\BOOKMARK [3][-]{subsubsection.8.3.1.1}{\376\377\0008\000.\0003\000.\0001\000.\0001\000\040\000r\000e\000c\000v\000\137\000m\000e\000s\000s\000a\000g\000e\000\050\000\051}{subsection.8.3.1}% 29
\BOOKMARK [3][-]{subsubsection.8.3.1.2}{\376\377\0008\000.\0003\000.\0001\000.\0002\000\040\000s\000e\000n\000d\000\137\000m\000e\000s\000s\000a\000g\000e\000\050\000\051}{subsection.8.3.1}% 30
\BOOKMARK [3][-]{subsubsection.8.3.1.3}{\376\377\0008\000.\0003\000.\0001\000.\0003\000\040\000s\000u\000b\000s\000c\000r\000i\000b\000e\000\050\000\051}{subsection.8.3.1}% 31
\BOOKMARK [3][-]{subsubsection.8.3.1.4}{\376\377\0008\000.\0003\000.\0001\000.\0004\000\040\000u\000n\000s\000u\000b\000s\000c\000r\000i\000b\000e\000\050\000\051}{subsection.8.3.1}% 32
\BOOKMARK [1][-]{section.8.4}{\376\377\0008\000.\0004\000\040\000c\000a\000n\000\137\000C\000y\000c\000l\000i\000c\000\137\000t\000\040\000S\000t\000r\000u\000c\000t\000\040\000R\000e\000f\000e\000r\000e\000n\000c\000e}{chapter.8}% 33
\BOOKMARK [1][-]{section.8.5}{\376\377\0008\000.\0005\000\040\000c\000a\000n\000\137\000M\000e\000s\000s\000a\000g\000e\000\137\000t\000\040\000S\000t\000r\000u\000c\000t\000\040\000R\000e\000f\000e\000r\000e\000n\000c\000e}{chapter.8}% 34
\BOOKMARK [1][-]{section.8.6}{\376\377\0008\000.\0006\000\040\000c\000a\000n\000\137\000S\000i\000g\000n\000a\000l\000\137\000t\000\040\000S\000t\000r\000u\000c\000t\000\040\000R\000e\000f\000e\000r\000e\000n\000c\000e}{chapter.8}% 35
\BOOKMARK [1][-]{section.8.7}{\376\377\0008\000.\0007\000\040\000h\000u\000r\000o\000n\000:\000:\000d\000r\000i\000v\000e\000r\000:\000:\000c\000a\000n\000:\000:\000B\000u\000s\000B\000a\000s\000e\000:\000:\000C\000a\000n\000S\000u\000b\000s\000c\000r\000i\000p\000t\000i\000o\000n\000\040\000S\000t\000r\000u\000c\000t\000\040\000R\000e\000f\000e\000r\000e\000n\000c\000e}{chapter.8}% 36
\BOOKMARK [1][-]{section.8.8}{\376\377\0008\000.\0008\000\040\000h\000u\000r\000o\000n\000:\000:\000m\000u\000l\000t\000i\000b\000o\000d\000y\000:\000:\000C\000o\000m\000F\000r\000a\000m\000e\000\040\000C\000l\000a\000s\000s\000\040\000R\000e\000f\000e\000r\000e\000n\000c\000e}{chapter.8}% 37
\BOOKMARK [2][-]{subsection.8.8.1}{\376\377\0008\000.\0008\000.\0001\000\040\000D\000e\000t\000a\000i\000l\000e\000d\000\040\000D\000e\000s\000c\000r\000i\000p\000t\000i\000o\000n}{section.8.8}% 38
\BOOKMARK [2][-]{subsection.8.8.2}{\376\377\0008\000.\0008\000.\0002\000\040\000M\000e\000m\000b\000e\000r\000\040\000F\000u\000n\000c\000t\000i\000o\000n\000\040\000D\000o\000c\000u\000m\000e\000n\000t\000a\000t\000i\000o\000n}{section.8.8}% 39
\BOOKMARK [3][-]{subsubsection.8.8.2.1}{\376\377\0008\000.\0008\000.\0002\000.\0001\000\040\000G\000e\000t\000T\000r\000a\000n\000s\000f\000o\000r\000m\000F\000r\000o\000m\000F\000r\000a\000m\000e\000\050\000\051\000\040\000[\0001\000/\0002\000]}{subsection.8.8.2}% 40
\BOOKMARK [3][-]{subsubsection.8.8.2.2}{\376\377\0008\000.\0008\000.\0002\000.\0002\000\040\000G\000e\000t\000T\000r\000a\000n\000s\000f\000o\000r\000m\000F\000r\000o\000m\000F\000r\000a\000m\000e\000\050\000\051\000\040\000[\0002\000/\0002\000]}{subsection.8.8.2}% 41
\BOOKMARK [3][-]{subsubsection.8.8.2.3}{\376\377\0008\000.\0008\000.\0002\000.\0003\000\040\000G\000e\000t\000T\000r\000a\000n\000s\000f\000o\000r\000m\000I\000n\000W\000o\000r\000l\000d\000\050\000\051}{subsection.8.8.2}% 42
\BOOKMARK [3][-]{subsubsection.8.8.2.4}{\376\377\0008\000.\0008\000.\0002\000.\0004\000\040\000G\000e\000t\000T\000r\000a\000n\000s\000f\000o\000r\000m\000T\000o\000F\000r\000a\000m\000e\000\050\000\051\000\040\000[\0001\000/\0002\000]}{subsection.8.8.2}% 43
\BOOKMARK [3][-]{subsubsection.8.8.2.5}{\376\377\0008\000.\0008\000.\0002\000.\0005\000\040\000G\000e\000t\000T\000r\000a\000n\000s\000f\000o\000r\000m\000T\000o\000F\000r\000a\000m\000e\000\050\000\051\000\040\000[\0002\000/\0002\000]}{subsection.8.8.2}% 44
\BOOKMARK [1][-]{section.8.9}{\376\377\0008\000.\0009\000\040\000h\000u\000r\000o\000n\000:\000:\000C\000o\000n\000f\000i\000g\000u\000r\000a\000t\000i\000o\000n\000\040\000C\000l\000a\000s\000s\000\040\000R\000e\000f\000e\000r\000e\000n\000c\000e}{chapter.8}% 45
\BOOKMARK [2][-]{subsection.8.9.1}{\376\377\0008\000.\0009\000.\0001\000\040\000D\000e\000t\000a\000i\000l\000e\000d\000\040\000D\000e\000s\000c\000r\000i\000p\000t\000i\000o\000n}{section.8.9}% 46
\BOOKMARK [2][-]{subsection.8.9.2}{\376\377\0008\000.\0009\000.\0002\000\040\000M\000e\000m\000b\000e\000r\000\040\000F\000u\000n\000c\000t\000i\000o\000n\000\040\000D\000o\000c\000u\000m\000e\000n\000t\000a\000t\000i\000o\000n}{section.8.9}% 47
\BOOKMARK [3][-]{subsubsection.8.9.2.1}{\376\377\0008\000.\0009\000.\0002\000.\0001\000\040\000G\000e\000t\000\050\000\051}{subsection.8.9.2}% 48
\BOOKMARK [3][-]{subsubsection.8.9.2.2}{\376\377\0008\000.\0009\000.\0002\000.\0002\000\040\000G\000e\000t\000F\000r\000o\000m\000C\000o\000m\000p\000o\000n\000e\000n\000t\000\050\000\051}{subsection.8.9.2}% 49
\BOOKMARK [3][-]{subsubsection.8.9.2.3}{\376\377\0008\000.\0009\000.\0002\000.\0003\000\040\000V\000a\000l\000i\000d\000a\000t\000e\000K\000e\000y\000\050\000\051}{subsection.8.9.2}% 50
\BOOKMARK [1][-]{section.8.10}{\376\377\0008\000.\0001\0000\000\040\000h\000u\000r\000o\000n\000:\000:\000C\000o\000n\000s\000t\000a\000n\000t\000S\000t\000a\000t\000e\000P\000r\000o\000v\000i\000d\000e\000r\000\040\000C\000l\000a\000s\000s\000\040\000R\000e\000f\000e\000r\000e\000n\000c\000e}{chapter.8}% 51
\BOOKMARK [2][-]{subsection.8.10.1}{\376\377\0008\000.\0001\0000\000.\0001\000\040\000M\000e\000m\000b\000e\000r\000\040\000F\000u\000n\000c\000t\000i\000o\000n\000\040\000D\000o\000c\000u\000m\000e\000n\000t\000a\000t\000i\000o\000n}{section.8.10}% 52
\BOOKMARK [3][-]{subsubsection.8.10.1.1}{\376\377\0008\000.\0001\0000\000.\0001\000.\0001\000\040\000G\000e\000t\000N\000e\000w\000S\000t\000a\000t\000e\000\050\000\051}{subsection.8.10.1}% 53
\BOOKMARK [3][-]{subsubsection.8.10.1.2}{\376\377\0008\000.\0001\0000\000.\0001\000.\0002\000\040\000R\000e\000q\000u\000e\000s\000t\000S\000t\000a\000t\000e\000U\000p\000d\000a\000t\000e\000\050\000\051}{subsection.8.10.1}% 54
\BOOKMARK [1][-]{section.8.11}{\376\377\0008\000.\0001\0001\000\040\000h\000u\000r\000o\000n\000:\000:\000e\000n\000a\000b\000l\000e\000\137\000p\000r\000o\000t\000e\000c\000t\000e\000d\000\137\000m\000a\000k\000e\000\137\000s\000h\000a\000r\000e\000d\000<\000\040\000C\000l\000a\000s\000s\000W\000i\000t\000h\000P\000r\000o\000t\000e\000c\000t\000e\000d\000C\000t\000o\000r\000\040\000>\000\040\000C\000l\000a\000s\000s\000\040\000T\000e\000m\000p\000l\000a\000t\000e\000\040\000R\000e\000f\000e\000r\000e\000n\000c\000e}{chapter.8}% 55
\BOOKMARK [2][-]{subsection.8.11.1}{\376\377\0008\000.\0001\0001\000.\0001\000\040\000D\000e\000t\000a\000i\000l\000e\000d\000\040\000D\000e\000s\000c\000r\000i\000p\000t\000i\000o\000n}{section.8.11}% 56
\BOOKMARK [1][-]{section.8.12}{\376\377\0008\000.\0001\0002\000\040\000h\000u\000r\000o\000n\000:\000:\000e\000n\000a\000b\000l\000e\000\137\000p\000r\000o\000t\000e\000c\000t\000e\000d\000\137\000m\000a\000k\000e\000\137\000u\000n\000i\000q\000u\000e\000<\000\040\000C\000l\000a\000s\000s\000W\000i\000t\000h\000P\000r\000o\000t\000e\000c\000t\000e\000d\000C\000t\000o\000r\000\040\000>\000\040\000C\000l\000a\000s\000s\000\040\000T\000e\000m\000p\000l\000a\000t\000e\000\040\000R\000e\000f\000e\000r\000e\000n\000c\000e}{chapter.8}% 57
\BOOKMARK [2][-]{subsection.8.12.1}{\376\377\0008\000.\0001\0002\000.\0001\000\040\000D\000e\000t\000a\000i\000l\000e\000d\000\040\000D\000e\000s\000c\000r\000i\000p\000t\000i\000o\000n}{section.8.12}% 58
\BOOKMARK [1][-]{section.8.13}{\376\377\0008\000.\0001\0003\000\040\000h\000u\000r\000o\000n\000:\000:\000E\000n\000c\000o\000d\000e\000r\000\040\000C\000l\000a\000s\000s\000\040\000R\000e\000f\000e\000r\000e\000n\000c\000e}{chapter.8}% 59
\BOOKMARK [2][-]{subsection.8.13.1}{\376\377\0008\000.\0001\0003\000.\0001\000\040\000D\000e\000t\000a\000i\000l\000e\000d\000\040\000D\000e\000s\000c\000r\000i\000p\000t\000i\000o\000n}{section.8.13}% 60
\BOOKMARK [2][-]{subsection.8.13.2}{\376\377\0008\000.\0001\0003\000.\0002\000\040\000M\000e\000m\000b\000e\000r\000\040\000F\000u\000n\000c\000t\000i\000o\000n\000\040\000D\000o\000c\000u\000m\000e\000n\000t\000a\000t\000i\000o\000n}{section.8.13}% 61
\BOOKMARK [3][-]{subsubsection.8.13.2.1}{\376\377\0008\000.\0001\0003\000.\0002\000.\0001\000\040\000G\000e\000t\000N\000e\000w\000S\000t\000a\000t\000e\000\050\000\051}{subsection.8.13.2}% 62
\BOOKMARK [3][-]{subsubsection.8.13.2.2}{\376\377\0008\000.\0001\0003\000.\0002\000.\0002\000\040\000G\000e\000t\000P\000o\000s\000i\000t\000i\000o\000n\000\050\000\051}{subsection.8.13.2}% 63
\BOOKMARK [3][-]{subsubsection.8.13.2.3}{\376\377\0008\000.\0001\0003\000.\0002\000.\0003\000\040\000G\000e\000t\000V\000e\000l\000o\000c\000i\000t\000y\000\050\000\051}{subsection.8.13.2}% 64
\BOOKMARK [3][-]{subsubsection.8.13.2.4}{\376\377\0008\000.\0001\0003\000.\0002\000.\0004\000\040\000R\000e\000s\000e\000t\000\050\000\051}{subsection.8.13.2}% 65
\BOOKMARK [1][-]{section.8.14}{\376\377\0008\000.\0001\0004\000\040\000h\000u\000r\000o\000n\000:\000:\000E\000n\000c\000o\000d\000e\000r\000C\000o\000n\000f\000i\000g\000u\000r\000a\000t\000i\000o\000n\000\040\000C\000l\000a\000s\000s\000\040\000R\000e\000f\000e\000r\000e\000n\000c\000e}{chapter.8}% 66
\BOOKMARK [1][-]{section.8.15}{\376\377\0008\000.\0001\0005\000\040\000h\000u\000r\000o\000n\000:\000:\000F\000o\000r\000c\000e\000S\000e\000n\000s\000i\000n\000g\000R\000e\000s\000i\000s\000t\000o\000r\000\040\000C\000l\000a\000s\000s\000\040\000R\000e\000f\000e\000r\000e\000n\000c\000e}{chapter.8}% 67
\BOOKMARK [1][-]{section.8.16}{\376\377\0008\000.\0001\0006\000\040\000h\000u\000r\000o\000n\000:\000:\000F\000o\000r\000c\000e\000S\000e\000n\000s\000i\000n\000g\000R\000e\000s\000i\000s\000t\000o\000r\000A\000r\000r\000a\000y\000\040\000C\000l\000a\000s\000s\000\040\000R\000e\000f\000e\000r\000e\000n\000c\000e}{chapter.8}% 68
\BOOKMARK [2][-]{subsection.8.16.1}{\376\377\0008\000.\0001\0006\000.\0001\000\040\000M\000e\000m\000b\000e\000r\000\040\000F\000u\000n\000c\000t\000i\000o\000n\000\040\000D\000o\000c\000u\000m\000e\000n\000t\000a\000t\000i\000o\000n}{section.8.16}% 69
\BOOKMARK [3][-]{subsubsection.8.16.1.1}{\376\377\0008\000.\0001\0006\000.\0001\000.\0001\000\040\000G\000e\000t\000N\000e\000w\000S\000t\000a\000t\000e\000\050\000\051}{subsection.8.16.1}% 70
\BOOKMARK [3][-]{subsubsection.8.16.1.2}{\376\377\0008\000.\0001\0006\000.\0001\000.\0002\000\040\000R\000e\000q\000u\000e\000s\000t\000S\000t\000a\000t\000e\000U\000p\000d\000a\000t\000e\000\050\000\051}{subsection.8.16.1}% 71
\BOOKMARK [1][-]{section.8.17}{\376\377\0008\000.\0001\0007\000\040\000h\000u\000r\000o\000n\000:\000:\000F\000o\000r\000c\000e\000S\000e\000n\000s\000i\000n\000g\000R\000e\000s\000i\000s\000t\000o\000r\000A\000r\000r\000a\000y\000S\000e\000r\000i\000a\000l\000\040\000C\000l\000a\000s\000s\000\040\000R\000e\000f\000e\000r\000e\000n\000c\000e}{chapter.8}% 72
\BOOKMARK [2][-]{subsection.8.17.1}{\376\377\0008\000.\0001\0007\000.\0001\000\040\000D\000e\000t\000a\000i\000l\000e\000d\000\040\000D\000e\000s\000c\000r\000i\000p\000t\000i\000o\000n}{section.8.17}% 73
\BOOKMARK [2][-]{subsection.8.17.2}{\376\377\0008\000.\0001\0007\000.\0002\000\040\000M\000e\000m\000b\000e\000r\000\040\000F\000u\000n\000c\000t\000i\000o\000n\000\040\000D\000o\000c\000u\000m\000e\000n\000t\000a\000t\000i\000o\000n}{section.8.17}% 74
\BOOKMARK [3][-]{subsubsection.8.17.2.1}{\376\377\0008\000.\0001\0007\000.\0002\000.\0001\000\040\000G\000e\000t\000V\000a\000l\000u\000e\000\050\000\051}{subsection.8.17.2}% 75
\BOOKMARK [3][-]{subsubsection.8.17.2.2}{\376\377\0008\000.\0001\0007\000.\0002\000.\0002\000\040\000I\000n\000i\000t\000i\000a\000l\000i\000z\000e\000\050\000\051}{subsection.8.17.2}% 76
\BOOKMARK [3][-]{subsubsection.8.17.2.3}{\376\377\0008\000.\0001\0007\000.\0002\000.\0003\000\040\000R\000e\000l\000o\000a\000d\000A\000n\000d\000G\000e\000t\000V\000a\000l\000u\000e\000\050\000\051}{subsection.8.17.2}% 77
\BOOKMARK [3][-]{subsubsection.8.17.2.4}{\376\377\0008\000.\0001\0007\000.\0002\000.\0004\000\040\000R\000e\000q\000u\000e\000s\000t\000S\000t\000a\000t\000e\000U\000p\000d\000a\000t\000e\000\050\000\051}{subsection.8.17.2}% 78
\BOOKMARK [3][-]{subsubsection.8.17.2.5}{\376\377\0008\000.\0001\0007\000.\0002\000.\0005\000\040\000S\000e\000t\000U\000p\000\050\000\051}{subsection.8.17.2}% 79
\BOOKMARK [3][-]{subsubsection.8.17.2.6}{\376\377\0008\000.\0001\0007\000.\0002\000.\0006\000\040\000T\000e\000r\000m\000i\000n\000a\000t\000e\000\050\000\051}{subsection.8.17.2}% 80
\BOOKMARK [1][-]{section.8.18}{\376\377\0008\000.\0001\0008\000\040\000h\000u\000r\000o\000n\000:\000:\000F\000o\000r\000c\000e\000T\000o\000r\000q\000u\000e\000S\000e\000n\000s\000o\000r\000\040\000C\000l\000a\000s\000s\000\040\000R\000e\000f\000e\000r\000e\000n\000c\000e}{chapter.8}% 81
\BOOKMARK [2][-]{subsection.8.18.1}{\376\377\0008\000.\0001\0008\000.\0001\000\040\000M\000e\000m\000b\000e\000r\000\040\000F\000u\000n\000c\000t\000i\000o\000n\000\040\000D\000o\000c\000u\000m\000e\000n\000t\000a\000t\000i\000o\000n}{section.8.18}% 82
\BOOKMARK [3][-]{subsubsection.8.18.1.1}{\376\377\0008\000.\0001\0008\000.\0001\000.\0001\000\040\000D\000o\000G\000e\000t\000W\000r\000e\000n\000c\000h\000R\000a\000w\000\050\000\051}{subsection.8.18.1}% 83
\BOOKMARK [3][-]{subsubsection.8.18.1.2}{\376\377\0008\000.\0001\0008\000.\0001\000.\0002\000\040\000G\000e\000t\000N\000e\000w\000S\000t\000a\000t\000e\000\050\000\051}{subsection.8.18.1}% 84
\BOOKMARK [3][-]{subsubsection.8.18.1.3}{\376\377\0008\000.\0001\0008\000.\0001\000.\0003\000\040\000G\000e\000t\000V\000a\000l\000u\000e\000\050\000\051}{subsection.8.18.1}% 85
\BOOKMARK [3][-]{subsubsection.8.18.1.4}{\376\377\0008\000.\0001\0008\000.\0001\000.\0004\000\040\000R\000e\000q\000u\000e\000s\000t\000S\000t\000a\000t\000e\000U\000p\000d\000a\000t\000e\000\050\000\051}{subsection.8.18.1}% 86
\BOOKMARK [1][-]{section.8.19}{\376\377\0008\000.\0001\0009\000\040\000h\000u\000r\000o\000n\000:\000:\000r\000o\000s\0002\000:\000:\000F\000o\000r\000c\000e\000T\000o\000r\000q\000u\000e\000S\000e\000n\000s\000o\000r\000\040\000C\000l\000a\000s\000s\000\040\000R\000e\000f\000e\000r\000e\000n\000c\000e}{chapter.8}% 87
\BOOKMARK [2][-]{subsection.8.19.1}{\376\377\0008\000.\0001\0009\000.\0001\000\040\000M\000e\000m\000b\000e\000r\000\040\000F\000u\000n\000c\000t\000i\000o\000n\000\040\000D\000o\000c\000u\000m\000e\000n\000t\000a\000t\000i\000o\000n}{section.8.19}% 88
\BOOKMARK [3][-]{subsubsection.8.19.1.1}{\376\377\0008\000.\0001\0009\000.\0001\000.\0001\000\040\000D\000o\000G\000e\000t\000W\000r\000e\000n\000c\000h\000R\000a\000w\000\050\000\051}{subsection.8.19.1}% 89
\BOOKMARK [3][-]{subsubsection.8.19.1.2}{\376\377\0008\000.\0001\0009\000.\0001\000.\0002\000\040\000I\000n\000i\000t\000i\000a\000l\000i\000z\000e\000\050\000\051}{subsection.8.19.1}% 90
\BOOKMARK [3][-]{subsubsection.8.19.1.3}{\376\377\0008\000.\0001\0009\000.\0001\000.\0003\000\040\000S\000e\000t\000U\000p\000\050\000\051}{subsection.8.19.1}% 91
\BOOKMARK [3][-]{subsubsection.8.19.1.4}{\376\377\0008\000.\0001\0009\000.\0001\000.\0004\000\040\000T\000e\000r\000m\000i\000n\000a\000t\000e\000\050\000\051}{subsection.8.19.1}% 92
\BOOKMARK [1][-]{section.8.20}{\376\377\0008\000.\0002\0000\000\040\000h\000u\000r\000o\000n\000:\000:\000m\000u\000l\000t\000i\000b\000o\000d\000y\000:\000:\000F\000r\000a\000m\000e\000\040\000C\000l\000a\000s\000s\000\040\000R\000e\000f\000e\000r\000e\000n\000c\000e}{chapter.8}% 93
\BOOKMARK [1][-]{section.8.21}{\376\377\0008\000.\0002\0001\000\040\000h\000u\000r\000o\000n\000:\000:\000G\000e\000n\000e\000r\000i\000c\000C\000o\000m\000p\000o\000n\000e\000n\000t\000\040\000C\000l\000a\000s\000s\000\040\000R\000e\000f\000e\000r\000e\000n\000c\000e}{chapter.8}% 94
\BOOKMARK [2][-]{subsection.8.21.1}{\376\377\0008\000.\0002\0001\000.\0001\000\040\000D\000e\000t\000a\000i\000l\000e\000d\000\040\000D\000e\000s\000c\000r\000i\000p\000t\000i\000o\000n}{section.8.21}% 95
\BOOKMARK [2][-]{subsection.8.21.2}{\376\377\0008\000.\0002\0001\000.\0002\000\040\000M\000e\000m\000b\000e\000r\000\040\000F\000u\000n\000c\000t\000i\000o\000n\000\040\000D\000o\000c\000u\000m\000e\000n\000t\000a\000t\000i\000o\000n}{section.8.21}% 96
\BOOKMARK [3][-]{subsubsection.8.21.2.1}{\376\377\0008\000.\0002\0001\000.\0002\000.\0001\000\040\000C\000o\000n\000f\000i\000g\000u\000r\000e\000\050\000\051\000\040\000[\0001\000/\0003\000]}{subsection.8.21.2}% 97
\BOOKMARK [3][-]{subsubsection.8.21.2.2}{\376\377\0008\000.\0002\0001\000.\0002\000.\0002\000\040\000C\000o\000n\000f\000i\000g\000u\000r\000e\000\050\000\051\000\040\000[\0002\000/\0003\000]}{subsection.8.21.2}% 98
\BOOKMARK [3][-]{subsubsection.8.21.2.3}{\376\377\0008\000.\0002\0001\000.\0002\000.\0003\000\040\000C\000o\000n\000f\000i\000g\000u\000r\000e\000\050\000\051\000\040\000[\0003\000/\0003\000]}{subsection.8.21.2}% 99
\BOOKMARK [3][-]{subsubsection.8.21.2.4}{\376\377\0008\000.\0002\0001\000.\0002\000.\0004\000\040\000C\000o\000n\000f\000i\000g\000u\000r\000e\000K\000e\000y\000\050\000\051}{subsection.8.21.2}% 100
\BOOKMARK [3][-]{subsubsection.8.21.2.5}{\376\377\0008\000.\0002\0001\000.\0002\000.\0005\000\040\000C\000o\000n\000f\000i\000g\000u\000r\000e\000M\000a\000p\000\050\000\051}{subsection.8.21.2}% 101
\BOOKMARK [3][-]{subsubsection.8.21.2.6}{\376\377\0008\000.\0002\0001\000.\0002\000.\0006\000\040\000I\000n\000i\000t\000i\000a\000l\000i\000z\000e\000\050\000\051}{subsection.8.21.2}% 102
\BOOKMARK [1][-]{section.8.22}{\376\377\0008\000.\0002\0002\000\040\000h\000u\000r\000o\000n\000:\000:\000r\000o\000s\0002\000:\000:\000H\000u\000r\000o\000n\000\040\000C\000l\000a\000s\000s\000\040\000R\000e\000f\000e\000r\000e\000n\000c\000e}{chapter.8}% 103
\BOOKMARK [2][-]{subsection.8.22.1}{\376\377\0008\000.\0002\0002\000.\0001\000\040\000M\000e\000m\000b\000e\000r\000\040\000F\000u\000n\000c\000t\000i\000o\000n\000\040\000D\000o\000c\000u\000m\000e\000n\000t\000a\000t\000i\000o\000n}{section.8.22}% 104
\BOOKMARK [3][-]{subsubsection.8.22.1.1}{\376\377\0008\000.\0002\0002\000.\0001\000.\0001\000\040\000I\000n\000i\000t\000i\000a\000l\000i\000z\000e\000\050\000\051}{subsection.8.22.1}% 105
\BOOKMARK [3][-]{subsubsection.8.22.1.2}{\376\377\0008\000.\0002\0002\000.\0001\000.\0002\000\040\000S\000e\000t\000U\000p\000\050\000\051}{subsection.8.22.1}% 106
\BOOKMARK [3][-]{subsubsection.8.22.1.3}{\376\377\0008\000.\0002\0002\000.\0001\000.\0003\000\040\000T\000e\000r\000m\000i\000n\000a\000t\000e\000\050\000\051}{subsection.8.22.1}% 107
\BOOKMARK [1][-]{section.8.23}{\376\377\0008\000.\0002\0003\000\040\000h\000u\000r\000o\000n\000:\000:\000r\000o\000s\0002\000:\000:\000H\000u\000r\000o\000n\000N\000o\000d\000e\000\040\000C\000l\000a\000s\000s\000\040\000R\000e\000f\000e\000r\000e\000n\000c\000e}{chapter.8}% 108
\BOOKMARK [1][-]{section.8.24}{\376\377\0008\000.\0002\0004\000\040\000h\000u\000r\000o\000n\000:\000:\000m\000u\000l\000t\000i\000b\000o\000d\000y\000:\000:\000i\000n\000t\000e\000r\000n\000a\000l\000:\000:\000P\000i\000n\000o\000c\000c\000h\000i\000o\000M\000o\000d\000e\000l\000I\000m\000p\000l\000:\000:\000I\000m\000p\000l\000\040\000S\000t\000r\000u\000c\000t\000\040\000R\000e\000f\000e\000r\000e\000n\000c\000e}{chapter.8}% 109
\BOOKMARK [1][-]{section.8.25}{\376\377\0008\000.\0002\0005\000\040\000h\000u\000r\000o\000n\000:\000:\000I\000n\000v\000a\000l\000i\000d\000C\000o\000n\000f\000i\000g\000u\000r\000a\000t\000i\000o\000n\000E\000x\000c\000e\000p\000t\000i\000o\000n\000\040\000C\000l\000a\000s\000s\000\040\000R\000e\000f\000e\000r\000e\000n\000c\000e}{chapter.8}% 110
\BOOKMARK [1][-]{section.8.26}{\376\377\0008\000.\0002\0006\000\040\000h\000u\000r\000o\000n\000:\000:\000J\000o\000i\000n\000t\000\040\000C\000l\000a\000s\000s\000\040\000R\000e\000f\000e\000r\000e\000n\000c\000e}{chapter.8}% 111
\BOOKMARK [2][-]{subsection.8.26.1}{\376\377\0008\000.\0002\0006\000.\0001\000\040\000C\000o\000n\000s\000t\000r\000u\000c\000t\000o\000r\000\040\000\046\000\040\000D\000e\000s\000t\000r\000u\000c\000t\000o\000r\000\040\000D\000o\000c\000u\000m\000e\000n\000t\000a\000t\000i\000o\000n}{section.8.26}% 112
\BOOKMARK [3][-]{subsubsection.8.26.1.1}{\376\377\0008\000.\0002\0006\000.\0001\000.\0001\000\040\000J\000o\000i\000n\000t\000\050\000\051}{subsection.8.26.1}% 113
\BOOKMARK [1][-]{section.8.27}{\376\377\0008\000.\0002\0007\000\040\000h\000u\000r\000o\000n\000:\000:\000m\000u\000l\000t\000i\000b\000o\000d\000y\000:\000:\000J\000o\000i\000n\000t\000D\000e\000s\000c\000r\000i\000p\000t\000i\000o\000n\000\040\000S\000t\000r\000u\000c\000t\000\040\000R\000e\000f\000e\000r\000e\000n\000c\000e}{chapter.8}% 114
\BOOKMARK [1][-]{section.8.28}{\376\377\0008\000.\0002\0008\000\040\000h\000u\000r\000o\000n\000:\000:\000r\000o\000s\0002\000:\000:\000J\000o\000i\000n\000t\000G\000r\000o\000u\000p\000C\000o\000n\000t\000r\000o\000l\000l\000e\000r\000\040\000C\000l\000a\000s\000s\000\040\000R\000e\000f\000e\000r\000e\000n\000c\000e}{chapter.8}% 115
\BOOKMARK [2][-]{subsection.8.28.1}{\376\377\0008\000.\0002\0008\000.\0001\000\040\000M\000e\000m\000b\000e\000r\000\040\000F\000u\000n\000c\000t\000i\000o\000n\000\040\000D\000o\000c\000u\000m\000e\000n\000t\000a\000t\000i\000o\000n}{section.8.28}% 116
\BOOKMARK [3][-]{subsubsection.8.28.1.1}{\376\377\0008\000.\0002\0008\000.\0001\000.\0001\000\040\000M\000o\000v\000e\000\050\000\051\000\040\000[\0001\000/\0002\000]}{subsection.8.28.1}% 117
\BOOKMARK [3][-]{subsubsection.8.28.1.2}{\376\377\0008\000.\0002\0008\000.\0001\000.\0002\000\040\000M\000o\000v\000e\000\050\000\051\000\040\000[\0002\000/\0002\000]}{subsection.8.28.1}% 118
\BOOKMARK [3][-]{subsubsection.8.28.1.3}{\376\377\0008\000.\0002\0008\000.\0001\000.\0003\000\040\000S\000t\000o\000p\000\050\000\051}{subsection.8.28.1}% 119
\BOOKMARK [1][-]{section.8.29}{\376\377\0008\000.\0002\0009\000\040\000h\000u\000r\000o\000n\000:\000:\000r\000o\000s\0002\000:\000:\000J\000o\000i\000n\000t\000S\000t\000a\000t\000e\000P\000r\000o\000v\000i\000d\000e\000r\000\040\000C\000l\000a\000s\000s\000\040\000R\000e\000f\000e\000r\000e\000n\000c\000e}{chapter.8}% 120
\BOOKMARK [2][-]{subsection.8.29.1}{\376\377\0008\000.\0002\0009\000.\0001\000\040\000M\000e\000m\000b\000e\000r\000\040\000F\000u\000n\000c\000t\000i\000o\000n\000\040\000D\000o\000c\000u\000m\000e\000n\000t\000a\000t\000i\000o\000n}{section.8.29}% 121
\BOOKMARK [3][-]{subsubsection.8.29.1.1}{\376\377\0008\000.\0002\0009\000.\0001\000.\0001\000\040\000G\000e\000t\000N\000e\000w\000S\000t\000a\000t\000e\000\050\000\051}{subsection.8.29.1}% 122
\BOOKMARK [3][-]{subsubsection.8.29.1.2}{\376\377\0008\000.\0002\0009\000.\0001\000.\0002\000\040\000R\000e\000q\000u\000e\000s\000t\000S\000t\000a\000t\000e\000U\000p\000d\000a\000t\000e\000\050\000\051}{subsection.8.29.1}% 123
\BOOKMARK [1][-]{section.8.30}{\376\377\0008\000.\0003\0000\000\040\000h\000u\000r\000o\000n\000:\000:\000L\000e\000g\000g\000e\000d\000R\000o\000b\000o\000t\000\040\000C\000l\000a\000s\000s\000\040\000R\000e\000f\000e\000r\000e\000n\000c\000e}{chapter.8}% 124
\BOOKMARK [2][-]{subsection.8.30.1}{\376\377\0008\000.\0003\0000\000.\0001\000\040\000M\000e\000m\000b\000e\000r\000\040\000F\000u\000n\000c\000t\000i\000o\000n\000\040\000D\000o\000c\000u\000m\000e\000n\000t\000a\000t\000i\000o\000n}{section.8.30}% 125
\BOOKMARK [3][-]{subsubsection.8.30.1.1}{\376\377\0008\000.\0003\0000\000.\0001\000.\0001\000\040\000E\000v\000a\000l\000Z\000e\000r\000o\000M\000o\000m\000e\000n\000t\000P\000o\000i\000n\000t\000\050\000\051}{subsection.8.30.1}% 126
\BOOKMARK [1][-]{section.8.31}{\376\377\0008\000.\0003\0001\000\040\000h\000u\000r\000o\000n\000:\000:\000L\000i\000m\000b\000\040\000C\000l\000a\000s\000s\000\040\000R\000e\000f\000e\000r\000e\000n\000c\000e}{chapter.8}% 127
\BOOKMARK [1][-]{section.8.32}{\376\377\0008\000.\0003\0002\000\040\000h\000u\000r\000o\000n\000:\000:\000m\000u\000l\000t\000i\000b\000o\000d\000y\000:\000:\000L\000o\000g\000i\000c\000a\000l\000F\000r\000a\000m\000e\000\040\000C\000l\000a\000s\000s\000\040\000R\000e\000f\000e\000r\000e\000n\000c\000e}{chapter.8}% 128
\BOOKMARK [2][-]{subsection.8.32.1}{\376\377\0008\000.\0003\0002\000.\0001\000\040\000D\000e\000t\000a\000i\000l\000e\000d\000\040\000D\000e\000s\000c\000r\000i\000p\000t\000i\000o\000n}{section.8.32}% 129
\BOOKMARK [2][-]{subsection.8.32.2}{\376\377\0008\000.\0003\0002\000.\0002\000\040\000M\000e\000m\000b\000e\000r\000\040\000F\000u\000n\000c\000t\000i\000o\000n\000\040\000D\000o\000c\000u\000m\000e\000n\000t\000a\000t\000i\000o\000n}{section.8.32}% 130
\BOOKMARK [3][-]{subsubsection.8.32.2.1}{\376\377\0008\000.\0003\0002\000.\0002\000.\0001\000\040\000G\000e\000t\000T\000r\000a\000n\000s\000f\000o\000r\000m\000F\000r\000o\000m\000F\000r\000a\000m\000e\000\050\000\051\000\040\000[\0001\000/\0002\000]}{subsection.8.32.2}% 131
\BOOKMARK [3][-]{subsubsection.8.32.2.2}{\376\377\0008\000.\0003\0002\000.\0002\000.\0002\000\040\000G\000e\000t\000T\000r\000a\000n\000s\000f\000o\000r\000m\000F\000r\000o\000m\000F\000r\000a\000m\000e\000\050\000\051\000\040\000[\0002\000/\0002\000]}{subsection.8.32.2}% 132
\BOOKMARK [3][-]{subsubsection.8.32.2.3}{\376\377\0008\000.\0003\0002\000.\0002\000.\0003\000\040\000G\000e\000t\000T\000r\000a\000n\000s\000f\000o\000r\000m\000I\000n\000W\000o\000r\000l\000d\000\050\000\051}{subsection.8.32.2}% 133
\BOOKMARK [3][-]{subsubsection.8.32.2.4}{\376\377\0008\000.\0003\0002\000.\0002\000.\0004\000\040\000G\000e\000t\000T\000r\000a\000n\000s\000f\000o\000r\000m\000T\000o\000F\000r\000a\000m\000e\000\050\000\051\000\040\000[\0001\000/\0002\000]}{subsection.8.32.2}% 134
\BOOKMARK [3][-]{subsubsection.8.32.2.5}{\376\377\0008\000.\0003\0002\000.\0002\000.\0005\000\040\000G\000e\000t\000T\000r\000a\000n\000s\000f\000o\000r\000m\000T\000o\000F\000r\000a\000m\000e\000\050\000\051\000\040\000[\0002\000/\0002\000]}{subsection.8.32.2}% 135
\BOOKMARK [1][-]{section.8.33}{\376\377\0008\000.\0003\0003\000\040\000h\000u\000r\000o\000n\000:\000:\000m\000u\000l\000t\000i\000b\000o\000d\000y\000:\000:\000M\000o\000d\000e\000l\000\040\000C\000l\000a\000s\000s\000\040\000R\000e\000f\000e\000r\000e\000n\000c\000e}{chapter.8}% 136
\BOOKMARK [2][-]{subsection.8.33.1}{\376\377\0008\000.\0003\0003\000.\0001\000\040\000M\000e\000m\000b\000e\000r\000\040\000F\000u\000n\000c\000t\000i\000o\000n\000\040\000D\000o\000c\000u\000m\000e\000n\000t\000a\000t\000i\000o\000n}{section.8.33}% 137
\BOOKMARK [3][-]{subsubsection.8.33.1.1}{\376\377\0008\000.\0003\0003\000.\0001\000.\0001\000\040\000A\000d\000d\000F\000r\000a\000m\000e\000\050\000\051}{subsection.8.33.1}% 138
\BOOKMARK [3][-]{subsubsection.8.33.1.2}{\376\377\0008\000.\0003\0003\000.\0001\000.\0002\000\040\000A\000d\000d\000J\000o\000i\000n\000t\000\050\000\051}{subsection.8.33.1}% 139
\BOOKMARK [3][-]{subsubsection.8.33.1.3}{\376\377\0008\000.\0003\0003\000.\0001\000.\0003\000\040\000A\000d\000d\000M\000o\000d\000e\000l\000I\000m\000p\000l\000\050\000\051}{subsection.8.33.1}% 140
\BOOKMARK [3][-]{subsubsection.8.33.1.4}{\376\377\0008\000.\0003\0003\000.\0001\000.\0004\000\040\000F\000i\000n\000a\000l\000i\000z\000e\000\050\000\051}{subsection.8.33.1}% 141
\BOOKMARK [3][-]{subsubsection.8.33.1.5}{\376\377\0008\000.\0003\0003\000.\0001\000.\0005\000\040\000G\000e\000t\000M\000o\000d\000e\000l\000I\000m\000p\000l\000\050\000\051}{subsection.8.33.1}% 142
\BOOKMARK [3][-]{subsubsection.8.33.1.6}{\376\377\0008\000.\0003\0003\000.\0001\000.\0006\000\040\000U\000p\000d\000a\000t\000e\000J\000o\000i\000n\000t\000S\000t\000a\000t\000e\000s\000\050\000\051}{subsection.8.33.1}% 143
\BOOKMARK [1][-]{section.8.34}{\376\377\0008\000.\0003\0004\000\040\000h\000u\000r\000o\000n\000:\000:\000m\000u\000l\000t\000i\000b\000o\000d\000y\000:\000:\000M\000o\000d\000e\000l\000C\000o\000m\000p\000o\000s\000i\000t\000e\000\040\000C\000l\000a\000s\000s\000\040\000R\000e\000f\000e\000r\000e\000n\000c\000e}{chapter.8}% 144
\BOOKMARK [1][-]{section.8.35}{\376\377\0008\000.\0003\0005\000\040\000h\000u\000r\000o\000n\000:\000:\000m\000u\000l\000t\000i\000b\000o\000d\000y\000:\000:\000i\000n\000t\000e\000r\000n\000a\000l\000:\000:\000M\000o\000d\000e\000l\000I\000m\000p\000l\000F\000a\000c\000t\000o\000r\000y\000\040\000C\000l\000a\000s\000s\000\040\000R\000e\000f\000e\000r\000e\000n\000c\000e}{chapter.8}% 145
\BOOKMARK [1][-]{section.8.36}{\376\377\0008\000.\0003\0006\000\040\000h\000u\000r\000o\000n\000:\000:\000m\000u\000l\000t\000i\000b\000o\000d\000y\000:\000:\000i\000n\000t\000e\000r\000n\000a\000l\000:\000:\000M\000o\000d\000e\000l\000I\000m\000p\000l\000I\000n\000t\000e\000r\000f\000a\000c\000e\000\040\000C\000l\000a\000s\000s\000\040\000R\000e\000f\000e\000r\000e\000n\000c\000e}{chapter.8}% 146
\BOOKMARK [2][-]{subsection.8.36.1}{\376\377\0008\000.\0003\0006\000.\0001\000\040\000M\000e\000m\000b\000e\000r\000\040\000F\000u\000n\000c\000t\000i\000o\000n\000\040\000D\000o\000c\000u\000m\000e\000n\000t\000a\000t\000i\000o\000n}{section.8.36}% 147
\BOOKMARK [3][-]{subsubsection.8.36.1.1}{\376\377\0008\000.\0003\0006\000.\0001\000.\0001\000\040\000G\000e\000t\000A\000c\000c\000e\000l\000e\000r\000a\000t\000i\000o\000n\000s\000\050\000\051}{subsection.8.36.1}% 148
\BOOKMARK [3][-]{subsubsection.8.36.1.2}{\376\377\0008\000.\0003\0006\000.\0001\000.\0002\000\040\000G\000e\000t\000C\000e\000n\000t\000r\000o\000i\000d\000a\000l\000M\000a\000t\000r\000i\000x\000\050\000\051}{subsection.8.36.1}% 149
\BOOKMARK [3][-]{subsubsection.8.36.1.3}{\376\377\0008\000.\0003\0006\000.\0001\000.\0003\000\040\000G\000e\000t\000C\000e\000n\000t\000r\000o\000i\000d\000a\000l\000M\000o\000m\000e\000n\000t\000u\000m\000\050\000\051}{subsection.8.36.1}% 150
\BOOKMARK [3][-]{subsubsection.8.36.1.4}{\376\377\0008\000.\0003\0006\000.\0001\000.\0004\000\040\000G\000e\000t\000C\000o\000r\000i\000o\000l\000i\000s\000M\000a\000t\000r\000i\000x\000\050\000\051}{subsection.8.36.1}% 151
\BOOKMARK [3][-]{subsubsection.8.36.1.5}{\376\377\0008\000.\0003\0006\000.\0001\000.\0005\000\040\000G\000e\000t\000G\000r\000a\000v\000i\000t\000y\000\050\000\051}{subsection.8.36.1}% 152
\BOOKMARK [3][-]{subsubsection.8.36.1.6}{\376\377\0008\000.\0003\0006\000.\0001\000.\0006\000\040\000G\000e\000t\000M\000a\000s\000s\000M\000a\000t\000r\000i\000x\000\050\000\051}{subsection.8.36.1}% 153
\BOOKMARK [3][-]{subsubsection.8.36.1.7}{\376\377\0008\000.\0003\0006\000.\0001\000.\0007\000\040\000G\000e\000t\000N\000o\000n\000l\000i\000n\000e\000a\000r\000E\000f\000f\000e\000c\000t\000s\000\050\000\051}{subsection.8.36.1}% 154
\BOOKMARK [3][-]{subsubsection.8.36.1.8}{\376\377\0008\000.\0003\0006\000.\0001\000.\0008\000\040\000G\000e\000t\000S\000p\000a\000t\000i\000a\000l\000M\000o\000m\000e\000n\000t\000u\000m\000\050\000\051}{subsection.8.36.1}% 155
\BOOKMARK [3][-]{subsubsection.8.36.1.9}{\376\377\0008\000.\0003\0006\000.\0001\000.\0009\000\040\000G\000e\000t\000T\000o\000r\000q\000u\000e\000s\000\050\000\051}{subsection.8.36.1}% 156
\BOOKMARK [1][-]{section.8.37}{\376\377\0008\000.\0003\0007\000\040\000h\000u\000r\000o\000n\000:\000:\000M\000o\000t\000o\000r\000\040\000C\000l\000a\000s\000s\000\040\000R\000e\000f\000e\000r\000e\000n\000c\000e}{chapter.8}% 157
\BOOKMARK [1][-]{section.8.38}{\376\377\0008\000.\0003\0008\000\040\000h\000u\000r\000o\000n\000:\000:\000M\000o\000t\000o\000r\000C\000o\000n\000f\000i\000g\000u\000r\000a\000t\000i\000o\000n\000\040\000C\000l\000a\000s\000s\000\040\000R\000e\000f\000e\000r\000e\000n\000c\000e}{chapter.8}% 158
\BOOKMARK [1][-]{section.8.39}{\376\377\0008\000.\0003\0009\000\040\000h\000u\000r\000o\000n\000:\000:\000M\000o\000v\000i\000n\000g\000G\000r\000o\000u\000p\000\040\000C\000l\000a\000s\000s\000\040\000R\000e\000f\000e\000r\000e\000n\000c\000e}{chapter.8}% 159
\BOOKMARK [2][-]{subsection.8.39.1}{\376\377\0008\000.\0003\0009\000.\0001\000\040\000M\000e\000m\000b\000e\000r\000\040\000F\000u\000n\000c\000t\000i\000o\000n\000\040\000D\000o\000c\000u\000m\000e\000n\000t\000a\000t\000i\000o\000n}{section.8.39}% 160
\BOOKMARK [3][-]{subsubsection.8.39.1.1}{\376\377\0008\000.\0003\0009\000.\0001\000.\0001\000\040\000M\000o\000v\000e\000\050\000\051\000\040\000[\0001\000/\0002\000]}{subsection.8.39.1}% 161
\BOOKMARK [3][-]{subsubsection.8.39.1.2}{\376\377\0008\000.\0003\0009\000.\0001\000.\0002\000\040\000M\000o\000v\000e\000\050\000\051\000\040\000[\0002\000/\0002\000]}{subsection.8.39.1}% 162
\BOOKMARK [3][-]{subsubsection.8.39.1.3}{\376\377\0008\000.\0003\0009\000.\0001\000.\0003\000\040\000S\000t\000o\000p\000\050\000\051}{subsection.8.39.1}% 163
\BOOKMARK [1][-]{section.8.40}{\376\377\0008\000.\0004\0000\000\040\000h\000u\000r\000o\000n\000:\000:\000M\000o\000v\000i\000n\000g\000I\000n\000t\000e\000r\000f\000a\000c\000e\000\040\000C\000l\000a\000s\000s\000\040\000R\000e\000f\000e\000r\000e\000n\000c\000e}{chapter.8}% 164
\BOOKMARK [2][-]{subsection.8.40.1}{\376\377\0008\000.\0004\0000\000.\0001\000\040\000D\000e\000t\000a\000i\000l\000e\000d\000\040\000D\000e\000s\000c\000r\000i\000p\000t\000i\000o\000n}{section.8.40}% 165
\BOOKMARK [2][-]{subsection.8.40.2}{\376\377\0008\000.\0004\0000\000.\0002\000\040\000M\000e\000m\000b\000e\000r\000\040\000F\000u\000n\000c\000t\000i\000o\000n\000\040\000D\000o\000c\000u\000m\000e\000n\000t\000a\000t\000i\000o\000n}{section.8.40}% 166
\BOOKMARK [3][-]{subsubsection.8.40.2.1}{\376\377\0008\000.\0004\0000\000.\0002\000.\0001\000\040\000M\000o\000v\000e\000\050\000\051}{subsection.8.40.2}% 167
\BOOKMARK [3][-]{subsubsection.8.40.2.2}{\376\377\0008\000.\0004\0000\000.\0002\000.\0002\000\040\000S\000t\000o\000p\000\050\000\051}{subsection.8.40.2}% 168
\BOOKMARK [1][-]{section.8.41}{\376\377\0008\000.\0004\0001\000\040\000h\000u\000r\000o\000n\000:\000:\000d\000r\000i\000v\000e\000r\000:\000:\000c\000a\000n\000:\000:\000M\000s\000g\000I\000d\000F\000i\000l\000t\000e\000r\000S\000p\000e\000c\000s\000\040\000S\000t\000r\000u\000c\000t\000\040\000R\000e\000f\000e\000r\000e\000n\000c\000e}{chapter.8}% 169
\BOOKMARK [1][-]{section.8.42}{\376\377\0008\000.\0004\0002\000\040\000h\000u\000r\000o\000n\000:\000:\000N\000o\000t\000I\000m\000p\000l\000e\000m\000e\000n\000t\000e\000d\000E\000x\000c\000e\000p\000t\000i\000o\000n\000\040\000C\000l\000a\000s\000s\000\040\000R\000e\000f\000e\000r\000e\000n\000c\000e}{chapter.8}% 170
\BOOKMARK [1][-]{section.8.43}{\376\377\0008\000.\0004\0003\000\040\000h\000u\000r\000o\000n\000:\000:\000o\000d\000r\000i\000v\000e\000:\000:\000O\000D\000r\000i\000v\000e\000\040\000C\000l\000a\000s\000s\000\040\000R\000e\000f\000e\000r\000e\000n\000c\000e}{chapter.8}% 171
\BOOKMARK [2][-]{subsection.8.43.1}{\376\377\0008\000.\0004\0003\000.\0001\000\040\000D\000e\000t\000a\000i\000l\000e\000d\000\040\000D\000e\000s\000c\000r\000i\000p\000t\000i\000o\000n}{section.8.43}% 172
\BOOKMARK [2][-]{subsection.8.43.2}{\376\377\0008\000.\0004\0003\000.\0002\000\040\000M\000e\000m\000b\000e\000r\000\040\000F\000u\000n\000c\000t\000i\000o\000n\000\040\000D\000o\000c\000u\000m\000e\000n\000t\000a\000t\000i\000o\000n}{section.8.43}% 173
\BOOKMARK [3][-]{subsubsection.8.43.2.1}{\376\377\0008\000.\0004\0003\000.\0002\000.\0001\000\040\000C\000a\000l\000i\000b\000r\000a\000t\000e\000\050\000\051}{subsection.8.43.2}% 174
\BOOKMARK [3][-]{subsubsection.8.43.2.2}{\376\377\0008\000.\0004\0003\000.\0002\000.\0002\000\040\000C\000o\000n\000f\000i\000g\000u\000r\000e\000K\000e\000y\000\050\000\051}{subsection.8.43.2}% 175
\BOOKMARK [3][-]{subsubsection.8.43.2.3}{\376\377\0008\000.\0004\0003\000.\0002\000.\0003\000\040\000I\000n\000i\000t\000i\000a\000l\000i\000z\000e\000\050\000\051}{subsection.8.43.2}% 176
\BOOKMARK [1][-]{section.8.44}{\376\377\0008\000.\0004\0004\000\040\000h\000u\000r\000o\000n\000:\000:\000o\000d\000r\000i\000v\000e\000:\000:\000O\000D\000r\000i\000v\000e\000C\000A\000N\000\040\000C\000l\000a\000s\000s\000\040\000R\000e\000f\000e\000r\000e\000n\000c\000e}{chapter.8}% 177
\BOOKMARK [2][-]{subsection.8.44.1}{\376\377\0008\000.\0004\0004\000.\0001\000\040\000C\000o\000n\000s\000t\000r\000u\000c\000t\000o\000r\000\040\000\046\000\040\000D\000e\000s\000t\000r\000u\000c\000t\000o\000r\000\040\000D\000o\000c\000u\000m\000e\000n\000t\000a\000t\000i\000o\000n}{section.8.44}% 178
\BOOKMARK [3][-]{subsubsection.8.44.1.1}{\376\377\0008\000.\0004\0004\000.\0001\000.\0001\000\040\000O\000D\000r\000i\000v\000e\000C\000A\000N\000\050\000\051}{subsection.8.44.1}% 179
\BOOKMARK [2][-]{subsection.8.44.2}{\376\377\0008\000.\0004\0004\000.\0002\000\040\000M\000e\000m\000b\000e\000r\000\040\000F\000u\000n\000c\000t\000i\000o\000n\000\040\000D\000o\000c\000u\000m\000e\000n\000t\000a\000t\000i\000o\000n}{section.8.44}% 180
\BOOKMARK [3][-]{subsubsection.8.44.2.1}{\376\377\0008\000.\0004\0004\000.\0002\000.\0001\000\040\000C\000l\000e\000a\000r\000E\000r\000r\000o\000r\000s\000\050\000\051}{subsection.8.44.2}% 181
\BOOKMARK [3][-]{subsubsection.8.44.2.2}{\376\377\0008\000.\0004\0004\000.\0002\000.\0002\000\040\000E\000s\000t\000o\000p\000\050\000\051}{subsection.8.44.2}% 182
\BOOKMARK [3][-]{subsubsection.8.44.2.3}{\376\377\0008\000.\0004\0004\000.\0002\000.\0003\000\040\000G\000e\000t\000A\000d\000c\000V\000o\000l\000t\000a\000g\000e\000\050\000\051}{subsection.8.44.2}% 183
\BOOKMARK [3][-]{subsubsection.8.44.2.4}{\376\377\0008\000.\0004\0004\000.\0002\000.\0004\000\040\000G\000e\000t\000B\000u\000s\000V\000o\000l\000t\000a\000g\000e\000C\000u\000r\000r\000e\000n\000t\000\050\000\051}{subsection.8.44.2}% 184
\BOOKMARK [3][-]{subsubsection.8.44.2.5}{\376\377\0008\000.\0004\0004\000.\0002\000.\0005\000\040\000G\000e\000t\000C\000o\000n\000t\000r\000o\000l\000l\000e\000r\000E\000r\000r\000o\000r\000\050\000\051}{subsection.8.44.2}% 185
\BOOKMARK [3][-]{subsubsection.8.44.2.6}{\376\377\0008\000.\0004\0004\000.\0002\000.\0006\000\040\000G\000e\000t\000E\000n\000c\000o\000d\000e\000r\000C\000o\000u\000n\000t\000\050\000\051}{subsection.8.44.2}% 186
\BOOKMARK [3][-]{subsubsection.8.44.2.7}{\376\377\0008\000.\0004\0004\000.\0002\000.\0007\000\040\000G\000e\000t\000E\000n\000c\000o\000d\000e\000r\000E\000r\000r\000o\000r\000\050\000\051}{subsection.8.44.2}% 187
\BOOKMARK [3][-]{subsubsection.8.44.2.8}{\376\377\0008\000.\0004\0004\000.\0002\000.\0008\000\040\000G\000e\000t\000E\000n\000c\000o\000d\000e\000r\000E\000s\000t\000i\000m\000a\000t\000e\000s\000\050\000\051}{subsection.8.44.2}% 188
\BOOKMARK [3][-]{subsubsection.8.44.2.9}{\376\377\0008\000.\0004\0004\000.\0002\000.\0009\000\040\000G\000e\000t\000I\000q\000\050\000\051}{subsection.8.44.2}% 189
\BOOKMARK [3][-]{subsubsection.8.44.2.10}{\376\377\0008\000.\0004\0004\000.\0002\000.\0001\0000\000\040\000G\000e\000t\000M\000o\000t\000o\000r\000E\000r\000r\000o\000r\000\050\000\051}{subsection.8.44.2}% 190
\BOOKMARK [3][-]{subsubsection.8.44.2.11}{\376\377\0008\000.\0004\0004\000.\0002\000.\0001\0001\000\040\000G\000e\000t\000S\000e\000n\000s\000o\000r\000l\000e\000s\000s\000E\000r\000r\000o\000r\000\050\000\051}{subsection.8.44.2}% 191
\BOOKMARK [3][-]{subsubsection.8.44.2.12}{\376\377\0008\000.\0004\0004\000.\0002\000.\0001\0002\000\040\000G\000e\000t\000S\000e\000n\000s\000o\000r\000l\000e\000s\000s\000E\000s\000t\000i\000m\000a\000t\000e\000s\000\050\000\051}{subsection.8.44.2}% 192
\BOOKMARK [3][-]{subsubsection.8.44.2.13}{\376\377\0008\000.\0004\0004\000.\0002\000.\0001\0003\000\040\000N\000m\000t\000\050\000\051}{subsection.8.44.2}% 193
\BOOKMARK [3][-]{subsubsection.8.44.2.14}{\376\377\0008\000.\0004\0004\000.\0002\000.\0001\0004\000\040\000S\000e\000t\000A\000x\000i\000s\000N\000o\000d\000e\000i\000d\000\050\000\051}{subsection.8.44.2}% 194
\BOOKMARK [3][-]{subsubsection.8.44.2.15}{\376\377\0008\000.\0004\0004\000.\0002\000.\0001\0005\000\040\000S\000e\000t\000A\000x\000i\000s\000R\000e\000q\000u\000e\000s\000t\000e\000d\000S\000t\000a\000t\000e\000\050\000\051}{subsection.8.44.2}% 195
\BOOKMARK [3][-]{subsubsection.8.44.2.16}{\376\377\0008\000.\0004\0004\000.\0002\000.\0001\0006\000\040\000S\000e\000t\000A\000x\000i\000s\000S\000t\000a\000r\000t\000u\000p\000C\000o\000n\000f\000i\000g\000\050\000\051}{subsection.8.44.2}% 196
\BOOKMARK [3][-]{subsubsection.8.44.2.17}{\376\377\0008\000.\0004\0004\000.\0002\000.\0001\0007\000\040\000S\000e\000t\000C\000o\000n\000t\000r\000o\000l\000l\000e\000r\000M\000o\000d\000e\000s\000\050\000\051}{subsection.8.44.2}% 197
\BOOKMARK [3][-]{subsubsection.8.44.2.18}{\376\377\0008\000.\0004\0004\000.\0002\000.\0001\0008\000\040\000S\000e\000t\000I\000n\000p\000u\000t\000P\000o\000s\000\050\000\051}{subsection.8.44.2}% 198
\BOOKMARK [3][-]{subsubsection.8.44.2.19}{\376\377\0008\000.\0004\0004\000.\0002\000.\0001\0009\000\040\000S\000e\000t\000I\000n\000p\000u\000t\000T\000o\000r\000q\000u\000e\000\050\000\051}{subsection.8.44.2}% 199
\BOOKMARK [3][-]{subsubsection.8.44.2.20}{\376\377\0008\000.\0004\0004\000.\0002\000.\0002\0000\000\040\000S\000e\000t\000I\000n\000p\000u\000t\000V\000e\000l\000\050\000\051}{subsection.8.44.2}% 200
\BOOKMARK [3][-]{subsubsection.8.44.2.21}{\376\377\0008\000.\0004\0004\000.\0002\000.\0002\0001\000\040\000S\000e\000t\000L\000i\000m\000i\000t\000s\000\050\000\051}{subsection.8.44.2}% 201
\BOOKMARK [3][-]{subsubsection.8.44.2.22}{\376\377\0008\000.\0004\0004\000.\0002\000.\0002\0002\000\040\000S\000e\000t\000L\000i\000n\000e\000a\000r\000C\000o\000u\000n\000t\000\050\000\051}{subsection.8.44.2}% 202
\BOOKMARK [3][-]{subsubsection.8.44.2.23}{\376\377\0008\000.\0004\0004\000.\0002\000.\0002\0003\000\040\000S\000e\000t\000P\000o\000s\000G\000a\000i\000n\000\050\000\051}{subsection.8.44.2}% 203
\BOOKMARK [3][-]{subsubsection.8.44.2.24}{\376\377\0008\000.\0004\0004\000.\0002\000.\0002\0004\000\040\000S\000e\000t\000T\000r\000a\000j\000A\000c\000c\000e\000l\000L\000i\000m\000i\000t\000s\000\050\000\051}{subsection.8.44.2}% 204
\BOOKMARK [3][-]{subsubsection.8.44.2.25}{\376\377\0008\000.\0004\0004\000.\0002\000.\0002\0005\000\040\000S\000e\000t\000T\000r\000a\000j\000I\000n\000e\000r\000t\000i\000a\000\050\000\051}{subsection.8.44.2}% 205
\BOOKMARK [3][-]{subsubsection.8.44.2.26}{\376\377\0008\000.\0004\0004\000.\0002\000.\0002\0006\000\040\000S\000e\000t\000T\000r\000a\000j\000V\000e\000l\000L\000i\000m\000i\000t\000\050\000\051}{subsection.8.44.2}% 206
\BOOKMARK [3][-]{subsubsection.8.44.2.27}{\376\377\0008\000.\0004\0004\000.\0002\000.\0002\0007\000\040\000S\000e\000t\000U\000p\000\050\000\051}{subsection.8.44.2}% 207
\BOOKMARK [3][-]{subsubsection.8.44.2.28}{\376\377\0008\000.\0004\0004\000.\0002\000.\0002\0008\000\040\000S\000e\000t\000V\000e\000l\000G\000a\000i\000n\000s\000\050\000\051}{subsection.8.44.2}% 208
\BOOKMARK [3][-]{subsubsection.8.44.2.29}{\376\377\0008\000.\0004\0004\000.\0002\000.\0002\0009\000\040\000S\000t\000a\000r\000t\000A\000n\000t\000i\000c\000o\000g\000g\000i\000n\000g\000\050\000\051}{subsection.8.44.2}% 209
\BOOKMARK [3][-]{subsubsection.8.44.2.30}{\376\377\0008\000.\0004\0004\000.\0002\000.\0003\0000\000\040\000T\000e\000r\000m\000i\000n\000a\000t\000e\000\050\000\051}{subsection.8.44.2}% 210
\BOOKMARK [1][-]{section.8.45}{\376\377\0008\000.\0004\0005\000\040\000h\000u\000r\000o\000n\000:\000:\000o\000d\000r\000i\000v\000e\000:\000:\000O\000D\000r\000i\000v\000e\000:\000:\000O\000D\000r\000i\000v\000e\000C\000o\000n\000f\000i\000g\000u\000r\000a\000t\000i\000o\000n\000\040\000C\000l\000a\000s\000s\000\040\000R\000e\000f\000e\000r\000e\000n\000c\000e}{chapter.8}% 211
\BOOKMARK [2][-]{subsection.8.45.1}{\376\377\0008\000.\0004\0005\000.\0001\000\040\000C\000o\000n\000s\000t\000r\000u\000c\000t\000o\000r\000\040\000\046\000\040\000D\000e\000s\000t\000r\000u\000c\000t\000o\000r\000\040\000D\000o\000c\000u\000m\000e\000n\000t\000a\000t\000i\000o\000n}{section.8.45}% 212
\BOOKMARK [3][-]{subsubsection.8.45.1.1}{\376\377\0008\000.\0004\0005\000.\0001\000.\0001\000\040\000O\000D\000r\000i\000v\000e\000C\000o\000n\000f\000i\000g\000u\000r\000a\000t\000i\000o\000n\000\050\000\051\000\040\000[\0001\000/\0002\000]}{subsection.8.45.1}% 213
\BOOKMARK [3][-]{subsubsection.8.45.1.2}{\376\377\0008\000.\0004\0005\000.\0001\000.\0002\000\040\000O\000D\000r\000i\000v\000e\000C\000o\000n\000f\000i\000g\000u\000r\000a\000t\000i\000o\000n\000\050\000\051\000\040\000[\0002\000/\0002\000]}{subsection.8.45.1}% 214
\BOOKMARK [1][-]{section.8.46}{\376\377\0008\000.\0004\0006\000\040\000h\000u\000r\000o\000n\000:\000:\000o\000d\000r\000i\000v\000e\000:\000:\000O\000D\000r\000i\000v\000e\000E\000n\000c\000o\000d\000e\000r\000\040\000C\000l\000a\000s\000s\000\040\000R\000e\000f\000e\000r\000e\000n\000c\000e}{chapter.8}% 215
\BOOKMARK [2][-]{subsection.8.46.1}{\376\377\0008\000.\0004\0006\000.\0001\000\040\000M\000e\000m\000b\000e\000r\000\040\000F\000u\000n\000c\000t\000i\000o\000n\000\040\000D\000o\000c\000u\000m\000e\000n\000t\000a\000t\000i\000o\000n}{section.8.46}% 216
\BOOKMARK [3][-]{subsubsection.8.46.1.1}{\376\377\0008\000.\0004\0006\000.\0001\000.\0001\000\040\000D\000o\000U\000p\000d\000a\000t\000e\000S\000t\000a\000t\000e\000\050\000\051}{subsection.8.46.1}% 217
\BOOKMARK [3][-]{subsubsection.8.46.1.2}{\376\377\0008\000.\0004\0006\000.\0001\000.\0002\000\040\000I\000n\000i\000t\000i\000a\000l\000i\000z\000e\000\050\000\051}{subsection.8.46.1}% 218
\BOOKMARK [3][-]{subsubsection.8.46.1.3}{\376\377\0008\000.\0004\0006\000.\0001\000.\0003\000\040\000S\000e\000t\000U\000p\000\050\000\051}{subsection.8.46.1}% 219
\BOOKMARK [3][-]{subsubsection.8.46.1.4}{\376\377\0008\000.\0004\0006\000.\0001\000.\0004\000\040\000T\000e\000r\000m\000i\000n\000a\000t\000e\000\050\000\051}{subsection.8.46.1}% 220
\BOOKMARK [1][-]{section.8.47}{\376\377\0008\000.\0004\0007\000\040\000h\000u\000r\000o\000n\000:\000:\000m\000u\000l\000t\000i\000b\000o\000d\000y\000:\000:\000i\000n\000t\000e\000r\000n\000a\000l\000:\000:\000P\000i\000n\000o\000c\000c\000h\000i\000o\000M\000o\000d\000e\000l\000I\000m\000p\000l\000\040\000C\000l\000a\000s\000s\000\040\000R\000e\000f\000e\000r\000e\000n\000c\000e}{chapter.8}% 221
\BOOKMARK [2][-]{subsection.8.47.1}{\376\377\0008\000.\0004\0007\000.\0001\000\040\000M\000e\000m\000b\000e\000r\000\040\000F\000u\000n\000c\000t\000i\000o\000n\000\040\000D\000o\000c\000u\000m\000e\000n\000t\000a\000t\000i\000o\000n}{section.8.47}% 222
\BOOKMARK [3][-]{subsubsection.8.47.1.1}{\376\377\0008\000.\0004\0007\000.\0001\000.\0001\000\040\000B\000u\000i\000l\000d\000F\000r\000o\000m\000U\000r\000d\000f\000\050\000\051}{subsection.8.47.1}% 223
\BOOKMARK [3][-]{subsubsection.8.47.1.2}{\376\377\0008\000.\0004\0007\000.\0001\000.\0002\000\040\000C\000o\000m\000p\000u\000t\000e\000A\000l\000l\000\050\000\051}{subsection.8.47.1}% 224
\BOOKMARK [3][-]{subsubsection.8.47.1.3}{\376\377\0008\000.\0004\0007\000.\0001\000.\0003\000\040\000E\000v\000a\000l\000C\000e\000n\000t\000e\000r\000O\000f\000M\000a\000s\000s\000P\000o\000s\000i\000t\000i\000o\000n\000\050\000\051}{subsection.8.47.1}% 225
\BOOKMARK [3][-]{subsubsection.8.47.1.4}{\376\377\0008\000.\0004\0007\000.\0001\000.\0004\000\040\000F\000o\000r\000w\000a\000r\000d\000K\000i\000n\000e\000m\000a\000t\000i\000c\000s\000\050\000\051\000\040\000[\0001\000/\0003\000]}{subsection.8.47.1}% 226
\BOOKMARK [3][-]{subsubsection.8.47.1.5}{\376\377\0008\000.\0004\0007\000.\0001\000.\0005\000\040\000F\000o\000r\000w\000a\000r\000d\000K\000i\000n\000e\000m\000a\000t\000i\000c\000s\000\050\000\051\000\040\000[\0002\000/\0003\000]}{subsection.8.47.1}% 227
\BOOKMARK [3][-]{subsubsection.8.47.1.6}{\376\377\0008\000.\0004\0007\000.\0001\000.\0006\000\040\000F\000o\000r\000w\000a\000r\000d\000K\000i\000n\000e\000m\000a\000t\000i\000c\000s\000\050\000\051\000\040\000[\0003\000/\0003\000]}{subsection.8.47.1}% 228
\BOOKMARK [3][-]{subsubsection.8.47.1.7}{\376\377\0008\000.\0004\0007\000.\0001\000.\0007\000\040\000G\000e\000t\000A\000c\000c\000e\000l\000e\000r\000a\000t\000i\000o\000n\000s\000\050\000\051}{subsection.8.47.1}% 229
\BOOKMARK [3][-]{subsubsection.8.47.1.8}{\376\377\0008\000.\0004\0007\000.\0001\000.\0008\000\040\000G\000e\000t\000C\000e\000n\000t\000e\000r\000O\000f\000M\000a\000s\000s\000P\000o\000s\000i\000t\000i\000o\000n\000\050\000\051}{subsection.8.47.1}% 230
\BOOKMARK [3][-]{subsubsection.8.47.1.9}{\376\377\0008\000.\0004\0007\000.\0001\000.\0009\000\040\000G\000e\000t\000C\000e\000n\000t\000r\000o\000i\000d\000a\000l\000M\000a\000t\000r\000i\000x\000\050\000\051}{subsection.8.47.1}% 231
\BOOKMARK [3][-]{subsubsection.8.47.1.10}{\376\377\0008\000.\0004\0007\000.\0001\000.\0001\0000\000\040\000G\000e\000t\000C\000e\000n\000t\000r\000o\000i\000d\000a\000l\000M\000o\000m\000e\000n\000t\000u\000m\000\050\000\051}{subsection.8.47.1}% 232
\BOOKMARK [3][-]{subsubsection.8.47.1.11}{\376\377\0008\000.\0004\0007\000.\0001\000.\0001\0001\000\040\000G\000e\000t\000C\000o\000r\000i\000o\000l\000i\000s\000M\000a\000t\000r\000i\000x\000\050\000\051}{subsection.8.47.1}% 233
\BOOKMARK [3][-]{subsubsection.8.47.1.12}{\376\377\0008\000.\0004\0007\000.\0001\000.\0001\0002\000\040\000G\000e\000t\000F\000r\000a\000m\000e\000I\000n\000d\000e\000x\000\050\000\051}{subsection.8.47.1}% 234
\BOOKMARK [3][-]{subsubsection.8.47.1.13}{\376\377\0008\000.\0004\0007\000.\0001\000.\0001\0003\000\040\000G\000e\000t\000F\000r\000a\000m\000e\000N\000a\000m\000e\000\050\000\051}{subsection.8.47.1}% 235
\BOOKMARK [3][-]{subsubsection.8.47.1.14}{\376\377\0008\000.\0004\0007\000.\0001\000.\0001\0004\000\040\000G\000e\000t\000F\000r\000a\000m\000e\000T\000r\000a\000n\000s\000f\000o\000r\000m\000\050\000\051}{subsection.8.47.1}% 236
\BOOKMARK [3][-]{subsubsection.8.47.1.15}{\376\377\0008\000.\0004\0007\000.\0001\000.\0001\0005\000\040\000G\000e\000t\000F\000r\000a\000m\000e\000T\000r\000a\000n\000s\000f\000o\000r\000m\000I\000n\000W\000o\000r\000l\000d\000\050\000\051}{subsection.8.47.1}% 237
\BOOKMARK [3][-]{subsubsection.8.47.1.16}{\376\377\0008\000.\0004\0007\000.\0001\000.\0001\0006\000\040\000G\000e\000t\000F\000r\000a\000m\000e\000T\000y\000p\000e\000\050\000\051}{subsection.8.47.1}% 238
\BOOKMARK [3][-]{subsubsection.8.47.1.17}{\376\377\0008\000.\0004\0007\000.\0001\000.\0001\0007\000\040\000G\000e\000t\000G\000r\000a\000v\000i\000t\000y\000\050\000\051}{subsection.8.47.1}% 239
\BOOKMARK [3][-]{subsubsection.8.47.1.18}{\376\377\0008\000.\0004\0007\000.\0001\000.\0001\0008\000\040\000G\000e\000t\000J\000o\000i\000n\000t\000\050\000\051\000\040\000[\0001\000/\0002\000]}{subsection.8.47.1}% 240
\BOOKMARK [3][-]{subsubsection.8.47.1.19}{\376\377\0008\000.\0004\0007\000.\0001\000.\0001\0009\000\040\000G\000e\000t\000J\000o\000i\000n\000t\000\050\000\051\000\040\000[\0002\000/\0002\000]}{subsection.8.47.1}% 241
\BOOKMARK [3][-]{subsubsection.8.47.1.20}{\376\377\0008\000.\0004\0007\000.\0001\000.\0002\0000\000\040\000G\000e\000t\000J\000o\000i\000n\000t\000D\000e\000s\000c\000r\000i\000p\000t\000i\000o\000n\000\050\000\051\000\040\000[\0001\000/\0002\000]}{subsection.8.47.1}% 242
\BOOKMARK [3][-]{subsubsection.8.47.1.21}{\376\377\0008\000.\0004\0007\000.\0001\000.\0002\0001\000\040\000G\000e\000t\000J\000o\000i\000n\000t\000D\000e\000s\000c\000r\000i\000p\000t\000i\000o\000n\000\050\000\051\000\040\000[\0002\000/\0002\000]}{subsection.8.47.1}% 243
\BOOKMARK [3][-]{subsubsection.8.47.1.22}{\376\377\0008\000.\0004\0007\000.\0001\000.\0002\0002\000\040\000G\000e\000t\000J\000o\000i\000n\000t\000I\000n\000d\000e\000x\000\050\000\051}{subsection.8.47.1}% 244
\BOOKMARK [3][-]{subsubsection.8.47.1.23}{\376\377\0008\000.\0004\0007\000.\0001\000.\0002\0003\000\040\000G\000e\000t\000J\000o\000i\000n\000t\000N\000a\000m\000e\000s\000\050\000\051}{subsection.8.47.1}% 245
\BOOKMARK [3][-]{subsubsection.8.47.1.24}{\376\377\0008\000.\0004\0007\000.\0001\000.\0002\0004\000\040\000G\000e\000t\000J\000o\000i\000n\000t\000T\000r\000a\000n\000s\000f\000o\000r\000m\000I\000n\000W\000o\000r\000l\000d\000\050\000\051}{subsection.8.47.1}% 246
\BOOKMARK [3][-]{subsubsection.8.47.1.25}{\376\377\0008\000.\0004\0007\000.\0001\000.\0002\0005\000\040\000G\000e\000t\000J\000o\000i\000n\000t\000T\000y\000p\000e\000\050\000\051}{subsection.8.47.1}% 247
\BOOKMARK [3][-]{subsubsection.8.47.1.26}{\376\377\0008\000.\0004\0007\000.\0001\000.\0002\0006\000\040\000G\000e\000t\000M\000a\000s\000s\000M\000a\000t\000r\000i\000x\000\050\000\051}{subsection.8.47.1}% 248
\BOOKMARK [3][-]{subsubsection.8.47.1.27}{\376\377\0008\000.\0004\0007\000.\0001\000.\0002\0007\000\040\000G\000e\000t\000N\000o\000n\000l\000i\000n\000e\000a\000r\000E\000f\000f\000e\000c\000t\000s\000\050\000\051}{subsection.8.47.1}% 249
\BOOKMARK [3][-]{subsubsection.8.47.1.28}{\376\377\0008\000.\0004\0007\000.\0001\000.\0002\0008\000\040\000G\000e\000t\000S\000p\000a\000t\000i\000a\000l\000M\000o\000m\000e\000n\000t\000u\000m\000\050\000\051}{subsection.8.47.1}% 250
\BOOKMARK [3][-]{subsubsection.8.47.1.29}{\376\377\0008\000.\0004\0007\000.\0001\000.\0002\0009\000\040\000G\000e\000t\000T\000o\000r\000q\000u\000e\000s\000\050\000\051}{subsection.8.47.1}% 251
\BOOKMARK [3][-]{subsubsection.8.47.1.30}{\376\377\0008\000.\0004\0007\000.\0001\000.\0003\0000\000\040\000i\000s\000\137\000b\000u\000i\000l\000t\000\050\000\051}{subsection.8.47.1}% 252
\BOOKMARK [3][-]{subsubsection.8.47.1.31}{\376\377\0008\000.\0004\0007\000.\0001\000.\0003\0001\000\040\000N\000e\000u\000t\000r\000a\000l\000C\000o\000n\000f\000i\000g\000u\000r\000a\000t\000i\000o\000n\000\050\000\051}{subsection.8.47.1}% 253
\BOOKMARK [3][-]{subsubsection.8.47.1.32}{\376\377\0008\000.\0004\0007\000.\0001\000.\0003\0002\000\040\000n\000u\000m\000\137\000f\000r\000a\000m\000e\000s\000\050\000\051}{subsection.8.47.1}% 254
\BOOKMARK [3][-]{subsubsection.8.47.1.33}{\376\377\0008\000.\0004\0007\000.\0001\000.\0003\0003\000\040\000n\000u\000m\000\137\000j\000o\000i\000n\000t\000s\000\050\000\051}{subsection.8.47.1}% 255
\BOOKMARK [3][-]{subsubsection.8.47.1.34}{\376\377\0008\000.\0004\0007\000.\0001\000.\0003\0004\000\040\000n\000u\000m\000\137\000p\000o\000s\000i\000t\000i\000o\000n\000s\000\050\000\051}{subsection.8.47.1}% 256
\BOOKMARK [3][-]{subsubsection.8.47.1.35}{\376\377\0008\000.\0004\0007\000.\0001\000.\0003\0005\000\040\000n\000u\000m\000\137\000v\000e\000l\000o\000c\000i\000t\000i\000e\000s\000\050\000\051}{subsection.8.47.1}% 257
\BOOKMARK [1][-]{section.8.48}{\376\377\0008\000.\0004\0008\000\040\000h\000u\000r\000o\000n\000:\000:\000P\000o\000s\000i\000t\000i\000o\000n\000M\000o\000t\000o\000r\000\040\000C\000l\000a\000s\000s\000\040\000R\000e\000f\000e\000r\000e\000n\000c\000e}{chapter.8}% 258
\BOOKMARK [1][-]{section.8.49}{\376\377\0008\000.\0004\0009\000\040\000h\000u\000r\000o\000n\000:\000:\000P\000o\000s\000i\000t\000i\000o\000n\000M\000o\000t\000o\000r\000C\000o\000n\000f\000i\000g\000u\000r\000a\000t\000i\000o\000n\000\040\000C\000l\000a\000s\000s\000\040\000R\000e\000f\000e\000r\000e\000n\000c\000e}{chapter.8}% 259
\BOOKMARK [2][-]{subsection.8.49.1}{\376\377\0008\000.\0004\0009\000.\0001\000\040\000C\000o\000n\000s\000t\000r\000u\000c\000t\000o\000r\000\040\000\046\000\040\000D\000e\000s\000t\000r\000u\000c\000t\000o\000r\000\040\000D\000o\000c\000u\000m\000e\000n\000t\000a\000t\000i\000o\000n}{section.8.49}% 260
\BOOKMARK [3][-]{subsubsection.8.49.1.1}{\376\377\0008\000.\0004\0009\000.\0001\000.\0001\000\040\000P\000o\000s\000i\000t\000i\000o\000n\000M\000o\000t\000o\000r\000C\000o\000n\000f\000i\000g\000u\000r\000a\000t\000i\000o\000n\000\050\000\051}{subsection.8.49.1}% 261
\BOOKMARK [1][-]{section.8.50}{\376\377\0008\000.\0005\0000\000\040\000P\000u\000s\000h\000R\000e\000c\000o\000v\000e\000r\000y\000C\000o\000n\000t\000r\000o\000l\000\040\000C\000l\000a\000s\000s\000\040\000R\000e\000f\000e\000r\000e\000n\000c\000e}{chapter.8}% 262
\BOOKMARK [1][-]{section.8.51}{\376\377\0008\000.\0005\0001\000\040\000h\000u\000r\000o\000n\000:\000:\000R\000o\000b\000o\000t\000\040\000C\000l\000a\000s\000s\000\040\000R\000e\000f\000e\000r\000e\000n\000c\000e}{chapter.8}% 263
\BOOKMARK [2][-]{subsection.8.51.1}{\376\377\0008\000.\0005\0001\000.\0001\000\040\000M\000e\000m\000b\000e\000r\000\040\000F\000u\000n\000c\000t\000i\000o\000n\000\040\000D\000o\000c\000u\000m\000e\000n\000t\000a\000t\000i\000o\000n}{section.8.51}% 264
\BOOKMARK [3][-]{subsubsection.8.51.1.1}{\376\377\0008\000.\0005\0001\000.\0001\000.\0001\000\040\000U\000p\000d\000a\000t\000e\000A\000l\000l\000S\000t\000a\000t\000e\000s\000\050\000\051}{subsection.8.51.1}% 265
\BOOKMARK [3][-]{subsubsection.8.51.1.2}{\376\377\0008\000.\0005\0001\000.\0001\000.\0002\000\040\000U\000p\000d\000a\000t\000e\000J\000o\000i\000n\000t\000S\000t\000a\000t\000e\000s\000\050\000\051}{subsection.8.51.1}% 266
\BOOKMARK [1][-]{section.8.52}{\376\377\0008\000.\0005\0002\000\040\000h\000u\000r\000o\000n\000:\000:\000R\000o\000b\000o\000t\000C\000o\000n\000f\000i\000g\000u\000r\000a\000t\000i\000o\000n\000\040\000C\000l\000a\000s\000s\000\040\000R\000e\000f\000e\000r\000e\000n\000c\000e}{chapter.8}% 267
\BOOKMARK [1][-]{section.8.53}{\376\377\0008\000.\0005\0003\000\040\000h\000u\000r\000o\000n\000:\000:\000R\000o\000t\000a\000r\000y\000E\000n\000c\000o\000d\000e\000r\000\040\000C\000l\000a\000s\000s\000\040\000R\000e\000f\000e\000r\000e\000n\000c\000e}{chapter.8}% 268
\BOOKMARK [2][-]{subsection.8.53.1}{\376\377\0008\000.\0005\0003\000.\0001\000\040\000D\000e\000t\000a\000i\000l\000e\000d\000\040\000D\000e\000s\000c\000r\000i\000p\000t\000i\000o\000n}{section.8.53}% 269
\BOOKMARK [2][-]{subsection.8.53.2}{\376\377\0008\000.\0005\0003\000.\0002\000\040\000M\000e\000m\000b\000e\000r\000\040\000F\000u\000n\000c\000t\000i\000o\000n\000\040\000D\000o\000c\000u\000m\000e\000n\000t\000a\000t\000i\000o\000n}{section.8.53}% 270
\BOOKMARK [3][-]{subsubsection.8.53.2.1}{\376\377\0008\000.\0005\0003\000.\0002\000.\0001\000\040\000D\000o\000U\000p\000d\000a\000t\000e\000S\000t\000a\000t\000e\000\050\000\051}{subsection.8.53.2}% 271
\BOOKMARK [3][-]{subsubsection.8.53.2.2}{\376\377\0008\000.\0005\0003\000.\0002\000.\0002\000\040\000G\000e\000t\000A\000n\000g\000l\000e\000D\000e\000g\000r\000e\000e\000\050\000\051}{subsection.8.53.2}% 272
\BOOKMARK [3][-]{subsubsection.8.53.2.3}{\376\377\0008\000.\0005\0003\000.\0002\000.\0003\000\040\000G\000e\000t\000C\000o\000u\000n\000t\000\050\000\051}{subsection.8.53.2}% 273
\BOOKMARK [3][-]{subsubsection.8.53.2.4}{\376\377\0008\000.\0005\0003\000.\0002\000.\0004\000\040\000G\000e\000t\000C\000P\000R\000\050\000\051}{subsection.8.53.2}% 274
\BOOKMARK [3][-]{subsubsection.8.53.2.5}{\376\377\0008\000.\0005\0003\000.\0002\000.\0005\000\040\000G\000e\000t\000P\000o\000s\000i\000t\000i\000o\000n\000\050\000\051}{subsection.8.53.2}% 275
\BOOKMARK [3][-]{subsubsection.8.53.2.6}{\376\377\0008\000.\0005\0003\000.\0002\000.\0006\000\040\000G\000e\000t\000P\000r\000e\000v\000C\000o\000u\000n\000t\000\050\000\051}{subsection.8.53.2}% 276
\BOOKMARK [3][-]{subsubsection.8.53.2.7}{\376\377\0008\000.\0005\0003\000.\0002\000.\0007\000\040\000G\000e\000t\000V\000e\000l\000o\000c\000i\000t\000y\000\050\000\051}{subsection.8.53.2}% 277
\BOOKMARK [3][-]{subsubsection.8.53.2.8}{\376\377\0008\000.\0005\0003\000.\0002\000.\0008\000\040\000G\000e\000t\000V\000e\000l\000o\000c\000i\000t\000y\000C\000o\000u\000n\000t\000\050\000\051}{subsection.8.53.2}% 278
\BOOKMARK [3][-]{subsubsection.8.53.2.9}{\376\377\0008\000.\0005\0003\000.\0002\000.\0009\000\040\000G\000e\000t\000V\000e\000l\000o\000c\000i\000t\000y\000D\000e\000g\000r\000e\000e\000\050\000\051}{subsection.8.53.2}% 279
\BOOKMARK [3][-]{subsubsection.8.53.2.10}{\376\377\0008\000.\0005\0003\000.\0002\000.\0001\0000\000\040\000R\000e\000q\000u\000e\000s\000t\000S\000t\000a\000t\000e\000U\000p\000d\000a\000t\000e\000\050\000\051}{subsection.8.53.2}% 280
\BOOKMARK [3][-]{subsubsection.8.53.2.11}{\376\377\0008\000.\0005\0003\000.\0002\000.\0001\0001\000\040\000R\000e\000s\000e\000t\000\050\000\051}{subsection.8.53.2}% 281
\BOOKMARK [1][-]{section.8.54}{\376\377\0008\000.\0005\0004\000\040\000h\000u\000r\000o\000n\000:\000:\000R\000o\000t\000a\000r\000y\000E\000n\000c\000o\000d\000e\000r\000C\000o\000n\000f\000i\000g\000u\000r\000a\000t\000i\000o\000n\000\040\000C\000l\000a\000s\000s\000\040\000R\000e\000f\000e\000r\000e\000n\000c\000e}{chapter.8}% 282
\BOOKMARK [2][-]{subsection.8.54.1}{\376\377\0008\000.\0005\0004\000.\0001\000\040\000C\000o\000n\000s\000t\000r\000u\000c\000t\000o\000r\000\040\000\046\000\040\000D\000e\000s\000t\000r\000u\000c\000t\000o\000r\000\040\000D\000o\000c\000u\000m\000e\000n\000t\000a\000t\000i\000o\000n}{section.8.54}% 283
\BOOKMARK [3][-]{subsubsection.8.54.1.1}{\376\377\0008\000.\0005\0004\000.\0001\000.\0001\000\040\000R\000o\000t\000a\000r\000y\000E\000n\000c\000o\000d\000e\000r\000C\000o\000n\000f\000i\000g\000u\000r\000a\000t\000i\000o\000n\000\050\000\051}{subsection.8.54.1}% 284
\BOOKMARK [1][-]{section.8.55}{\376\377\0008\000.\0005\0005\000\040\000h\000u\000r\000o\000n\000:\000:\000S\000e\000n\000s\000o\000r\000\040\000C\000l\000a\000s\000s\000\040\000R\000e\000f\000e\000r\000e\000n\000c\000e}{chapter.8}% 285
\BOOKMARK [2][-]{subsection.8.55.1}{\376\377\0008\000.\0005\0005\000.\0001\000\040\000M\000e\000m\000b\000e\000r\000\040\000F\000u\000n\000c\000t\000i\000o\000n\000\040\000D\000o\000c\000u\000m\000e\000n\000t\000a\000t\000i\000o\000n}{section.8.55}% 286
\BOOKMARK [3][-]{subsubsection.8.55.1.1}{\376\377\0008\000.\0005\0005\000.\0001\000.\0001\000\040\000G\000e\000t\000V\000a\000l\000u\000e\000\050\000\051}{subsection.8.55.1}% 287
\BOOKMARK [1][-]{section.8.56}{\376\377\0008\000.\0005\0006\000\040\000h\000u\000r\000o\000n\000:\000:\000S\000e\000n\000s\000o\000r\000W\000i\000t\000h\000F\000r\000a\000m\000e\000\040\000C\000l\000a\000s\000s\000\040\000R\000e\000f\000e\000r\000e\000n\000c\000e}{chapter.8}% 288
\BOOKMARK [1][-]{section.8.57}{\376\377\0008\000.\0005\0007\000\040\000h\000u\000r\000o\000n\000:\000:\000d\000r\000i\000v\000e\000r\000:\000:\000s\000e\000r\000i\000a\000l\000:\000:\000S\000e\000r\000i\000a\000l\000\040\000C\000l\000a\000s\000s\000\040\000R\000e\000f\000e\000r\000e\000n\000c\000e}{chapter.8}% 289
\BOOKMARK [2][-]{subsection.8.57.1}{\376\377\0008\000.\0005\0007\000.\0001\000\040\000M\000e\000m\000b\000e\000r\000\040\000F\000u\000n\000c\000t\000i\000o\000n\000\040\000D\000o\000c\000u\000m\000e\000n\000t\000a\000t\000i\000o\000n}{section.8.57}% 290
\BOOKMARK [3][-]{subsubsection.8.57.1.1}{\376\377\0008\000.\0005\0007\000.\0001\000.\0001\000\040\000A\000v\000a\000i\000l\000a\000b\000l\000e\000\050\000\051}{subsection.8.57.1}% 291
\BOOKMARK [3][-]{subsubsection.8.57.1.2}{\376\377\0008\000.\0005\0007\000.\0001\000.\0002\000\040\000C\000l\000o\000s\000e\000\050\000\051}{subsection.8.57.1}% 292
\BOOKMARK [3][-]{subsubsection.8.57.1.3}{\376\377\0008\000.\0005\0007\000.\0001\000.\0003\000\040\000F\000l\000u\000s\000h\000\050\000\051}{subsection.8.57.1}% 293
\BOOKMARK [3][-]{subsubsection.8.57.1.4}{\376\377\0008\000.\0005\0007\000.\0001\000.\0004\000\040\000F\000l\000u\000s\000h\000I\000n\000p\000u\000t\000\050\000\051}{subsection.8.57.1}% 294
\BOOKMARK [3][-]{subsubsection.8.57.1.5}{\376\377\0008\000.\0005\0007\000.\0001\000.\0005\000\040\000F\000l\000u\000s\000h\000O\000u\000t\000p\000u\000t\000\050\000\051}{subsection.8.57.1}% 295
\BOOKMARK [3][-]{subsubsection.8.57.1.6}{\376\377\0008\000.\0005\0007\000.\0001\000.\0006\000\040\000G\000e\000t\000B\000a\000u\000d\000r\000a\000t\000e\000\050\000\051}{subsection.8.57.1}% 296
\BOOKMARK [3][-]{subsubsection.8.57.1.7}{\376\377\0008\000.\0005\0007\000.\0001\000.\0007\000\040\000G\000e\000t\000F\000l\000o\000w\000c\000o\000n\000t\000r\000o\000l\000\050\000\051}{subsection.8.57.1}% 297
\BOOKMARK [3][-]{subsubsection.8.57.1.8}{\376\377\0008\000.\0005\0007\000.\0001\000.\0008\000\040\000G\000e\000t\000P\000a\000r\000i\000t\000y\000\050\000\051}{subsection.8.57.1}% 298
\BOOKMARK [3][-]{subsubsection.8.57.1.9}{\376\377\0008\000.\0005\0007\000.\0001\000.\0009\000\040\000G\000e\000t\000P\000o\000r\000t\000\050\000\051}{subsection.8.57.1}% 299
\BOOKMARK [3][-]{subsubsection.8.57.1.10}{\376\377\0008\000.\0005\0007\000.\0001\000.\0001\0000\000\040\000G\000e\000t\000S\000t\000o\000p\000b\000i\000t\000s\000\050\000\051}{subsection.8.57.1}% 300
\BOOKMARK [3][-]{subsubsection.8.57.1.11}{\376\377\0008\000.\0005\0007\000.\0001\000.\0001\0001\000\040\000I\000s\000O\000p\000e\000n\000\050\000\051}{subsection.8.57.1}% 301
\BOOKMARK [3][-]{subsubsection.8.57.1.12}{\376\377\0008\000.\0005\0007\000.\0001\000.\0001\0002\000\040\000O\000p\000e\000n\000\050\000\051}{subsection.8.57.1}% 302
\BOOKMARK [3][-]{subsubsection.8.57.1.13}{\376\377\0008\000.\0005\0007\000.\0001\000.\0001\0003\000\040\000R\000e\000a\000d\000\050\000\051\000\040\000[\0001\000/\0004\000]}{subsection.8.57.1}% 303
\BOOKMARK [3][-]{subsubsection.8.57.1.14}{\376\377\0008\000.\0005\0007\000.\0001\000.\0001\0004\000\040\000R\000e\000a\000d\000\050\000\051\000\040\000[\0002\000/\0004\000]}{subsection.8.57.1}% 304
\BOOKMARK [3][-]{subsubsection.8.57.1.15}{\376\377\0008\000.\0005\0007\000.\0001\000.\0001\0005\000\040\000R\000e\000a\000d\000\050\000\051\000\040\000[\0003\000/\0004\000]}{subsection.8.57.1}% 305
\BOOKMARK [3][-]{subsubsection.8.57.1.16}{\376\377\0008\000.\0005\0007\000.\0001\000.\0001\0006\000\040\000R\000e\000a\000d\000\050\000\051\000\040\000[\0004\000/\0004\000]}{subsection.8.57.1}% 306
\BOOKMARK [3][-]{subsubsection.8.57.1.17}{\376\377\0008\000.\0005\0007\000.\0001\000.\0001\0007\000\040\000R\000e\000a\000d\000L\000i\000n\000e\000\050\000\051\000\040\000[\0001\000/\0002\000]}{subsection.8.57.1}% 307
\BOOKMARK [3][-]{subsubsection.8.57.1.18}{\376\377\0008\000.\0005\0007\000.\0001\000.\0001\0008\000\040\000R\000e\000a\000d\000L\000i\000n\000e\000\050\000\051\000\040\000[\0002\000/\0002\000]}{subsection.8.57.1}% 308
\BOOKMARK [3][-]{subsubsection.8.57.1.19}{\376\377\0008\000.\0005\0007\000.\0001\000.\0001\0009\000\040\000R\000e\000a\000d\000L\000i\000n\000e\000s\000\050\000\051}{subsection.8.57.1}% 309
\BOOKMARK [3][-]{subsubsection.8.57.1.20}{\376\377\0008\000.\0005\0007\000.\0001\000.\0002\0000\000\040\000S\000e\000n\000d\000B\000r\000e\000a\000k\000\050\000\051}{subsection.8.57.1}% 310
\BOOKMARK [3][-]{subsubsection.8.57.1.21}{\376\377\0008\000.\0005\0007\000.\0001\000.\0002\0001\000\040\000S\000e\000t\000B\000a\000u\000d\000r\000a\000t\000e\000\050\000\051}{subsection.8.57.1}% 311
\BOOKMARK [3][-]{subsubsection.8.57.1.22}{\376\377\0008\000.\0005\0007\000.\0001\000.\0002\0002\000\040\000S\000e\000t\000F\000l\000o\000w\000c\000o\000n\000t\000r\000o\000l\000\050\000\051}{subsection.8.57.1}% 312
\BOOKMARK [3][-]{subsubsection.8.57.1.23}{\376\377\0008\000.\0005\0007\000.\0001\000.\0002\0003\000\040\000S\000e\000t\000P\000a\000r\000i\000t\000y\000\050\000\051}{subsection.8.57.1}% 313
\BOOKMARK [3][-]{subsubsection.8.57.1.24}{\376\377\0008\000.\0005\0007\000.\0001\000.\0002\0004\000\040\000S\000e\000t\000P\000o\000r\000t\000\050\000\051}{subsection.8.57.1}% 314
\BOOKMARK [3][-]{subsubsection.8.57.1.25}{\376\377\0008\000.\0005\0007\000.\0001\000.\0002\0005\000\040\000S\000e\000t\000S\000t\000o\000p\000b\000i\000t\000s\000\050\000\051}{subsection.8.57.1}% 315
\BOOKMARK [3][-]{subsubsection.8.57.1.26}{\376\377\0008\000.\0005\0007\000.\0001\000.\0002\0006\000\040\000S\000e\000t\000T\000i\000m\000e\000o\000u\000t\000\050\000\051}{subsection.8.57.1}% 316
\BOOKMARK [3][-]{subsubsection.8.57.1.27}{\376\377\0008\000.\0005\0007\000.\0001\000.\0002\0007\000\040\000W\000a\000i\000t\000R\000e\000a\000d\000a\000b\000l\000e\000\050\000\051}{subsection.8.57.1}% 317
\BOOKMARK [3][-]{subsubsection.8.57.1.28}{\376\377\0008\000.\0005\0007\000.\0001\000.\0002\0008\000\040\000W\000r\000i\000t\000e\000\050\000\051\000\040\000[\0001\000/\0003\000]}{subsection.8.57.1}% 318
\BOOKMARK [3][-]{subsubsection.8.57.1.29}{\376\377\0008\000.\0005\0007\000.\0001\000.\0002\0009\000\040\000W\000r\000i\000t\000e\000\050\000\051\000\040\000[\0002\000/\0003\000]}{subsection.8.57.1}% 319
\BOOKMARK [3][-]{subsubsection.8.57.1.30}{\376\377\0008\000.\0005\0007\000.\0001\000.\0003\0000\000\040\000W\000r\000i\000t\000e\000\050\000\051\000\040\000[\0003\000/\0003\000]}{subsection.8.57.1}% 320
\BOOKMARK [1][-]{section.8.58}{\376\377\0008\000.\0005\0008\000\040\000h\000u\000r\000o\000n\000:\000:\000d\000r\000i\000v\000e\000r\000:\000:\000s\000e\000r\000i\000a\000l\000:\000:\000S\000e\000r\000i\000a\000l\000B\000a\000s\000e\000\040\000C\000l\000a\000s\000s\000\040\000R\000e\000f\000e\000r\000e\000n\000c\000e}{chapter.8}% 321
\BOOKMARK [1][-]{section.8.59}{\376\377\0008\000.\0005\0009\000\040\000h\000u\000r\000o\000n\000:\000:\000d\000r\000i\000v\000e\000r\000:\000:\000c\000a\000n\000:\000:\000S\000o\000c\000k\000e\000t\000C\000a\000n\000B\000u\000s\000\040\000C\000l\000a\000s\000s\000\040\000R\000e\000f\000e\000r\000e\000n\000c\000e}{chapter.8}% 322
\BOOKMARK [2][-]{subsection.8.59.1}{\376\377\0008\000.\0005\0009\000.\0001\000\040\000M\000e\000m\000b\000e\000r\000\040\000F\000u\000n\000c\000t\000i\000o\000n\000\040\000D\000o\000c\000u\000m\000e\000n\000t\000a\000t\000i\000o\000n}{section.8.59}% 323
\BOOKMARK [3][-]{subsubsection.8.59.1.1}{\376\377\0008\000.\0005\0009\000.\0001\000.\0001\000\040\000r\000e\000c\000v\000\137\000m\000e\000s\000s\000a\000g\000e\000\050\000\051}{subsection.8.59.1}% 324
\BOOKMARK [3][-]{subsubsection.8.59.1.2}{\376\377\0008\000.\0005\0009\000.\0001\000.\0002\000\040\000s\000e\000n\000d\000\137\000m\000e\000s\000s\000a\000g\000e\000\050\000\051}{subsection.8.59.1}% 325
\BOOKMARK [3][-]{subsubsection.8.59.1.3}{\376\377\0008\000.\0005\0009\000.\0001\000.\0003\000\040\000s\000u\000b\000s\000c\000r\000i\000b\000e\000\050\000\051}{subsection.8.59.1}% 326
\BOOKMARK [3][-]{subsubsection.8.59.1.4}{\376\377\0008\000.\0005\0009\000.\0001\000.\0004\000\040\000u\000n\000s\000u\000b\000s\000c\000r\000i\000b\000e\000\050\000\051}{subsection.8.59.1}% 327
\BOOKMARK [1][-]{section.8.60}{\376\377\0008\000.\0006\0000\000\040\000h\000u\000r\000o\000n\000:\000:\000S\000t\000a\000t\000e\000P\000r\000o\000v\000i\000d\000e\000r\000\040\000C\000l\000a\000s\000s\000\040\000R\000e\000f\000e\000r\000e\000n\000c\000e}{chapter.8}% 328
\BOOKMARK [1][-]{section.8.61}{\376\377\0008\000.\0006\0001\000\040\000h\000u\000r\000o\000n\000:\000:\000o\000d\000r\000i\000v\000e\000:\000:\000T\000o\000r\000q\000u\000e\000M\000o\000t\000o\000r\000\040\000C\000l\000a\000s\000s\000\040\000R\000e\000f\000e\000r\000e\000n\000c\000e}{chapter.8}% 329
\BOOKMARK [2][-]{subsection.8.61.1}{\376\377\0008\000.\0006\0001\000.\0001\000\040\000M\000e\000m\000b\000e\000r\000\040\000F\000u\000n\000c\000t\000i\000o\000n\000\040\000D\000o\000c\000u\000m\000e\000n\000t\000a\000t\000i\000o\000n}{section.8.61}% 330
\BOOKMARK [3][-]{subsubsection.8.61.1.1}{\376\377\0008\000.\0006\0001\000.\0001\000.\0001\000\040\000I\000n\000i\000t\000i\000a\000l\000i\000z\000e\000\050\000\051}{subsection.8.61.1}% 331
\BOOKMARK [3][-]{subsubsection.8.61.1.2}{\376\377\0008\000.\0006\0001\000.\0001\000.\0002\000\040\000M\000o\000v\000e\000\050\000\051\000\040\000[\0001\000/\0003\000]}{subsection.8.61.1}% 332
\BOOKMARK [3][-]{subsubsection.8.61.1.3}{\376\377\0008\000.\0006\0001\000.\0001\000.\0003\000\040\000M\000o\000v\000e\000\050\000\051\000\040\000[\0002\000/\0003\000]}{subsection.8.61.1}% 333
\BOOKMARK [3][-]{subsubsection.8.61.1.4}{\376\377\0008\000.\0006\0001\000.\0001\000.\0004\000\040\000M\000o\000v\000e\000\050\000\051\000\040\000[\0003\000/\0003\000]}{subsection.8.61.1}% 334
\BOOKMARK [3][-]{subsubsection.8.61.1.5}{\376\377\0008\000.\0006\0001\000.\0001\000.\0005\000\040\000S\000e\000t\000U\000p\000\050\000\051}{subsection.8.61.1}% 335
\BOOKMARK [3][-]{subsubsection.8.61.1.6}{\376\377\0008\000.\0006\0001\000.\0001\000.\0006\000\040\000S\000t\000o\000p\000\050\000\051}{subsection.8.61.1}% 336
\BOOKMARK [3][-]{subsubsection.8.61.1.7}{\376\377\0008\000.\0006\0001\000.\0001\000.\0007\000\040\000T\000e\000r\000m\000i\000n\000a\000t\000e\000\050\000\051}{subsection.8.61.1}% 337
\BOOKMARK [1][-]{section.8.62}{\376\377\0008\000.\0006\0002\000\040\000h\000u\000r\000o\000n\000:\000:\000T\000o\000r\000q\000u\000e\000M\000o\000t\000o\000r\000\040\000C\000l\000a\000s\000s\000\040\000R\000e\000f\000e\000r\000e\000n\000c\000e}{chapter.8}% 338
\BOOKMARK [1][-]{section.8.63}{\376\377\0008\000.\0006\0003\000\040\000h\000u\000r\000o\000n\000:\000:\000T\000o\000r\000q\000u\000e\000M\000o\000t\000o\000r\000C\000o\000n\000f\000i\000g\000u\000r\000a\000t\000i\000o\000n\000\040\000C\000l\000a\000s\000s\000\040\000R\000e\000f\000e\000r\000e\000n\000c\000e}{chapter.8}% 339
\BOOKMARK [2][-]{subsection.8.63.1}{\376\377\0008\000.\0006\0003\000.\0001\000\040\000C\000o\000n\000s\000t\000r\000u\000c\000t\000o\000r\000\040\000\046\000\040\000D\000e\000s\000t\000r\000u\000c\000t\000o\000r\000\040\000D\000o\000c\000u\000m\000e\000n\000t\000a\000t\000i\000o\000n}{section.8.63}% 340
\BOOKMARK [3][-]{subsubsection.8.63.1.1}{\376\377\0008\000.\0006\0003\000.\0001\000.\0001\000\040\000T\000o\000r\000q\000u\000e\000M\000o\000t\000o\000r\000C\000o\000n\000f\000i\000g\000u\000r\000a\000t\000i\000o\000n\000\050\000\051}{subsection.8.63.1}% 341
\BOOKMARK [1][-]{section.8.64}{\376\377\0008\000.\0006\0004\000\040\000h\000u\000r\000o\000n\000:\000:\000V\000e\000l\000o\000c\000i\000t\000y\000M\000o\000t\000o\000r\000\040\000C\000l\000a\000s\000s\000\040\000R\000e\000f\000e\000r\000e\000n\000c\000e}{chapter.8}% 342
\BOOKMARK [1][-]{section.8.65}{\376\377\0008\000.\0006\0005\000\040\000h\000u\000r\000o\000n\000:\000:\000V\000e\000l\000o\000c\000i\000t\000y\000M\000o\000t\000o\000r\000C\000o\000n\000f\000i\000g\000u\000r\000a\000t\000i\000o\000n\000\040\000C\000l\000a\000s\000s\000\040\000R\000e\000f\000e\000r\000e\000n\000c\000e}{chapter.8}% 343
\BOOKMARK [2][-]{subsection.8.65.1}{\376\377\0008\000.\0006\0005\000.\0001\000\040\000C\000o\000n\000s\000t\000r\000u\000c\000t\000o\000r\000\040\000\046\000\040\000D\000e\000s\000t\000r\000u\000c\000t\000o\000r\000\040\000D\000o\000c\000u\000m\000e\000n\000t\000a\000t\000i\000o\000n}{section.8.65}% 344
\BOOKMARK [3][-]{subsubsection.8.65.1.1}{\376\377\0008\000.\0006\0005\000.\0001\000.\0001\000\040\000V\000e\000l\000o\000c\000i\000t\000y\000M\000o\000t\000o\000r\000C\000o\000n\000f\000i\000g\000u\000r\000a\000t\000i\000o\000n\000\050\000\051}{subsection.8.65.1}% 345
\BOOKMARK [1][-]{section.8.66}{\376\377\0008\000.\0006\0006\000\040\000h\000u\000r\000o\000n\000:\000:\000Z\000e\000r\000o\000M\000o\000m\000e\000n\000t\000P\000o\000i\000n\000t\000\040\000C\000l\000a\000s\000s\000\040\000R\000e\000f\000e\000r\000e\000n\000c\000e}{chapter.8}% 346
\BOOKMARK [2][-]{subsection.8.66.1}{\376\377\0008\000.\0006\0006\000.\0001\000\040\000M\000e\000m\000b\000e\000r\000\040\000F\000u\000n\000c\000t\000i\000o\000n\000\040\000D\000o\000c\000u\000m\000e\000n\000t\000a\000t\000i\000o\000n}{section.8.66}% 347
\BOOKMARK [3][-]{subsubsection.8.66.1.1}{\376\377\0008\000.\0006\0006\000.\0001\000.\0001\000\040\000E\000v\000a\000l\000\050\000\051}{subsection.8.66.1}% 348
\BOOKMARK [3][-]{subsubsection.8.66.1.2}{\376\377\0008\000.\0006\0006\000.\0001\000.\0002\000\040\000Z\000m\000p\000T\000o\000W\000o\000r\000l\000d\000\050\000\051}{subsection.8.66.1}% 349
\BOOKMARK [1][-]{section.8.67}{\376\377\0008\000.\0006\0007\000\040\000h\000u\000r\000o\000n\000:\000:\000Z\000e\000r\000o\000M\000o\000m\000e\000n\000t\000P\000o\000i\000n\000t\000F\000S\000R\000A\000r\000r\000a\000y\000\040\000C\000l\000a\000s\000s\000\040\000R\000e\000f\000e\000r\000e\000n\000c\000e}{chapter.8}% 350
\BOOKMARK [2][-]{subsection.8.67.1}{\376\377\0008\000.\0006\0007\000.\0001\000\040\000M\000e\000m\000b\000e\000r\000\040\000F\000u\000n\000c\000t\000i\000o\000n\000\040\000D\000o\000c\000u\000m\000e\000n\000t\000a\000t\000i\000o\000n}{section.8.67}% 351
\BOOKMARK [3][-]{subsubsection.8.67.1.1}{\376\377\0008\000.\0006\0007\000.\0001\000.\0001\000\040\000E\000v\000a\000l\000\050\000\051}{subsection.8.67.1}% 352
\BOOKMARK [1][-]{section.8.68}{\376\377\0008\000.\0006\0008\000\040\000h\000u\000r\000o\000n\000:\000:\000Z\000e\000r\000o\000M\000o\000m\000e\000n\000t\000P\000o\000i\000n\000t\000F\000T\000S\000e\000n\000s\000o\000r\000\040\000C\000l\000a\000s\000s\000\040\000R\000e\000f\000e\000r\000e\000n\000c\000e}{chapter.8}% 353
\BOOKMARK [2][-]{subsection.8.68.1}{\376\377\0008\000.\0006\0008\000.\0001\000\040\000M\000e\000m\000b\000e\000r\000\040\000F\000u\000n\000c\000t\000i\000o\000n\000\040\000D\000o\000c\000u\000m\000e\000n\000t\000a\000t\000i\000o\000n}{section.8.68}% 354
\BOOKMARK [3][-]{subsubsection.8.68.1.1}{\376\377\0008\000.\0006\0008\000.\0001\000.\0001\000\040\000E\000v\000a\000l\000\050\000\051}{subsection.8.68.1}% 355
\BOOKMARK [1][-]{section.8.69}{\376\377\0008\000.\0006\0009\000\040\000h\000u\000r\000o\000n\000:\000:\000Z\000e\000r\000o\000M\000o\000m\000e\000n\000t\000P\000o\000i\000n\000t\000T\000o\000t\000a\000l\000\040\000C\000l\000a\000s\000s\000\040\000R\000e\000f\000e\000r\000e\000n\000c\000e}{chapter.8}% 356
\BOOKMARK [2][-]{subsection.8.69.1}{\376\377\0008\000.\0006\0009\000.\0001\000\040\000M\000e\000m\000b\000e\000r\000\040\000F\000u\000n\000c\000t\000i\000o\000n\000\040\000D\000o\000c\000u\000m\000e\000n\000t\000a\000t\000i\000o\000n}{section.8.69}% 357
\BOOKMARK [3][-]{subsubsection.8.69.1.1}{\376\377\0008\000.\0006\0009\000.\0001\000.\0001\000\040\000E\000v\000a\000l\000\050\000\051}{subsection.8.69.1}% 358
\BOOKMARK [0][-]{chapter.9}{\376\377\0009\000\040\000F\000i\000l\000e\000\040\000D\000o\000c\000u\000m\000e\000n\000t\000a\000t\000i\000o\000n}{}% 359
\BOOKMARK [1][-]{section.9.1}{\376\377\0009\000.\0001\000\040\000e\000n\000a\000b\000l\000e\000\137\000p\000r\000o\000t\000e\000c\000t\000e\000d\000\137\000m\000a\000k\000e\000\137\000s\000h\000a\000r\000e\000d\000.\000h}{chapter.9}% 360
\BOOKMARK [1][-]{section.9.2}{\376\377\0009\000.\0002\000\040\000e\000n\000a\000b\000l\000e\000\137\000p\000r\000o\000t\000e\000c\000t\000e\000d\000\137\000m\000a\000k\000e\000\137\000u\000n\000i\000q\000u\000e\000.\000h}{chapter.9}% 361
\BOOKMARK [1][-]{section.9.3}{\376\377\0009\000.\0003\000\040\000t\000y\000p\000e\000s\000.\000h}{chapter.9}% 362
\BOOKMARK [1][-]{section.9.4}{\376\377\0009\000.\0004\000\040\000p\000u\000s\000h\000\137\000r\000e\000c\000o\000v\000e\000r\000y\000.\000h}{chapter.9}% 363
\BOOKMARK [1][-]{section.9.5}{\376\377\0009\000.\0005\000\040\000c\000a\000n\000\137\000h\000e\000l\000p\000e\000r\000s\000.\000h}{chapter.9}% 364
\BOOKMARK [1][-]{section.9.6}{\376\377\0009\000.\0006\000\040\000c\000a\000n\000b\000u\000s\000.\000h}{chapter.9}% 365
\BOOKMARK [1][-]{section.9.7}{\376\377\0009\000.\0007\000\040\000s\000o\000c\000k\000e\000t\000\137\000c\000a\000n\000\137\000b\000u\000s\000.\000h}{chapter.9}% 366
\BOOKMARK [1][-]{section.9.8}{\376\377\0009\000.\0008\000\040\000c\000o\000n\000f\000i\000g\000.\000h}{chapter.9}% 367
\BOOKMARK [1][-]{section.9.9}{\376\377\0009\000.\0009\000\040\000o\000d\000r\000i\000v\000e\000\137\000c\000o\000n\000f\000i\000g\000.\000h}{chapter.9}% 368
\BOOKMARK [1][-]{section.9.10}{\376\377\0009\000.\0001\0000\000\040\000s\000e\000r\000i\000a\000l\000.\000h}{chapter.9}% 369
\BOOKMARK [1][-]{section.9.11}{\376\377\0009\000.\0001\0001\000\040\000w\000j\000w\000w\000o\000o\000d\000\137\000s\000e\000r\000i\000a\000l\000.\000h}{chapter.9}% 370
\BOOKMARK [1][-]{section.9.12}{\376\377\0009\000.\0001\0002\000\040\000r\000o\000t\000a\000t\000i\000o\000n\000.\000h}{chapter.9}% 371
\BOOKMARK [1][-]{section.9.13}{\376\377\0009\000.\0001\0003\000\040\000c\000o\000m\000\137\000f\000r\000a\000m\000e\000.\000h}{chapter.9}% 372
\BOOKMARK [1][-]{section.9.14}{\376\377\0009\000.\0001\0004\000\040\000f\000r\000a\000m\000e\000.\000h}{chapter.9}% 373
\BOOKMARK [1][-]{section.9.15}{\376\377\0009\000.\0001\0005\000\040\000j\000o\000i\000n\000t\000\137\000c\000o\000m\000m\000o\000n\000.\000h}{chapter.9}% 374
\BOOKMARK [1][-]{section.9.16}{\376\377\0009\000.\0001\0006\000\040\000l\000o\000g\000i\000c\000a\000l\000\137\000f\000r\000a\000m\000e\000.\000h}{chapter.9}% 375
\BOOKMARK [1][-]{section.9.17}{\376\377\0009\000.\0001\0007\000\040\000m\000o\000d\000e\000l\000.\000h}{chapter.9}% 376
\BOOKMARK [1][-]{section.9.18}{\376\377\0009\000.\0001\0008\000\040\000m\000o\000d\000e\000l\000\137\000c\000o\000m\000p\000o\000s\000i\000t\000e\000.\000h}{chapter.9}% 377
\BOOKMARK [1][-]{section.9.19}{\376\377\0009\000.\0001\0009\000\040\000m\000o\000d\000e\000l\000\137\000i\000m\000p\000l\000\137\000f\000a\000c\000t\000o\000r\000y\000.\000h}{chapter.9}% 378
\BOOKMARK [1][-]{section.9.20}{\376\377\0009\000.\0002\0000\000\040\000m\000o\000d\000e\000l\000\137\000i\000m\000p\000l\000\137\000i\000n\000t\000e\000r\000f\000a\000c\000e\000.\000h}{chapter.9}% 379
\BOOKMARK [1][-]{section.9.21}{\376\377\0009\000.\0002\0001\000\040\000m\000o\000d\000e\000l\000\137\000i\000m\000p\000l\000\137\000t\000y\000p\000e\000s\000.\000h}{chapter.9}% 380
\BOOKMARK [1][-]{section.9.22}{\376\377\0009\000.\0002\0002\000\040\000p\000i\000n\000o\000c\000c\000h\000i\000o\000\137\000m\000o\000d\000e\000l\000\137\000i\000m\000p\000l\000.\000h}{chapter.9}% 381
\BOOKMARK [1][-]{section.9.23}{\376\377\0009\000.\0002\0003\000\040\000f\000o\000r\000c\000e\000\137\000t\000o\000r\000q\000u\000e\000\137\000s\000e\000n\000s\000o\000r\000.\000h}{chapter.9}% 382
\BOOKMARK [1][-]{section.9.24}{\376\377\0009\000.\0002\0004\000\040\000f\000o\000r\000c\000e\000\137\000t\000o\000r\000q\000u\000e\000\137\000s\000e\000n\000s\000o\000r\000.\000h}{chapter.9}% 383
\BOOKMARK [1][-]{section.9.25}{\376\377\0009\000.\0002\0005\000\040\000h\000u\000r\000o\000n\000.\000h}{chapter.9}% 384
\BOOKMARK [1][-]{section.9.26}{\376\377\0009\000.\0002\0006\000\040\000h\000u\000r\000o\000n\000\137\000n\000o\000d\000e\000.\000h}{chapter.9}% 385
\BOOKMARK [1][-]{section.9.27}{\376\377\0009\000.\0002\0007\000\040\000j\000o\000i\000n\000t\000\137\000g\000r\000o\000u\000p\000\137\000c\000o\000n\000t\000r\000o\000l\000l\000e\000r\000.\000h}{chapter.9}% 386
\BOOKMARK [1][-]{section.9.28}{\376\377\0009\000.\0002\0008\000\040\000j\000o\000i\000n\000t\000\137\000s\000t\000a\000t\000e\000\137\000p\000r\000o\000v\000i\000d\000e\000r\000.\000h}{chapter.9}% 387
\BOOKMARK [1][-]{section.9.29}{\376\377\0009\000.\0002\0009\000\040\000a\000c\000t\000u\000a\000t\000o\000r\000.\000h}{chapter.9}% 388
\BOOKMARK [1][-]{section.9.30}{\376\377\0009\000.\0003\0000\000\040\000c\000o\000n\000f\000i\000g\000u\000r\000a\000t\000i\000o\000n\000.\000h}{chapter.9}% 389
\BOOKMARK [1][-]{section.9.31}{\376\377\0009\000.\0003\0001\000\040\000c\000o\000n\000s\000t\000a\000n\000t\000\137\000s\000t\000a\000t\000e\000\137\000p\000r\000o\000v\000i\000d\000e\000r\000.\000h}{chapter.9}% 390
\BOOKMARK [1][-]{section.9.32}{\376\377\0009\000.\0003\0002\000\040\000e\000n\000c\000o\000d\000e\000r\000.\000h}{chapter.9}% 391
\BOOKMARK [1][-]{section.9.33}{\376\377\0009\000.\0003\0003\000\040\000g\000e\000n\000e\000r\000i\000c\000\137\000c\000o\000m\000p\000o\000n\000e\000n\000t\000.\000h}{chapter.9}% 392
\BOOKMARK [1][-]{section.9.34}{\376\377\0009\000.\0003\0004\000\040\000j\000o\000i\000n\000t\000.\000h}{chapter.9}% 393
\BOOKMARK [1][-]{section.9.35}{\376\377\0009\000.\0003\0005\000\040\000l\000e\000g\000g\000e\000d\000\137\000r\000o\000b\000o\000t\000.\000h}{chapter.9}% 394
\BOOKMARK [1][-]{section.9.36}{\376\377\0009\000.\0003\0006\000\040\000l\000i\000m\000b\000.\000h}{chapter.9}% 395
\BOOKMARK [1][-]{section.9.37}{\376\377\0009\000.\0003\0007\000\040\000m\000o\000t\000o\000r\000.\000h}{chapter.9}% 396
\BOOKMARK [1][-]{section.9.38}{\376\377\0009\000.\0003\0008\000\040\000m\000o\000v\000i\000n\000g\000\137\000g\000r\000o\000u\000p\000.\000h}{chapter.9}% 397
\BOOKMARK [1][-]{section.9.39}{\376\377\0009\000.\0003\0009\000\040\000m\000o\000v\000i\000n\000g\000\137\000i\000n\000t\000e\000r\000f\000a\000c\000e\000.\000h}{chapter.9}% 398
\BOOKMARK [1][-]{section.9.40}{\376\377\0009\000.\0004\0000\000\040\000p\000o\000s\000i\000t\000i\000o\000n\000\137\000m\000o\000t\000o\000r\000.\000h}{chapter.9}% 399
\BOOKMARK [1][-]{section.9.41}{\376\377\0009\000.\0004\0001\000\040\000r\000o\000b\000o\000t\000.\000h}{chapter.9}% 400
\BOOKMARK [1][-]{section.9.42}{\376\377\0009\000.\0004\0002\000\040\000r\000o\000t\000a\000r\000y\000\137\000e\000n\000c\000o\000d\000e\000r\000.\000h}{chapter.9}% 401
\BOOKMARK [1][-]{section.9.43}{\376\377\0009\000.\0004\0003\000\040\000s\000e\000n\000s\000o\000r\000.\000h}{chapter.9}% 402
\BOOKMARK [1][-]{section.9.44}{\376\377\0009\000.\0004\0004\000\040\000s\000e\000n\000s\000o\000r\000\137\000w\000i\000t\000h\000\137\000f\000r\000a\000m\000e\000.\000h}{chapter.9}% 403
\BOOKMARK [1][-]{section.9.45}{\376\377\0009\000.\0004\0005\000\040\000s\000t\000a\000t\000e\000\137\000p\000r\000o\000v\000i\000d\000e\000r\000.\000h}{chapter.9}% 404
\BOOKMARK [1][-]{section.9.46}{\376\377\0009\000.\0004\0006\000\040\000t\000o\000r\000q\000u\000e\000\137\000m\000o\000t\000o\000r\000.\000h}{chapter.9}% 405
\BOOKMARK [1][-]{section.9.47}{\376\377\0009\000.\0004\0007\000\040\000v\000e\000l\000o\000c\000i\000t\000y\000\137\000m\000o\000t\000o\000r\000.\000h}{chapter.9}% 406
\BOOKMARK [1][-]{section.9.48}{\376\377\0009\000.\0004\0008\000\040\000i\000n\000v\000a\000l\000i\000d\000\137\000c\000o\000n\000f\000i\000g\000u\000r\000a\000t\000i\000o\000n\000\137\000e\000x\000c\000e\000p\000t\000i\000o\000n\000.\000h}{chapter.9}% 407
\BOOKMARK [1][-]{section.9.49}{\376\377\0009\000.\0004\0009\000\040\000n\000o\000t\000\137\000i\000m\000p\000l\000e\000m\000e\000n\000t\000e\000d\000\137\000e\000x\000c\000e\000p\000t\000i\000o\000n\000.\000h}{chapter.9}% 408
\BOOKMARK [1][-]{section.9.50}{\376\377\0009\000.\0005\0000\000\040\000z\000e\000r\000o\000\137\000m\000o\000m\000e\000n\000t\000\137\000p\000o\000i\000n\000t\000.\000h}{chapter.9}% 409
\BOOKMARK [1][-]{section.9.51}{\376\377\0009\000.\0005\0001\000\040\000z\000e\000r\000o\000\137\000m\000o\000m\000e\000n\000t\000\137\000p\000o\000i\000n\000t\000\137\000f\000s\000r\000\137\000a\000r\000r\000a\000y\000.\000h}{chapter.9}% 410
\BOOKMARK [1][-]{section.9.52}{\376\377\0009\000.\0005\0002\000\040\000z\000e\000r\000o\000\137\000m\000o\000m\000e\000n\000t\000\137\000p\000o\000i\000n\000t\000\137\000f\000t\000\137\000s\000e\000n\000s\000o\000r\000.\000h}{chapter.9}% 411
\BOOKMARK [1][-]{section.9.53}{\376\377\0009\000.\0005\0003\000\040\000z\000e\000r\000o\000\137\000m\000o\000m\000e\000n\000t\000\137\000p\000o\000i\000n\000t\000\137\000t\000o\000t\000a\000l\000.\000h}{chapter.9}% 412
\BOOKMARK [1][-]{section.9.54}{\376\377\0009\000.\0005\0004\000\040\000o\000d\000r\000i\000v\000e\000.\000h}{chapter.9}% 413
\BOOKMARK [1][-]{section.9.55}{\376\377\0009\000.\0005\0005\000\040\000o\000d\000r\000i\000v\000e\000\137\000c\000a\000n\000.\000h}{chapter.9}% 414
\BOOKMARK [1][-]{section.9.56}{\376\377\0009\000.\0005\0006\000\040\000o\000d\000r\000i\000v\000e\000\137\000e\000n\000u\000m\000s\000.\000h}{chapter.9}% 415
\BOOKMARK [1][-]{section.9.57}{\376\377\0009\000.\0005\0007\000\040\000o\000d\000r\000i\000v\000e\000\137\000r\000o\000t\000a\000r\000y\000\137\000e\000n\000c\000o\000d\000e\000r\000.\000h}{chapter.9}% 416
\BOOKMARK [1][-]{section.9.58}{\376\377\0009\000.\0005\0008\000\040\000o\000d\000r\000i\000v\000e\000\137\000t\000o\000r\000q\000u\000e\000\137\000m\000o\000t\000o\000r\000.\000h}{chapter.9}% 417
\BOOKMARK [1][-]{section.9.59}{\376\377\0009\000.\0005\0009\000\040\000f\000o\000r\000c\000e\000\137\000s\000e\000n\000s\000i\000n\000g\000\137\000r\000e\000s\000i\000s\000t\000o\000r\000.\000h}{chapter.9}% 418
\BOOKMARK [1][-]{section.9.60}{\376\377\0009\000.\0006\0000\000\040\000f\000o\000r\000c\000e\000\137\000s\000e\000n\000s\000i\000n\000g\000\137\000r\000e\000s\000i\000s\000t\000o\000r\000\137\000a\000r\000r\000a\000y\000.\000h}{chapter.9}% 419
\BOOKMARK [1][-]{section.9.61}{\376\377\0009\000.\0006\0001\000\040\000f\000o\000r\000c\000e\000\137\000s\000e\000n\000s\000i\000n\000g\000\137\000r\000e\000s\000i\000s\000t\000o\000r\000\137\000a\000r\000r\000a\000y\000\137\000s\000e\000r\000i\000a\000l\000.\000h}{chapter.9}% 420
\BOOKMARK [1][-]{section.9.62}{\376\377\0009\000.\0006\0002\000\040\000s\000t\000r\000i\000n\000g\000.\000h}{chapter.9}% 421
\BOOKMARK [1][-]{section.9.63}{\376\377\0009\000.\0006\0003\000\040\000t\000i\000m\000e\000.\000h}{chapter.9}% 422
\BOOKMARK [0][-]{section*.207}{\376\377\000I\000n\000d\000e\000x}{}% 423
