This is pdfTeX, Version 3.141592653-2.6-1.40.24 (TeX Live 2022/Alpine Linux) (preloaded format=pdflatex 2024.4.18)  18 APR 2024 19:45
entering extended mode
 restricted \write18 enabled.
 %&-line parsing enabled.
**refman
(./refman.tex
LaTeX2e <2021-11-15> patch level 1
L3 programming layer <2022-04-10>
(/usr/share/texmf-dist/tex/latex/base/book.cls
Document Class: book 2021/10/04 v1.4n Standard LaTeX document class
(/usr/share/texmf-dist/tex/latex/base/bk10.clo
File: bk10.clo 2021/10/04 v1.4n Standard LaTeX file (size option)
)
\c@part=\count185
\c@chapter=\count186
\c@section=\count187
\c@subsection=\count188
\c@subsubsection=\count189
\c@paragraph=\count190
\c@subparagraph=\count191
\c@figure=\count192
\c@table=\count193
\abovecaptionskip=\skip47
\belowcaptionskip=\skip48
\bibindent=\dimen138
)
(/usr/share/texmf-dist/tex/latex/base/ifthen.sty
Package: ifthen 2020/11/24 v1.1c Standard LaTeX ifthen package (DPC)
)
(/usr/share/texmf-dist/tex/latex/tools/array.sty
Rollback for package 'array' requested -> date 2016-10-06.
         Best approximation is the release introduced on 2016-10-06.

(/usr/share/texmf-dist/tex/latex/tools/array-2016-10-06.sty
Package: array 2016/10/06 v2.4d Tabular extension package (FMi)
\col@sep=\dimen139
\extrarowheight=\dimen140
\NC@list=\toks16
\extratabsurround=\skip49
\backup@length=\skip50
))
(/usr/share/texmf-dist/tex/latex/base/fixltx2e.sty
Package: fixltx2e 2016/12/29 v2.1a fixes to LaTeX (obsolete)
Applying: [2015/01/01] Old fixltx2e package on input line 46.


Package fixltx2e Warning: fixltx2e is not required with releases after 2015
(fixltx2e)                All fixes are now in the LaTeX kernel.
(fixltx2e)                See the latexrelease package for details.

Already applied: [0000/00/00] Old fixltx2e package on input line 53.
) (./doxygen.sty
Package: doxygen 
 (/usr/share/texmf-dist/tex/latex/base/alltt.sty
Package: alltt 2021/01/29 v2.0g defines alltt environment
)
(/usr/share/texmf-dist/tex/latex/tools/calc.sty
Package: calc 2017/05/25 v4.3 Infix arithmetic (KKT,FJ)
\calc@Acount=\count194
\calc@Bcount=\count195
\calc@Adimen=\dimen141
\calc@Bdimen=\dimen142
\calc@Askip=\skip51
\calc@Bskip=\skip52
LaTeX Info: Redefining \setlength on input line 80.
LaTeX Info: Redefining \addtolength on input line 81.
\calc@Ccount=\count196
\calc@Cskip=\skip53
)
(/usr/share/texmf-dist/tex/latex/float/float.sty
Package: float 2001/11/08 v1.3d Float enhancements (AL)
\c@float@type=\count197
\float@exts=\toks17
\float@box=\box50
\@float@everytoks=\toks18
\@floatcapt=\box51
)
(/usr/share/texmf-dist/tex/latex/tools/verbatim.sty
Package: verbatim 2020-07-07 v1.5u LaTeX2e package for verbatim enhancements
\every@verbatim=\toks19
\verbatim@line=\toks20
\verbatim@in@stream=\read2
)
(/usr/share/texmf-dist/tex/latex/xcolor/xcolor.sty
Package: xcolor 2021/10/31 v2.13 LaTeX color extensions (UK)

(/usr/share/texmf-dist/tex/latex/graphics-cfg/color.cfg
File: color.cfg 2016/01/02 v1.6 sample color configuration
)
Package xcolor Info: Driver file: pdftex.def on input line 227.

(/usr/share/texmf-dist/tex/latex/graphics-def/pdftex.def
File: pdftex.def 2020/10/05 v1.2a Graphics/color driver for pdftex
)
(/usr/share/texmf-dist/tex/latex/colortbl/colortbl.sty
Package: colortbl 2020/01/04 v1.0e Color table columns (DPC)
\everycr=\toks21
\minrowclearance=\skip54
)
\rownum=\count198
Package xcolor Info: Model `cmy' substituted by `cmy0' on input line 1352.
Package xcolor Info: Model `hsb' substituted by `rgb' on input line 1356.
Package xcolor Info: Model `RGB' extended on input line 1368.
Package xcolor Info: Model `HTML' substituted by `rgb' on input line 1370.
Package xcolor Info: Model `Hsb' substituted by `hsb' on input line 1371.
Package xcolor Info: Model `tHsb' substituted by `hsb' on input line 1372.
Package xcolor Info: Model `HSB' substituted by `hsb' on input line 1373.
Package xcolor Info: Model `Gray' substituted by `gray' on input line 1374.
Package xcolor Info: Model `wave' substituted by `hsb' on input line 1375.
)
(./longtable_doxygen.sty
Package: longtable_doxygen 2014/10/28 v4.11 Multi-page Table package (DPC) - fr
ozen version for doxygen
\LTleft=\skip55
\LTright=\skip56
\LTpre=\skip57
\LTpost=\skip58
\LTchunksize=\count199
\LTcapwidth=\dimen143
\LT@head=\box52
\LT@firsthead=\box53
\LT@foot=\box54
\LT@lastfoot=\box55
\LT@cols=\count266
\LT@rows=\count267
\c@LT@tables=\count268
\c@LT@chunks=\count269
\LT@p@ftn=\toks22
) (./tabu_doxygen.sty
Package: tabu_doxygen 2011/02/26 v2.8 - flexible LaTeX tabulars (FC), frozen ve
rsion for doxygen

(/usr/share/texmf-dist/tex/latex/varwidth/varwidth.sty
Package: varwidth 2009/03/30 ver 0.92;  Variable-width minipages
\@vwid@box=\box56
\sift@deathcycles=\count270
\@vwid@loff=\dimen144
\@vwid@roff=\dimen145
)
\c@taburow=\count271
\tabu@nbcols=\count272
\tabu@cnt=\count273
\tabu@Xcol=\count274
\tabu@alloc=\count275
\tabu@nested=\count276
\tabu@target=\dimen146
\tabu@spreadtarget=\dimen147
\tabu@naturalX=\dimen148
\tabucolX=\dimen149
\tabu@Xsum=\dimen150
\extrarowdepth=\dimen151
\abovetabulinesep=\dimen152
\belowtabulinesep=\dimen153
\tabustrutrule=\dimen154
\tabu@thebody=\toks23
\tabu@footnotes=\toks24
\tabu@box=\box57
\tabu@arstrutbox=\box58
\tabu@hleads=\box59
\tabu@vleads=\box60
\tabu@cellskip=\skip59
)
(/usr/share/texmf-dist/tex/latex/fancyvrb/fancyvrb.sty
Package: fancyvrb 2022/04/12 4.2 verbatim text (tvz,hv)

(/usr/share/texmf-dist/tex/latex/graphics/keyval.sty
Package: keyval 2014/10/28 v1.15 key=value parser (DPC)
\KV@toks@=\toks25
)
\FV@CodeLineNo=\count277
\FV@InFile=\read3
\FV@TabBox=\box61
\c@FancyVerbLine=\count278
\FV@StepNumber=\count279
\FV@OutFile=\write3
)
(/usr/share/texmf-dist/tex/latex/tools/tabularx.sty
Package: tabularx 2020/01/15 v2.11c `tabularx' package (DPC)
\TX@col@width=\dimen155
\TX@old@table=\dimen156
\TX@old@col=\dimen157
\TX@target=\dimen158
\TX@delta=\dimen159
\TX@cols=\count280
\TX@ftn=\toks26
)
(/usr/share/texmf-dist/tex/latex/tools/multicol.sty
Package: multicol 2021/10/28 v1.9b multicolumn formatting (FMi)
\c@tracingmulticols=\count281
\mult@box=\box62
\multicol@leftmargin=\dimen160
\c@unbalance=\count282
\c@collectmore=\count283
\doublecol@number=\count284
\multicoltolerance=\count285
\multicolpretolerance=\count286
\full@width=\dimen161
\page@free=\dimen162
\premulticols=\dimen163
\postmulticols=\dimen164
\multicolsep=\skip60
\multicolbaselineskip=\skip61
\partial@page=\box63
\last@line=\box64
\maxbalancingoverflow=\dimen165
\mult@rightbox=\box65
\mult@grightbox=\box66
\mult@firstbox=\box67
\mult@gfirstbox=\box68
\@tempa=\box69
\@tempa=\box70
\@tempa=\box71
\@tempa=\box72
\@tempa=\box73
\@tempa=\box74
\@tempa=\box75
\@tempa=\box76
\@tempa=\box77
\@tempa=\box78
\@tempa=\box79
\@tempa=\box80
\@tempa=\box81
\@tempa=\box82
\@tempa=\box83
\@tempa=\box84
\@tempa=\box85
\@tempa=\box86
\@tempa=\box87
\@tempa=\box88
\@tempa=\box89
\@tempa=\box90
\@tempa=\box91
\@tempa=\box92
\@tempa=\box93
\@tempa=\box94
\@tempa=\box95
\@tempa=\box96
\@tempa=\box97
\@tempa=\box98
\@tempa=\box99
\@tempa=\box100
\@tempa=\box101
\@tempa=\box102
\@tempa=\box103
\@tempa=\box104
\c@minrows=\count287
\c@columnbadness=\count288
\c@finalcolumnbadness=\count289
\last@try=\dimen166
\multicolovershoot=\dimen167
\multicolundershoot=\dimen168
\mult@nat@firstbox=\box105
\colbreak@box=\box106
\mc@col@check@num=\count290
)
(/usr/share/texmf-dist/tex/latex/multirow/multirow.sty
Package: multirow 2021/03/15 v2.8 Span multiple rows of a table
\multirow@colwidth=\skip62
\multirow@cntb=\count291
\multirow@dima=\skip63
\bigstrutjot=\dimen169
)
(/usr/share/texmf-dist/tex/latex/hanging/hanging.sty
Package: hanging 2009/09/02 v1.2b hanging paragraphs and punctuation
\h@ngcommawd=\skip64
\h@ngfstopwd=\skip65
\h@ngquotewd=\skip66
\h@ngdquotewd=\skip67
\h@ngquerywd=\skip68
\h@ngexclwd=\skip69
\h@ngcolonwd=\skip70
\h@ngscolonwd=\skip71
)
(/usr/share/texmf-dist/tex/generic/iftex/ifpdf.sty
Package: ifpdf 2019/10/25 v3.4 ifpdf legacy package. Use iftex instead.

(/usr/share/texmf-dist/tex/generic/iftex/iftex.sty
Package: iftex 2022/02/03 v1.0f TeX engine tests
))
(/usr/share/texmf-dist/tex/latex/adjustbox/adjustbox.sty
Package: adjustbox 2020/08/19 v1.3 Adjusting TeX boxes (trim, clip, ...)

(/usr/share/texmf-dist/tex/latex/xkeyval/xkeyval.sty
Package: xkeyval 2020/11/20 v2.8 package option processing (HA)

(/usr/share/texmf-dist/tex/generic/xkeyval/xkeyval.tex
(/usr/share/texmf-dist/tex/generic/xkeyval/xkvutils.tex
\XKV@toks=\toks27
\XKV@tempa@toks=\toks28
)
\XKV@depth=\count292
File: xkeyval.tex 2014/12/03 v2.7a key=value parser (HA)
))
(/usr/share/texmf-dist/tex/latex/adjustbox/adjcalc.sty
Package: adjcalc 2012/05/16 v1.1 Provides advanced setlength with multiple back
-ends (calc, etex, pgfmath)
)
(/usr/share/texmf-dist/tex/latex/adjustbox/trimclip.sty
Package: trimclip 2020/08/19 v1.2 Trim and clip general TeX material

(/usr/share/texmf-dist/tex/latex/graphics/graphicx.sty
Package: graphicx 2021/09/16 v1.2d Enhanced LaTeX Graphics (DPC,SPQR)

(/usr/share/texmf-dist/tex/latex/graphics/graphics.sty
Package: graphics 2021/03/04 v1.4d Standard LaTeX Graphics (DPC,SPQR)

(/usr/share/texmf-dist/tex/latex/graphics/trig.sty
Package: trig 2021/08/11 v1.11 sin cos tan (DPC)
)
(/usr/share/texmf-dist/tex/latex/graphics-cfg/graphics.cfg
File: graphics.cfg 2016/06/04 v1.11 sample graphics configuration
)
Package graphics Info: Driver file: pdftex.def on input line 107.
)
\Gin@req@height=\dimen170
\Gin@req@width=\dimen171
)
(/usr/share/texmf-dist/tex/latex/collectbox/collectbox.sty
Package: collectbox 2012/05/17 v0.4b Collect macro arguments as boxes
\collectedbox=\box107
)
\tc@llx=\dimen172
\tc@lly=\dimen173
\tc@urx=\dimen174
\tc@ury=\dimen175
Package trimclip Info: Using driver 'tc-pdftex.def'.

(/usr/share/texmf-dist/tex/latex/adjustbox/tc-pdftex.def
File: tc-pdftex.def 2019/01/04 v2.2 Clipping driver for pdftex
))
\adjbox@Width=\dimen176
\adjbox@Height=\dimen177
\adjbox@Depth=\dimen178
\adjbox@Totalheight=\dimen179
\adjbox@pwidth=\dimen180
\adjbox@pheight=\dimen181
\adjbox@pdepth=\dimen182
\adjbox@ptotalheight=\dimen183

(/usr/share/texmf-dist/tex/latex/ifoddpage/ifoddpage.sty
Package: ifoddpage 2016/04/23 v1.1 Conditionals for odd/even page detection
\c@checkoddpage=\count293
))
(/usr/share/texmf-dist/tex/latex/amsfonts/amssymb.sty
Package: amssymb 2013/01/14 v3.01 AMS font symbols

(/usr/share/texmf-dist/tex/latex/amsfonts/amsfonts.sty
Package: amsfonts 2013/01/14 v3.01 Basic AMSFonts support
\@emptytoks=\toks29
\symAMSa=\mathgroup4
\symAMSb=\mathgroup5
LaTeX Font Info:    Redeclaring math symbol \hbar on input line 98.
LaTeX Font Info:    Overwriting math alphabet `\mathfrak' in version `bold'
(Font)                  U/euf/m/n --> U/euf/b/n on input line 106.
))
(/usr/share/texmf-dist/tex/latex/stackengine/stackengine.sty
Package: stackengine 2021/07/22 v4.11\ Stacking text and objects in convenient 
ways

(/usr/share/texmf-dist/tex/latex/etoolbox/etoolbox.sty
Package: etoolbox 2020/10/05 v2.5k e-TeX tools for LaTeX (JAW)
\etb@tempcnta=\count294
)
(/usr/share/texmf-dist/tex/generic/listofitems/listofitems.sty
(/usr/share/texmf-dist/tex/generic/listofitems/listofitems.tex
\loi_cnt_foreach_nest=\count295
\loi_nestcnt=\count296
)
Package: listofitems 2019/08/21 v1.63 Grab items in lists using user-specified 
sep char (CT)
)
\c@@stackindex=\count297
\@boxshift=\skip72
\stack@tmplength=\skip73
\temp@stkl=\skip74
\@stackedboxwidth=\skip75
\@addedbox=\box108
\@anchorbox=\box109
\@insetbox=\box110
\se@backgroundbox=\box111
\stackedbox=\box112
\@centerbox=\box113
\c@ROWcellindex@=\count298
)
(/usr/share/texmf-dist/tex/latex/enumitem/enumitem.sty
Package: enumitem 2019/06/20 v3.9 Customized lists
\labelindent=\skip76
\enit@outerparindent=\dimen184
\enit@toks=\toks30
\enit@inbox=\box114
\enit@count@id=\count299
\enitdp@description=\count300
)
(/usr/share/texmf-dist/tex/generic/alphalph/alphalph.sty
Package: alphalph 2019/12/09 v2.6 Convert numbers to letters (HO)

(/usr/share/texmf-dist/tex/generic/infwarerr/infwarerr.sty
Package: infwarerr 2019/12/03 v1.5 Providing info/warning/error messages (HO)
)
(/usr/share/texmf-dist/tex/generic/intcalc/intcalc.sty
Package: intcalc 2019/12/15 v1.3 Expandable calculations with integers (HO)
))
(/usr/share/texmf-dist/tex/generic/ulem/ulem.sty
\UL@box=\box115
\UL@hyphenbox=\box116
\UL@skip=\skip77
\UL@hook=\toks31
\UL@height=\dimen185
\UL@pe=\count301
\UL@pixel=\dimen186
\ULC@box=\box117
Package: ulem 2019/11/18
\ULdepth=\dimen187
)
\xrefbox=\box118
\xreflength=\skip78
\CodeWidthChar=\skip79
\CodeHeightChar=\skip80
\DoxyCodeWidth=\skip81
\c@DoxyEnumeratei=\count302
\c@DoxyEnumerateii=\count303
\c@DoxyEnumerateiii=\count304
\c@DoxyEnumerateiv=\count305
\c@DoxyEnumeratev=\count306
\c@DoxyEnumeratevi=\count307
\c@DoxyEnumeratevii=\count308
\c@DoxyEnumerateviii=\count309
\c@DoxyEnumerateix=\count310
\c@DoxyEnumeratex=\count311
\c@DoxyEnumeratexi=\count312
\c@DoxyEnumeratexii=\count313
\enitdp@DoxyEnumerate=\count314
\enitdp@DoxyItemize=\count315
)
(/usr/share/texmf-dist/tex/latex/base/inputenc.sty
Package: inputenc 2021/02/14 v1.3d Input encoding file
\inpenc@prehook=\toks32
\inpenc@posthook=\toks33
)
(/usr/share/texmf-dist/tex/latex/base/makeidx.sty
Package: makeidx 2021/10/04 v1.0m Standard LaTeX package
)
(/usr/share/texmf-dist/tex/latex/base/textcomp.sty
Package: textcomp 2020/02/02 v2.0n Standard LaTeX package
)
(/usr/share/texmf-dist/tex/latex/wasysym/wasysym.sty
Package: wasysym 2020/01/19 v2.4 Wasy-2 symbol support package
\symwasy=\mathgroup6
LaTeX Font Info:    Overwriting symbol font `wasy' in version `bold'
(Font)                  U/wasy/m/n --> U/wasy/b/n on input line 93.
)
(/usr/share/texmf-dist/tex/generic/iftex/ifxetex.sty
Package: ifxetex 2019/10/25 v0.7 ifxetex legacy package. Use iftex instead.
)
(/usr/share/texmf-dist/tex/latex/base/fontenc.sty
Package: fontenc 2021/04/29 v2.0v Standard LaTeX package
)
(/usr/share/texmf-dist/tex/latex/psnfss/helvet.sty
Package: helvet 2020/03/25 PSNFSS-v9.3 (WaS) 
)
(/usr/share/texmf-dist/tex/latex/psnfss/courier.sty
Package: courier 2020/03/25 PSNFSS-v9.3 (WaS) 
)
(/usr/share/texmf-dist/tex/latex/sectsty/sectsty.sty
Package: sectsty 2002/02/25 v2.0.2 Commands to change all sectional heading sty
les


LaTeX Warning: Command \underbar  has changed.
               Check if current package is valid.


LaTeX Warning: Command \underline  has changed.
               Check if current package is valid.

) (/usr/share/texmf-dist/tex/latex/geometry/geometry.sty
Package: geometry 2020/01/02 v5.9 Page Geometry

(/usr/share/texmf-dist/tex/generic/iftex/ifvtex.sty
Package: ifvtex 2019/10/25 v1.7 ifvtex legacy package. Use iftex instead.
)
\Gm@cnth=\count316
\Gm@cntv=\count317
\c@Gm@tempcnt=\count318
\Gm@bindingoffset=\dimen188
\Gm@wd@mp=\dimen189
\Gm@odd@mp=\dimen190
\Gm@even@mp=\dimen191
\Gm@layoutwidth=\dimen192
\Gm@layoutheight=\dimen193
\Gm@layouthoffset=\dimen194
\Gm@layoutvoffset=\dimen195
\Gm@dimlist=\toks34
)
(/usr/share/texmf-dist/tex/latex/fancyhdr/fancyhdr.sty
Package: fancyhdr 2021/01/28 v4.0.1 Extensive control of page headers and foote
rs
\f@nch@headwidth=\skip82
\f@nch@O@elh=\skip83
\f@nch@O@erh=\skip84
\f@nch@O@olh=\skip85
\f@nch@O@orh=\skip86
\f@nch@O@elf=\skip87
\f@nch@O@erf=\skip88
\f@nch@O@olf=\skip89
\f@nch@O@orf=\skip90
)
(/usr/share/texmf-dist/tex/latex/natbib/natbib.sty
Package: natbib 2010/09/13 8.31b (PWD, AO)
\bibhang=\skip91
\bibsep=\skip92
LaTeX Info: Redefining \cite on input line 694.
\c@NAT@ctr=\count319
)
(/usr/share/texmf-dist/tex/latex/tocloft/tocloft.sty
Package: tocloft 2017/08/31 v2.3i parameterised ToC, etc., typesetting
Package tocloft Info: The document has chapter divisions on input line 51.
\cftparskip=\skip93
\cftbeforetoctitleskip=\skip94
\cftaftertoctitleskip=\skip95
\cftbeforepartskip=\skip96
\cftpartnumwidth=\skip97
\cftpartindent=\skip98
\cftbeforechapskip=\skip99
\cftchapindent=\skip100
\cftchapnumwidth=\skip101
\cftbeforesecskip=\skip102
\cftsecindent=\skip103
\cftsecnumwidth=\skip104
\cftbeforesubsecskip=\skip105
\cftsubsecindent=\skip106
\cftsubsecnumwidth=\skip107
\cftbeforesubsubsecskip=\skip108
\cftsubsubsecindent=\skip109
\cftsubsubsecnumwidth=\skip110
\cftbeforeparaskip=\skip111
\cftparaindent=\skip112
\cftparanumwidth=\skip113
\cftbeforesubparaskip=\skip114
\cftsubparaindent=\skip115
\cftsubparanumwidth=\skip116
\cftbeforeloftitleskip=\skip117
\cftafterloftitleskip=\skip118
\cftbeforefigskip=\skip119
\cftfigindent=\skip120
\cftfignumwidth=\skip121
\c@lofdepth=\count320
\c@lotdepth=\count321
\cftbeforelottitleskip=\skip122
\cftafterlottitleskip=\skip123
\cftbeforetabskip=\skip124
\cfttabindent=\skip125
\cfttabnumwidth=\skip126
)
\@indexfile=\write4
\openout4 = `refman.idx'.


Writing index file refman.idx
(/usr/share/texmf-dist/tex/latex/newunicodechar/newunicodechar.sty
Package: newunicodechar 2018/04/08 v1.2 Defining Unicode characters
)

Package newunicodechar Warning: Redefining Unicode character on input line 116.



Package newunicodechar Warning: Redefining Unicode character on input line 117.


(/usr/share/texmf-dist/tex/latex/hyperref/hyperref.sty
Package: hyperref 2022-02-21 v7.00n Hypertext links for LaTeX

(/usr/share/texmf-dist/tex/generic/ltxcmds/ltxcmds.sty
Package: ltxcmds 2020-05-10 v1.25 LaTeX kernel commands for general use (HO)
)
(/usr/share/texmf-dist/tex/generic/pdftexcmds/pdftexcmds.sty
Package: pdftexcmds 2020-06-27 v0.33 Utility functions of pdfTeX for LuaTeX (HO
)
Package pdftexcmds Info: \pdf@primitive is available.
Package pdftexcmds Info: \pdf@ifprimitive is available.
Package pdftexcmds Info: \pdfdraftmode found.
)
(/usr/share/texmf-dist/tex/generic/kvsetkeys/kvsetkeys.sty
Package: kvsetkeys 2019/12/15 v1.18 Key value parser (HO)
)
(/usr/share/texmf-dist/tex/generic/kvdefinekeys/kvdefinekeys.sty
Package: kvdefinekeys 2019-12-19 v1.6 Define keys (HO)
)
(/usr/share/texmf-dist/tex/generic/pdfescape/pdfescape.sty
Package: pdfescape 2019/12/09 v1.15 Implements pdfTeX's escape features (HO)
)
(/usr/share/texmf-dist/tex/latex/hycolor/hycolor.sty
Package: hycolor 2020-01-27 v1.10 Color options for hyperref/bookmark (HO)
)
(/usr/share/texmf-dist/tex/latex/letltxmacro/letltxmacro.sty
Package: letltxmacro 2019/12/03 v1.6 Let assignment for LaTeX macros (HO)
)
(/usr/share/texmf-dist/tex/latex/auxhook/auxhook.sty
Package: auxhook 2019-12-17 v1.6 Hooks for auxiliary files (HO)
)
(/usr/share/texmf-dist/tex/latex/kvoptions/kvoptions.sty
Package: kvoptions 2020-10-07 v3.14 Key value format for package options (HO)
)
\@linkdim=\dimen196
\Hy@linkcounter=\count322
\Hy@pagecounter=\count323

(/usr/share/texmf-dist/tex/latex/hyperref/pd1enc.def
File: pd1enc.def 2022-02-21 v7.00n Hyperref: PDFDocEncoding definition (HO)
Now handling font encoding PD1 ...
... no UTF-8 mapping file for font encoding PD1
)
(/usr/share/texmf-dist/tex/generic/etexcmds/etexcmds.sty
Package: etexcmds 2019/12/15 v1.7 Avoid name clashes with e-TeX commands (HO)
)
\Hy@SavedSpaceFactor=\count324

(/usr/share/texmf-dist/tex/latex/hyperref/puenc.def
File: puenc.def 2022-02-21 v7.00n Hyperref: PDF Unicode definition (HO)
Now handling font encoding PU ...
... no UTF-8 mapping file for font encoding PU
)
Package hyperref Info: Hyper figures OFF on input line 4137.
Package hyperref Info: Link nesting OFF on input line 4142.
Package hyperref Info: Hyper index ON on input line 4145.
Package hyperref Info: Plain pages OFF on input line 4152.
Package hyperref Info: Backreferencing ON on input line 4155.
Package hyperref Info: Implicit mode ON; LaTeX internals redefined.
Package hyperref Info: Bookmarks ON on input line 4390.

(/usr/share/texmf-dist/tex/latex/hyperref/backref.sty
Package: backref 2021/02/04 v1.41 Bibliographical back referencing

(/usr/share/texmf-dist/tex/latex/rerunfilecheck/rerunfilecheck.sty
Package: rerunfilecheck 2019/12/05 v1.9 Rerun checks for auxiliary files (HO)

(/usr/share/texmf-dist/tex/latex/base/atveryend-ltx.sty
Package: atveryend-ltx 2020/08/19 v1.0a Emulation of the original atveryend pac
kage
with kernel methods
)
(/usr/share/texmf-dist/tex/generic/uniquecounter/uniquecounter.sty
Package: uniquecounter 2019/12/15 v1.4 Provide unlimited unique counter (HO)

(/usr/share/texmf-dist/tex/generic/bigintcalc/bigintcalc.sty
Package: bigintcalc 2019/12/15 v1.5 Expandable calculations on big integers (HO
)
))
Package uniquecounter Info: New unique counter `rerunfilecheck' on input line 2
86.
))
\c@Hy@tempcnt=\count325

(/usr/share/texmf-dist/tex/latex/url/url.sty
\Urlmuskip=\muskip16
Package: url 2013/09/16  ver 3.4  Verb mode for urls, etc.
)
LaTeX Info: Redefining \url on input line 4749.
\XeTeXLinkMargin=\dimen197

(/usr/share/texmf-dist/tex/generic/bitset/bitset.sty
Package: bitset 2019/12/09 v1.3 Handle bit-vector datatype (HO)
)
\Fld@menulength=\count326
\Field@Width=\dimen198
\Fld@charsize=\dimen199
Package hyperref Info: Hyper figures OFF on input line 6027.
Package hyperref Info: Link nesting OFF on input line 6032.
Package hyperref Info: Hyper index ON on input line 6035.
Package hyperref Info: backreferencing ON on input line 6040.
Package hyperref Info: Link coloring OFF on input line 6047.
Package hyperref Info: Link coloring with OCG OFF on input line 6052.
Package hyperref Info: PDF/A mode OFF on input line 6057.
LaTeX Info: Redefining \ref on input line 6097.
LaTeX Info: Redefining \pageref on input line 6101.

(/usr/share/texmf-dist/tex/latex/base/atbegshi-ltx.sty
Package: atbegshi-ltx 2021/01/10 v1.0c Emulation of the original atbegshi
package with kernel methods
)
\Hy@abspage=\count327
\c@Item=\count328
\c@Hfootnote=\count329


LaTeX Warning: Command \LT@p@ftntext  has changed.
               Check if current package is valid.

)
Package hyperref Info: Driver: hpdftex.
 (/usr/share/texmf-dist/tex/latex/hyperref/hpdftex.def
File: hpdftex.def 2022-02-21 v7.00n Hyperref driver for pdfTeX
\Fld@listcount=\count330
\c@bookmark@seq@number=\count331
\Hy@SectionHShift=\skip127
)
Package hyperref Info: Option `colorlinks' set `true' on input line 136.
Package hyperref Info: Option `unicode' set `true' on input line 136.

(/usr/share/texmf-dist/tex/latex/caption/caption.sty
Package: caption 2022/03/01 v3.6b Customizing captions (AR)

(/usr/share/texmf-dist/tex/latex/caption/caption3.sty
Package: caption3 2022/03/17 v2.3b caption3 kernel (AR)
\caption@tempdima=\dimen256
\captionmargin=\dimen257
\caption@leftmargin=\dimen258
\caption@rightmargin=\dimen259
\caption@width=\dimen260
\caption@indent=\dimen261
\caption@parindent=\dimen262
\caption@hangindent=\dimen263
Package caption Info: Standard document class detected.
)
\c@caption@flags=\count332
\c@continuedfloat=\count333
Package caption Info: float package is loaded.
Package caption Info: hyperref package is loaded.
Package caption Info: longtable package is loaded.

(/usr/share/texmf-dist/tex/latex/caption/ltcaption.sty
Package: ltcaption 2021/01/08 v1.4c longtable captions (AR)
))
(/usr/share/texmf-dist/tex/latex/etoc/etoc.sty
Package: etoc 2021/09/23 v1.09e Completely customisable TOCs (JFB)
\Etoc@toctoks=\toks35
\c@etoc@tocid=\count334
\c@etoc@tocdepth=\count335
\etoc@framed@titlebox=\box119
\etoc@framed@contentsbox=\box120
)
LaTeX Font Info:    Trying to load font information for T1+phv on input line 15
2.

(/usr/share/texmf-dist/tex/latex/psnfss/t1phv.fd
File: t1phv.fd 2020/03/25 scalable font definitions for T1/phv.
)
LaTeX Font Info:    Font shape `T1/phv/m/n' will be
(Font)              scaled to size 8.99994pt on input line 152.

(/usr/share/texmf-dist/tex/latex/l3backend/l3backend-pdftex.def
File: l3backend-pdftex.def 2022-04-14 L3 backend support: PDF output (pdfTeX)
\l__color_backend_stack_int=\count336
\l__pdf_internal_box=\box121
) (./refman.aux)
\openout1 = `refman.aux'.

LaTeX Font Info:    Checking defaults for OML/cmm/m/it on input line 152.
LaTeX Font Info:    ... okay on input line 152.
LaTeX Font Info:    Checking defaults for OMS/cmsy/m/n on input line 152.
LaTeX Font Info:    ... okay on input line 152.
LaTeX Font Info:    Checking defaults for OT1/cmr/m/n on input line 152.
LaTeX Font Info:    ... okay on input line 152.
LaTeX Font Info:    Checking defaults for T1/cmr/m/n on input line 152.
LaTeX Font Info:    ... okay on input line 152.
LaTeX Font Info:    Checking defaults for TS1/cmr/m/n on input line 152.
LaTeX Font Info:    ... okay on input line 152.
LaTeX Font Info:    Checking defaults for OMX/cmex/m/n on input line 152.
LaTeX Font Info:    ... okay on input line 152.
LaTeX Font Info:    Checking defaults for U/cmr/m/n on input line 152.
LaTeX Font Info:    ... okay on input line 152.
LaTeX Font Info:    Checking defaults for PD1/pdf/m/n on input line 152.
LaTeX Font Info:    ... okay on input line 152.
LaTeX Font Info:    Checking defaults for PU/pdf/m/n on input line 152.
LaTeX Font Info:    ... okay on input line 152.
(/usr/share/texmf-dist/tex/context/base/mkii/supp-pdf.mkii
[Loading MPS to PDF converter (version 2006.09.02).]
\scratchcounter=\count337
\scratchdimen=\dimen264
\scratchbox=\box122
\nofMPsegments=\count338
\nofMParguments=\count339
\everyMPshowfont=\toks36
\MPscratchCnt=\count340
\MPscratchDim=\dimen265
\MPnumerator=\count341
\makeMPintoPDFobject=\count342
\everyMPtoPDFconversion=\toks37
) (/usr/share/texmf-dist/tex/latex/epstopdf-pkg/epstopdf-base.sty
Package: epstopdf-base 2020-01-24 v2.11 Base part for package epstopdf
Package epstopdf-base Info: Redefining graphics rule for `.eps' on input line 4
85.

(/usr/share/texmf-dist/tex/latex/latexconfig/epstopdf-sys.cfg
File: epstopdf-sys.cfg 2010/07/13 v1.3 Configuration of (r)epstopdf for TeX Liv
e
))
*geometry* driver: auto-detecting
*geometry* detected driver: pdftex
*geometry* verbose mode - [ preamble ] result:
* driver: pdftex
* paper: a4paper
* layout: <same size as paper>
* layoutoffset:(h,v)=(0.0pt,0.0pt)
* modes: twoside 
* h-part:(L,W,R)=(71.13188pt, 455.24411pt, 71.13188pt)
* v-part:(T,H,B)=(71.13188pt, 702.78308pt, 71.13188pt)
* \paperwidth=597.50787pt
* \paperheight=845.04684pt
* \textwidth=455.24411pt
* \textheight=702.78308pt
* \oddsidemargin=-1.1381pt
* \evensidemargin=-1.1381pt
* \topmargin=-31.2056pt
* \headheight=12.0pt
* \headsep=18.06749pt
* \topskip=10.0pt
* \footskip=25.29494pt
* \marginparwidth=125.0pt
* \marginparsep=7.0pt
* \columnsep=10.0pt
* \skip\footins=9.0pt plus 4.0pt minus 2.0pt
* \hoffset=0.0pt
* \voffset=0.0pt
* \mag=1000
* \@twocolumnfalse
* \@twosidetrue
* \@mparswitchtrue
* \@reversemarginfalse
* (1in=72.27pt=25.4mm, 1cm=28.453pt)

Package backref Info: ** backref set up for natbib ** on input line 152.
Package hyperref Info: Link coloring ON on input line 152.
(/usr/share/texmf-dist/tex/latex/hyperref/nameref.sty
Package: nameref 2021-04-02 v2.47 Cross-referencing by name of section

(/usr/share/texmf-dist/tex/latex/refcount/refcount.sty
Package: refcount 2019/12/15 v3.6 Data extraction from label references (HO)
)
(/usr/share/texmf-dist/tex/generic/gettitlestring/gettitlestring.sty
Package: gettitlestring 2019/12/15 v1.6 Cleanup title references (HO)
)
\c@section@level=\count343
)
LaTeX Info: Redefining \ref on input line 152.
LaTeX Info: Redefining \pageref on input line 152.
LaTeX Info: Redefining \nameref on input line 152.

(./refman.out) (./refman.out)
\@outlinefile=\write5
\openout5 = `refman.out'.

Package caption Info: Begin \AtBeginDocument code.
Package caption Info: End \AtBeginDocument code.
\Etoc@tf=\read4
Package hyperref Info: Option `pageanchor' set `false' on input line 160.
Package hyperref Info: Option `bookmarksnumbered' set `true' on input line 160.

Package hyperref Info: Option `unicode' set `true' on input line 160.
LaTeX Font Info:    Font shape `T1/phv/m/n' will be
(Font)              scaled to size 12.9599pt on input line 165.
LaTeX Font Info:    Font shape `T1/phv/m/n' will be
(Font)              scaled to size 10.79993pt on input line 166.
LaTeX Font Info:    Font shape `T1/phv/m/n' will be
(Font)              scaled to size 6.29996pt on input line 166.
LaTeX Font Info:    Trying to load font information for U+msa on input line 166
.
 (/usr/share/texmf-dist/tex/latex/amsfonts/umsa.fd
File: umsa.fd 2013/01/14 v3.01 AMS symbols A
)
LaTeX Font Info:    Trying to load font information for U+msb on input line 166
.
 (/usr/share/texmf-dist/tex/latex/amsfonts/umsb.fd
File: umsb.fd 2013/01/14 v3.01 AMS symbols B
)
LaTeX Font Info:    Trying to load font information for U+wasy on input line 16
6.

(/usr/share/texmf-dist/tex/latex/wasysym/uwasy.fd
File: uwasy.fd 2020/01/19 v2.4 Wasy-2 symbol font definitions
) [1


{/usr/share/texmf-var/fonts/map/pdftex/updmap/pdftex.map}] [2

]
\tf@toc=\write6
\openout6 = `refman.toc'.

LaTeX Font Info:    Font shape `T1/phv/b/n' will be
(Font)              scaled to size 8.99994pt on input line 174.
LaTeX Font Info:    Font shape `T1/phv/b/n' will be
(Font)              scaled to size 6.29996pt on input line 174.
 [1]
LaTeX Font Info:    Font shape `T1/phv/m/n' will be
(Font)              scaled to size 7.19995pt on input line 174.
LaTeX Font Info:    Trying to load font information for T1+pcr on input line 17
4.

(/usr/share/texmf-dist/tex/latex/psnfss/t1pcr.fd
File: t1pcr.fd 2001/06/04 font definitions for T1/pcr.
) [2] [3] [4] [5] [6] [7]
[8] [9] [10] [11] [12

]
Package hyperref Info: Option `pageanchor' set `true' on input line 177.

Chapter 1.
LaTeX Font Info:    Font shape `T1/phv/m/n' will be
(Font)              scaled to size 18.66588pt on input line 179.
LaTeX Font Info:    Font shape `T1/phv/b/n' will be
(Font)              scaled to size 18.66588pt on input line 179.
LaTeX Font Info:    Font shape `T1/phv/bc/n' will be
(Font)              scaled to size 18.66588pt on input line 179.
LaTeX Font Info:    Font shape `T1/phv/m/n' will be
(Font)              scaled to size 22.39185pt on input line 179.
LaTeX Font Info:    Font shape `T1/phv/b/n' will be
(Font)              scaled to size 22.39185pt on input line 179.
LaTeX Font Info:    Font shape `T1/phv/bc/n' will be
(Font)              scaled to size 22.39185pt on input line 179.
(./index.tex
LaTeX Font Info:    Font shape `T1/phv/b/n' will be
(Font)              scaled to size 12.9599pt on input line 6.
LaTeX Font Info:    Font shape `T1/phv/b/n' will be
(Font)              scaled to size 10.79993pt on input line 7.
LaTeX Font Info:    Trying to load font information for TS1+phv on input line 1
0.
 (/usr/share/texmf-dist/tex/latex/psnfss/ts1phv.fd
File: ts1phv.fd 2020/03/25 scalable font definitions for TS1/phv.
)
LaTeX Font Info:    Font shape `TS1/phv/m/n' will be
(Font)              scaled to size 8.99994pt on input line 10.
 [1

]) [2]
Chapter 2.
(./md__github_workspace_ros2_src_README.tex

Package hyperref Warning: Difference (2) between bookmark levels is greater 
(hyperref)                than one, level fixed on input line 17.


Package hyperref Warning: Difference (2) between bookmark levels is greater 
(hyperref)                than one, level fixed on input line 18.

) [3

] [4

]
Chapter 3.
(./namespaces.tex) [5] [6

]
Chapter 4.
(./hierarchy.tex [7]) [8]
Chapter 5.
(./annotated.tex [9

]) [10]
Chapter 6.
(./files.tex [11

]) [12]
Chapter 7.
(./namespacehuron.tex
LaTeX Font Info:    Font shape `T1/phv/m/n' will be
(Font)              scaled to size 8.09995pt on input line 15.
LaTeX Font Info:    Font shape `T1/phv/m/it' in size <9> not available
(Font)              Font shape `T1/phv/m/sl' tried instead on input line 15.
LaTeX Font Info:    Font shape `T1/phv/m/sl' will be
(Font)              scaled to size 8.09995pt on input line 15.
LaTeX Font Info:    Font shape `T1/phv/m/it' in size <7> not available
(Font)              Font shape `T1/phv/m/sl' tried instead on input line 15.
LaTeX Font Info:    Font shape `T1/phv/m/sl' will be
(Font)              scaled to size 6.29996pt on input line 15.
 [13

]
Overfull \hbox (202.56815pt too wide) in paragraph at lines 102--103
\T1/phv/m/n/10 Source[]: [][] \T1/pcr/m/n/10 https[]://stackoverflow.[]com/ques
tions/24469927/does-c-have-an-equivalent-to-nets-notimplementedexception[][] 
 []

) [14]
Chapter 8.
(./classhuron_1_1Actuator.tex <./classhuron_1_1Actuator.pdf>
<classhuron_1_1Actuator.pdf, id=2796, 501.875pt x 193.40254pt>
File: classhuron_1_1Actuator.pdf Graphic file (type pdf)
<use classhuron_1_1Actuator.pdf>
Package pdftex.def Info: classhuron_1_1Actuator.pdf  used on input line 6.
(pdftex.def)             Requested size: 369.1915pt x 142.26378pt.
)
(./classhuron_1_1ActuatorConfiguration.tex <./classhuron_1_1ActuatorConfigurati
on.pdf>
<classhuron_1_1ActuatorConfiguration.pdf, id=2806, 501.875pt x 125.07729pt>
File: classhuron_1_1ActuatorConfiguration.pdf Graphic file (type pdf)
<use classhuron_1_1ActuatorConfiguration.pdf>
Package pdftex.def Info: classhuron_1_1ActuatorConfiguration.pdf  used on input
 line 6.
(pdftex.def)             Requested size: 398.36076pt x 99.27422pt.
 [15

]) (./classhuron_1_1driver_1_1can_1_1BusBase.tex <./classhuron_1_1driver_1_1can
_1_1BusBase.pdf>
<classhuron_1_1driver_1_1can_1_1BusBase.pdf, id=2824, 501.875pt x 193.03116pt>
File: classhuron_1_1driver_1_1can_1_1BusBase.pdf Graphic file (type pdf)
<use classhuron_1_1driver_1_1can_1_1BusBase.pdf>
Package pdftex.def Info: classhuron_1_1driver_1_1can_1_1BusBase.pdf  used on in
put line 6.
(pdftex.def)             Requested size: 147.95229pt x 56.9055pt.
LaTeX Font Info:    Font shape `T1/pcr/m/it' in size <9> not available
(Font)              Font shape `T1/pcr/m/sl' tried instead on input line 32.

Underfull \hbox (badness 3281) in paragraph at lines 33--34
[]\T1/phv/m/n/10 virtual bool [] (const [] &fil-ter, on[]_[]can[]_[]message[]_[
]cb[]_[]t call-back, void $\OMS/cmsy/m/n/10 ^^C$\T1/phv/m/n/10 ctx,
 []

LaTeX Font Info:    Font shape `T1/pcr/m/it' in size <8> not available
(Font)              Font shape `T1/pcr/m/sl' tried instead on input line 44.
LaTeX Font Info:    Font shape `T1/pcr/m/it' in size <7> not available
(Font)              Font shape `T1/pcr/m/sl' tried instead on input line 44.
[16]
LaTeX Font Info:    Font shape `T1/phv/bc/n' will be
(Font)              scaled to size 8.99994pt on input line 50.

Underfull \hbox (badness 10000) detected at line 50
[][][]
 []


Underfull \hbox (badness 10000) detected at line 67
[][][]
 []


Underfull \hbox (badness 10000) detected at line 89
[][][]
 []

) (./structcan__Cyclic__t.tex [17]) (./structcan__Message__t.tex)
(./structcan__Signal__t.tex)
(./structhuron_1_1driver_1_1can_1_1BusBase_1_1CanSubscription.tex)
(./classhuron_1_1multibody_1_1ComFrame.tex <./classhuron_1_1multibody_1_1ComFra
me.pdf>
<classhuron_1_1multibody_1_1ComFrame.pdf, id=2891, 501.875pt x 201.42252pt>
File: classhuron_1_1multibody_1_1ComFrame.pdf Graphic file (type pdf)
<use classhuron_1_1multibody_1_1ComFrame.pdf>
Package pdftex.def Info: classhuron_1_1multibody_1_1ComFrame.pdf  used on input
 line 15.
(pdftex.def)             Requested size: 212.67758pt x 85.35826pt.
 [18]
LaTeX Font Info:    Font shape `T1/phv/b/n' will be
(Font)              scaled to size 7.19995pt on input line 50.
) (./classhuron_1_1Configuration.tex [19] <./classhuron_1_1Configuration.pdf>
<classhuron_1_1Configuration.pdf, id=2950, 501.875pt x 60.60643pt>
File: classhuron_1_1Configuration.pdf Graphic file (type pdf)
<use classhuron_1_1Configuration.pdf>
Package pdftex.def Info: classhuron_1_1Configuration.pdf  used on input line 10
.
(pdftex.def)             Requested size: 398.32246pt x 48.10129pt.
 [20]) (./classhuron_1_1ConstantStateProvider.tex <./classhuron_1_1ConstantStat
eProvider.pdf>
<classhuron_1_1ConstantStateProvider.pdf, id=2986, 501.875pt x 217.03082pt>
File: classhuron_1_1ConstantStateProvider.pdf Graphic file (type pdf)
<use classhuron_1_1ConstantStateProvider.pdf>
Package pdftex.def Info: classhuron_1_1ConstantStateProvider.pdf  used on input
 line 6.
(pdftex.def)             Requested size: 131.58716pt x 56.9055pt.
) (./classhuron_1_1enable__protected__make__shared.tex
[21]
LaTeX Font Info:    Font shape `T1/phv/bc/n' will be
(Font)              scaled to size 6.29996pt on input line 22.
) (./classhuron_1_1enable__protected__make__unique.tex)
(./classhuron_1_1Encoder.tex <./classhuron_1_1Encoder.pdf>
<classhuron_1_1Encoder.pdf, id=3016, 501.875pt x 264.14685pt>
File: classhuron_1_1Encoder.pdf Graphic file (type pdf)
<use classhuron_1_1Encoder.pdf>
Package pdftex.def Info: classhuron_1_1Encoder.pdf  used on input line 10.
(pdftex.def)             Requested size: 270.30392pt x 142.26378pt.
 [22] [23])
(./classhuron_1_1EncoderConfiguration.tex <./classhuron_1_1EncoderConfiguration
.pdf>
<classhuron_1_1EncoderConfiguration.pdf, id=3066, 501.875pt x 273.75275pt>
File: classhuron_1_1EncoderConfiguration.pdf Graphic file (type pdf)
<use classhuron_1_1EncoderConfiguration.pdf>
Package pdftex.def Info: classhuron_1_1EncoderConfiguration.pdf  used on input 
line 6.
(pdftex.def)             Requested size: 156.48328pt x 85.35826pt.
) (./classhuron_1_1ForceSensingResistor.tex <./classhuron_1_1ForceSensingResist
or.pdf>
<classhuron_1_1ForceSensingResistor.pdf, id=3072, 501.875pt x 219.39967pt>
File: classhuron_1_1ForceSensingResistor.pdf Graphic file (type pdf)
<use classhuron_1_1ForceSensingResistor.pdf>
Package pdftex.def Info: classhuron_1_1ForceSensingResistor.pdf  used on input 
line 6.
(pdftex.def)             Requested size: 260.34088pt x 113.81102pt.
 [24]) (./classhuron_1_1ForceSensingResistorArray.tex <./classhuron_1_1ForceSen
singResistorArray.pdf>
<classhuron_1_1ForceSensingResistorArray.pdf, id=3100, 501.875pt x 201.55301pt>

File: classhuron_1_1ForceSensingResistorArray.pdf Graphic file (type pdf)
<use classhuron_1_1ForceSensingResistorArray.pdf>
Package pdftex.def Info: classhuron_1_1ForceSensingResistorArray.pdf  used on i
nput line 6.
(pdftex.def)             Requested size: 354.25076pt x 142.26378pt.
 [25])
(./classhuron_1_1ForceSensingResistorArraySerial.tex <./classhuron_1_1ForceSens
ingResistorArraySerial.pdf>
<classhuron_1_1ForceSensingResistorArraySerial.pdf, id=3140, 501.875pt x 201.55
301pt>
File: classhuron_1_1ForceSensingResistorArraySerial.pdf Graphic file (type pdf)

<use classhuron_1_1ForceSensingResistorArraySerial.pdf>
Package pdftex.def Info: classhuron_1_1ForceSensingResistorArraySerial.pdf  use
d on input line 10.
(pdftex.def)             Requested size: 354.25076pt x 142.26378pt.

Underfull \hbox (badness 1000) in paragraph at lines 16--19
[][] \T1/phv/b/n/10 Force[]Sensing[]Resistor[]Array[]Serial \T1/phv/m/n/10 (con
st std[]::string &name, std[]::weak[]_[]ptr$\OML/cmm/m/it/10 <$ \T1/phv/m/n/10 
const []
 []


Underfull \hbox (badness 1000) in paragraph at lines 19--22
[][] \T1/phv/b/n/10 Force[]Sensing[]Resistor[]Array[]Serial \T1/phv/m/n/10 (con
st std[]::string &name, std[]::weak[]_[]ptr$\OML/cmm/m/it/10 <$ \T1/phv/m/n/10 
const []
 []

[26]
Underfull \hbox (badness 10000) in paragraph at lines 78--79
\T1/pcr/m/n/8 Eigen[]::[]Vector[]Xd huron[]::[]Force[]Sensing[]Resistor[]Array[
]Serial[]::[]Reload[]And[]Get[]Value ( ) [override],
 []

) (./classhuron_1_1ForceTorqueSensor.tex <./classhuron_1_1ForceTorqueSensor.pdf
>
<classhuron_1_1ForceTorqueSensor.pdf, id=3187, 501.875pt x 247.23366pt>
File: classhuron_1_1ForceTorqueSensor.pdf Graphic file (type pdf)
<use classhuron_1_1ForceTorqueSensor.pdf>
Package pdftex.def Info: classhuron_1_1ForceTorqueSensor.pdf  used on input lin
e 6.
(pdftex.def)             Requested size: 288.80562pt x 142.26378pt.
 [27]
Underfull \hbox (badness 10000) detected at line 72
[][][]
 []

) (./classhuron_1_1ros2_1_1ForceTorqueSensor.tex <./classhuron_1_1ros2_1_1Force
TorqueSensor.pdf>
<classhuron_1_1ros2_1_1ForceTorqueSensor.pdf, id=3214, 501.875pt x 247.23366pt>

File: classhuron_1_1ros2_1_1ForceTorqueSensor.pdf Graphic file (type pdf)
<use classhuron_1_1ros2_1_1ForceTorqueSensor.pdf>
Package pdftex.def Info: classhuron_1_1ros2_1_1ForceTorqueSensor.pdf  used on i
nput line 6.
(pdftex.def)             Requested size: 288.80562pt x 142.26378pt.
 [28] [29]) (./classhuron_1_1multibody_1_1Frame.tex <./classhuron_1_1multibody_
1_1Frame.pdf>
<classhuron_1_1multibody_1_1Frame.pdf, id=3267, 501.875pt x 100.70624pt>
File: classhuron_1_1multibody_1_1Frame.pdf Graphic file (type pdf)
<use classhuron_1_1multibody_1_1Frame.pdf>
Package pdftex.def Info: classhuron_1_1multibody_1_1Frame.pdf  used on input li
ne 6.
(pdftex.def)             Requested size: 398.36842pt x 79.93437pt.
) (./classhuron_1_1GenericComponent.tex [30] <./classhuron_1_1GenericComponent.
pdf>
<classhuron_1_1GenericComponent.pdf, id=3309, 501.875pt x 92.93721pt>
File: classhuron_1_1GenericComponent.pdf Graphic file (type pdf)
<use classhuron_1_1GenericComponent.pdf>
Package pdftex.def Info: classhuron_1_1GenericComponent.pdf  used on input line
 10.
(pdftex.def)             Requested size: 398.37608pt x 73.76633pt.
 [31]
Underfull \hbox (badness 10000) detected at line 84
[][][]
 []


Underfull \hbox (badness 10000) detected at line 99
[][][]
 []

) (./classhuron_1_1ros2_1_1Huron.tex <./classhuron_1_1ros2_1_1Huron.pdf>
<classhuron_1_1ros2_1_1Huron.pdf, id=3352, 501.875pt x 300.52275pt>
File: classhuron_1_1ros2_1_1Huron.pdf Graphic file (type pdf)
<use classhuron_1_1ros2_1_1Huron.pdf>
Package pdftex.def Info: classhuron_1_1ros2_1_1Huron.pdf  used on input line 6.

(pdftex.def)             Requested size: 237.58134pt x 142.26378pt.

[32]) (./classhuron_1_1ros2_1_1HuronNode.tex <./classhuron_1_1ros2_1_1HuronNode
.pdf>
<classhuron_1_1ros2_1_1HuronNode.pdf, id=3376, 501.875pt x 259.02773pt>
File: classhuron_1_1ros2_1_1HuronNode.pdf Graphic file (type pdf)
<use classhuron_1_1ros2_1_1HuronNode.pdf>
Package pdftex.def Info: classhuron_1_1ros2_1_1HuronNode.pdf  used on input lin
e 6.
(pdftex.def)             Requested size: 110.25201pt x 56.9055pt.
 [33])
(./structhuron_1_1multibody_1_1internal_1_1PinocchioModelImpl_1_1Impl.tex)
(./classhuron_1_1InvalidConfigurationException.tex <./classhuron_1_1InvalidConf
igurationException.pdf>
<classhuron_1_1InvalidConfigurationException.pdf, id=3401, 501.875pt x 176.8707
9pt>
File: classhuron_1_1InvalidConfigurationException.pdf Graphic file (type pdf)
<use classhuron_1_1InvalidConfigurationException.pdf>
Package pdftex.def Info: classhuron_1_1InvalidConfigurationException.pdf  used 
on input line 6.
(pdftex.def)             Requested size: 161.46863pt x 56.9055pt.
 [34]) (./classhuron_1_1Joint.tex
Underfull \hbox (badness 4132) in paragraph at lines 6--8
[][] \T1/phv/m/n/10 (std[]::unique[]_[]ptr$\OML/cmm/m/it/10 <$ [] $>$ \T1/phv/m
/n/10 joint[]_[]desc, std[]::shared[]_[]ptr$\OML/cmm/m/it/10 <$ [] $>$ \T1/phv/
m/n/10 state[]_[]
 []

) (./structhuron_1_1multibody_1_1JointDescription.tex [35])
(./classhuron_1_1ros2_1_1JointGroupController.tex <./classhuron_1_1ros2_1_1Join
tGroupController.pdf>
<classhuron_1_1ros2_1_1JointGroupController.pdf, id=3461, 501.875pt x 193.03116
pt>
File: classhuron_1_1ros2_1_1JointGroupController.pdf Graphic file (type pdf)
<use classhuron_1_1ros2_1_1JointGroupController.pdf>
Package pdftex.def Info: classhuron_1_1ros2_1_1JointGroupController.pdf  used o
n input line 6.
(pdftex.def)             Requested size: 147.95229pt x 56.9055pt.
 [36]
Underfull \hbox (badness 10000) detected at line 62
[][][]
 []


Underfull \hbox (badness 10000) detected at line 77
[][][]
 []

) (./classhuron_1_1ros2_1_1JointStateProvider.tex <./classhuron_1_1ros2_1_1Join
tStateProvider.pdf>
<classhuron_1_1ros2_1_1JointStateProvider.pdf, id=3502, 501.875pt x 206.96321pt
>
File: classhuron_1_1ros2_1_1JointStateProvider.pdf Graphic file (type pdf)
<use classhuron_1_1ros2_1_1JointStateProvider.pdf>
Package pdftex.def Info: classhuron_1_1ros2_1_1JointStateProvider.pdf  used on 
input line 6.
(pdftex.def)             Requested size: 137.98924pt x 56.9055pt.
 [37]) (./classhuron_1_1LeggedRobot.tex <./classhuron_1_1LeggedRobot.pdf>
<classhuron_1_1LeggedRobot.pdf, id=3526, 501.875pt x 300.52275pt>
File: classhuron_1_1LeggedRobot.pdf Graphic file (type pdf)
<use classhuron_1_1LeggedRobot.pdf>
Package pdftex.def Info: classhuron_1_1LeggedRobot.pdf  used on input line 6.
(pdftex.def)             Requested size: 237.58134pt x 142.26378pt.
) (./classhuron_1_1Limb.tex <./classhuron_1_1Limb.pdf>
<classhuron_1_1Limb.pdf, id=3538, 501.875pt x 250.9375pt>
File: classhuron_1_1Limb.pdf Graphic file (type pdf)
<use classhuron_1_1Limb.pdf>
Package pdftex.def Info: classhuron_1_1Limb.pdf  used on input line 6.
(pdftex.def)             Requested size: 113.80533pt x 56.9055pt.
 [38])
(./classhuron_1_1multibody_1_1LogicalFrame.tex <./classhuron_1_1multibody_1_1Lo
gicalFrame.pdf>
<classhuron_1_1multibody_1_1LogicalFrame.pdf, id=3559, 501.875pt x 88.57089pt>
File: classhuron_1_1multibody_1_1LogicalFrame.pdf Graphic file (type pdf)
<use classhuron_1_1multibody_1_1LogicalFrame.pdf>
Package pdftex.def Info: classhuron_1_1multibody_1_1LogicalFrame.pdf  used on i
nput line 15.
(pdftex.def)             Requested size: 398.31482pt x 70.29483pt.

Underfull \hbox (badness 10000) detected at line 55
[][][]
 []

[39]
Underfull \hbox (badness 10000) in paragraph at lines 98--99
\T1/pcr/m/n/8 Eigen[]::[]Affine3d huron[]::multibody[]::[]Logical[]Frame[]::[]G
et[]Transform[]In[]World ( ) const [override],
 []

) (./classhuron_1_1multibody_1_1Model.tex <./classhuron_1_1multibody_1_1Model.p
df>
<classhuron_1_1multibody_1_1Model.pdf, id=3606, 501.875pt x 165.2273pt>
File: classhuron_1_1multibody_1_1Model.pdf Graphic file (type pdf)
<use classhuron_1_1multibody_1_1Model.pdf>
Package pdftex.def Info: classhuron_1_1multibody_1_1Model.pdf  used on input li
ne 6.
(pdftex.def)             Requested size: 172.84839pt x 56.9055pt.
 [40] [41]
Underfull \hbox (badness 10000) detected at line 195
[][][]
 []

[42] [43]) (./classhuron_1_1multibody_1_1ModelComposite.tex <./classhuron_1_1mu
ltibody_1_1ModelComposite.pdf>
<classhuron_1_1multibody_1_1ModelComposite.pdf, id=3717, 501.875pt x 190.2809pt
>
File: classhuron_1_1multibody_1_1ModelComposite.pdf Graphic file (type pdf)
<use classhuron_1_1multibody_1_1ModelComposite.pdf>
Package pdftex.def Info: classhuron_1_1multibody_1_1ModelComposite.pdf  used on
 input line 6.
(pdftex.def)             Requested size: 150.08885pt x 56.9055pt.
)
(./classhuron_1_1multibody_1_1internal_1_1ModelImplFactory.tex)
(./classhuron_1_1multibody_1_1internal_1_1ModelImplInterface.tex <./classhuron_
1_1multibody_1_1internal_1_1ModelImplInterface.pdf>
<classhuron_1_1multibody_1_1internal_1_1ModelImplInterface.pdf, id=3727, 501.87
5pt x 143.90764pt>
File: classhuron_1_1multibody_1_1internal_1_1ModelImplInterface.pdf Graphic fil
e (type pdf)
<use classhuron_1_1multibody_1_1internal_1_1ModelImplInterface.pdf>
Package pdftex.def Info: classhuron_1_1multibody_1_1internal_1_1ModelImplInterf
ace.pdf  used on input line 6.
(pdftex.def)             Requested size: 198.4567pt x 56.9055pt.
 [44]
Underfull \hbox (badness 10000) in paragraph at lines 121--122
\T1/pcr/m/n/8 const Eigen[]::[]Vector[]Xd & huron[]::multibody[]::internal[]::[
]Model[]Impl[]Interface[]::[]Get[]Accelerations ( )
 []

[45]
Underfull \hbox (badness 10000) in paragraph at lines 135--136
\T1/pcr/m/n/8 const huron[]::[]Matrix6[]Xd & huron[]::multibody[]::internal[]::
[]Model[]Impl[]Interface[]::[]Get[]Centroidal[]Matrix (
 []


Underfull \hbox (badness 10000) in paragraph at lines 149--150
\T1/pcr/m/n/8 huron[]::[]Vector6d huron[]::multibody[]::internal[]::[]Model[]Im
pl[]Interface[]::[]Get[]Centroidal[]Momentum ( )
 []


Underfull \hbox (badness 10000) in paragraph at lines 163--164
\T1/pcr/m/n/8 const Eigen[]::[]Matrix[]Xd & huron[]::multibody[]::internal[]::[
]Model[]Impl[]Interface[]::[]Get[]Coriolis[]Matrix ( )
 []


Underfull \hbox (badness 10000) in paragraph at lines 177--178
\T1/pcr/m/n/8 const Eigen[]::[]Vector[]Xd & huron[]::multibody[]::internal[]::[
]Model[]Impl[]Interface[]::[]Get[]Gravity ( ) const
 []


Underfull \hbox (badness 10000) in paragraph at lines 191--192
\T1/pcr/m/n/8 const Eigen[]::[]Matrix[]Xd & huron[]::multibody[]::internal[]::[
]Model[]Impl[]Interface[]::[]Get[]Mass[]Matrix ( )
 []


Underfull \hbox (badness 10000) in paragraph at lines 205--206
\T1/pcr/m/n/8 const Eigen[]::[]Vector[]Xd & huron[]::multibody[]::internal[]::[
]Model[]Impl[]Interface[]::[]Get[]Nonlinear[]Effects (
 []


Underfull \hbox (badness 10000) in paragraph at lines 219--220
\T1/pcr/m/n/8 const huron[]::[]Vector6d & huron[]::multibody[]::internal[]::[]M
odel[]Impl[]Interface[]::[]Get[]Spatial[]Momentum ( )
 []

[46]
Underfull \hbox (badness 10000) in paragraph at lines 233--234
\T1/pcr/m/n/8 const Eigen[]::[]Vector[]Xd & huron[]::multibody[]::internal[]::[
]Model[]Impl[]Interface[]::[]Get[]Torques ( ) const
 []

) (./classhuron_1_1Motor.tex <./classhuron_1_1Motor.pdf>
<classhuron_1_1Motor.pdf, id=3825, 501.875pt x 193.40254pt>
File: classhuron_1_1Motor.pdf Graphic file (type pdf)
<use classhuron_1_1Motor.pdf>
Package pdftex.def Info: classhuron_1_1Motor.pdf  used on input line 6.
(pdftex.def)             Requested size: 369.1915pt x 142.26378pt.
)
(./classhuron_1_1MotorConfiguration.tex <./classhuron_1_1MotorConfiguration.pdf
>
<classhuron_1_1MotorConfiguration.pdf, id=3835, 501.875pt x 125.07729pt>
File: classhuron_1_1MotorConfiguration.pdf Graphic file (type pdf)
<use classhuron_1_1MotorConfiguration.pdf>
Package pdftex.def Info: classhuron_1_1MotorConfiguration.pdf  used on input li
ne 6.
(pdftex.def)             Requested size: 398.36076pt x 99.27422pt.
 [47]) (./classhuron_1_1MovingGroup.tex <./classhuron_1_1MovingGroup.pdf>
<classhuron_1_1MovingGroup.pdf, id=3856, 501.875pt x 664.73344pt>
File: classhuron_1_1MovingGroup.pdf Graphic file (type pdf)
<use classhuron_1_1MovingGroup.pdf>
Package pdftex.def Info: classhuron_1_1MovingGroup.pdf  used on input line 6.
(pdftex.def)             Requested size: 107.4109pt x 142.26378pt.

[48]
Underfull \hbox (badness 10000) detected at line 64
[][][]
 []


Underfull \hbox (badness 10000) detected at line 79
[][][]
 []

) (./classhuron_1_1MovingInterface.tex <./classhuron_1_1MovingInterface.pdf>
<classhuron_1_1MovingInterface.pdf, id=3894, 501.875pt x 96.51056pt>
File: classhuron_1_1MovingInterface.pdf Graphic file (type pdf)
<use classhuron_1_1MovingInterface.pdf>
Package pdftex.def Info: classhuron_1_1MovingInterface.pdf  used on input line 
10.
(pdftex.def)             Requested size: 398.36076pt x 76.60353pt.

[49]
Underfull \hbox (badness 10000) detected at line 62
[][][]
 []


Underfull \hbox (badness 10000) detected at line 77
[][][]
 []

) (./structhuron_1_1driver_1_1can_1_1MsgIdFilterSpecs.tex)
(./classhuron_1_1NotImplementedException.tex <./classhuron_1_1NotImplementedExc
eption.pdf>
<classhuron_1_1NotImplementedException.pdf, id=3921, 501.875pt x 198.76257pt>
File: classhuron_1_1NotImplementedException.pdf Graphic file (type pdf)
<use classhuron_1_1NotImplementedException.pdf>
Package pdftex.def Info: classhuron_1_1NotImplementedException.pdf  used on inp
ut line 6.
(pdftex.def)             Requested size: 143.67912pt x 56.9055pt.
 [50]) (./classhuron_1_1odrive_1_1ODrive.tex <./classhuron_1_1odrive_1_1ODrive.
pdf>
<classhuron_1_1odrive_1_1ODrive.pdf, id=3941, 501.875pt x 356.36136pt>
File: classhuron_1_1odrive_1_1ODrive.pdf Graphic file (type pdf)
<use classhuron_1_1odrive_1_1ODrive.pdf>
Package pdftex.def Info: classhuron_1_1odrive_1_1ODrive.pdf  used on input line
 10.
(pdftex.def)             Requested size: 120.2074pt x 85.35826pt.
 [51]
Underfull \hbox (badness 10000) detected at line 159
[][][]
 []

[52]) (./classhuron_1_1odrive_1_1ODriveCAN.tex <./classhuron_1_1odrive_1_1ODriv
eCAN.pdf>
<classhuron_1_1odrive_1_1ODriveCAN.pdf, id=4015, 501.875pt x 356.36136pt>
File: classhuron_1_1odrive_1_1ODriveCAN.pdf Graphic file (type pdf)
<use classhuron_1_1odrive_1_1ODriveCAN.pdf>
Package pdftex.def Info: classhuron_1_1odrive_1_1ODriveCAN.pdf  used on input l
ine 6.
(pdftex.def)             Requested size: 120.2074pt x 85.35826pt.

Underfull \hbox (badness 1184) in paragraph at lines 12--53
\T1/phv/b/n/10 MSG[]_[][]GET[]_[][]ENCODER[]_[][]ERROR \T1/phv/m/n/10 , \T1/phv
/b/n/10 MSG[]_[][]GET[]_[][]SENSORLESS[]_[][]ERROR \T1/phv/m/n/10 , \T1/phv/b/n
/10 MSG[]_[][]SET[]_[][]AXIS[]_[][]NODE[]_[][]ID \T1/phv/m/n/10 ,
 []


Underfull \hbox (badness 2564) in paragraph at lines 12--53
\T1/phv/b/n/10 MSG[]_[][]START[]_[][]ANTICOGGING \T1/phv/m/n/10 , \T1/phv/b/n/1
0 MSG[]_[][]SET[]_[][]TRAJ[]_[][]VEL[]_[][]LIMIT \T1/phv/m/n/10 , \T1/phv/b/n/1
0 MSG[]_[][]SET[]_[][]TRAJ[]_[][]ACCEL[]_[][]LIMITS \T1/phv/m/n/10 ,
 []


Underfull \hbox (badness 2012) in paragraph at lines 12--53
\T1/phv/b/n/10 MSG[]_[][]GET[]_[][]ADC[]_[][]VOLTAGE \T1/phv/m/n/10 , \T1/phv/b
/n/10 MSG[]_[][]GET[]_[][]CONTROLLER[]_[][]ERROR \T1/phv/m/n/10 , \T1/phv/b/n/1
0 MSG[]_[][]CO[]_[][]HEARTBEAT[]_[][]CMD \T1/phv/m/n/10 =
 []

[53]
Underfull \hbox (badness 10000) detected at line 155
[][][]
 []

[54] [55] [56] [57])
(./classhuron_1_1odrive_1_1ODrive_1_1ODriveConfiguration.tex <./classhuron_1_1o
drive_1_1ODrive_1_1ODriveConfiguration.pdf>
<classhuron_1_1odrive_1_1ODrive_1_1ODriveConfiguration.pdf, id=4157, 501.875pt 
x 151.50603pt>
File: classhuron_1_1odrive_1_1ODrive_1_1ODriveConfiguration.pdf Graphic file (t
ype pdf)
<use classhuron_1_1odrive_1_1ODrive_1_1ODriveConfiguration.pdf>
Package pdftex.def Info: classhuron_1_1odrive_1_1ODrive_1_1ODriveConfiguration.
pdf  used on input line 6.
(pdftex.def)             Requested size: 188.50131pt x 56.9055pt.
 [58])
(./classhuron_1_1odrive_1_1ODriveEncoder.tex <./classhuron_1_1odrive_1_1ODriveE
ncoder.pdf>
<classhuron_1_1odrive_1_1ODriveEncoder.pdf, id=4173, 501.875pt x 264.14685pt>
File: classhuron_1_1odrive_1_1ODriveEncoder.pdf Graphic file (type pdf)
<use classhuron_1_1odrive_1_1ODriveEncoder.pdf>
Package pdftex.def Info: classhuron_1_1odrive_1_1ODriveEncoder.pdf  used on inp
ut line 6.
(pdftex.def)             Requested size: 270.30392pt x 142.26378pt.
 [59])
(./classhuron_1_1multibody_1_1internal_1_1PinocchioModelImpl.tex <./classhuron_
1_1multibody_1_1internal_1_1PinocchioModelImpl.pdf>
<classhuron_1_1multibody_1_1internal_1_1PinocchioModelImpl.pdf, id=4216, 501.87
5pt x 143.90764pt>
File: classhuron_1_1multibody_1_1internal_1_1PinocchioModelImpl.pdf Graphic fil
e (type pdf)
<use classhuron_1_1multibody_1_1internal_1_1PinocchioModelImpl.pdf>
Package pdftex.def Info: classhuron_1_1multibody_1_1internal_1_1PinocchioModelI
mpl.pdf  used on input line 6.
(pdftex.def)             Requested size: 198.4567pt x 56.9055pt.
 [60] [61]
Underfull \hbox (badness 10000) in paragraph at lines 126--127
\T1/pcr/m/n/8 Eigen[]::[]Vector3d huron[]::multibody[]::internal[]::[]Pinocchio
[]Model[]Impl[]::[]Eval[]Center[]Of[]Mass[]Position ( )
 []


Underfull \hbox (badness 10000) in paragraph at lines 166--167
\T1/pcr/m/n/8 const Eigen[]::[]Vector[]Xd & huron[]::multibody[]::internal[]::[
]Pinocchio[]Model[]Impl[]::[]Get[]Accelerations ( )
 []


Underfull \hbox (badness 10000) in paragraph at lines 180--181
\T1/pcr/m/n/8 Eigen[]::[]Vector3d huron[]::multibody[]::internal[]::[]Pinocchio
[]Model[]Impl[]::[]Get[]Center[]Of[]Mass[]Position ( )
 []

[62]
Underfull \hbox (badness 10000) in paragraph at lines 190--191
\T1/pcr/m/n/8 const huron[]::[]Matrix6[]Xd & huron[]::multibody[]::internal[]::
[]Pinocchio[]Model[]Impl[]::[]Get[]Centroidal[]Matrix (
 []


Underfull \hbox (badness 10000) in paragraph at lines 204--205
\T1/pcr/m/n/8 huron[]::[]Vector6d huron[]::multibody[]::internal[]::[]Pinocchio
[]Model[]Impl[]::[]Get[]Centroidal[]Momentum ( )
 []


Underfull \hbox (badness 10000) in paragraph at lines 218--219
\T1/pcr/m/n/8 const Eigen[]::[]Matrix[]Xd & huron[]::multibody[]::internal[]::[
]Pinocchio[]Model[]Impl[]::[]Get[]Coriolis[]Matrix ( )
 []

[63]
Underfull \hbox (badness 10000) in paragraph at lines 282--283
\T1/pcr/m/n/8 const Eigen[]::[]Vector[]Xd & huron[]::multibody[]::internal[]::[
]Pinocchio[]Model[]Impl[]::[]Get[]Gravity ( ) const
 []


Underfull \hbox (badness 10000) in paragraph at lines 316--317
\T1/pcr/m/n/8 std[]::unique[]_[]ptr$\OML/cmm/m/it/8 <$ [] $>$ \T1/pcr/m/n/8 hur
on[]::multibody[]::internal[]::[]Pinocchio[]Model[]Impl[]::[]Get[]Joint[]
 []


Underfull \hbox (badness 10000) in paragraph at lines 326--327
\T1/pcr/m/n/8 std[]::unique[]_[]ptr$\OML/cmm/m/it/8 <$ [] $>$ \T1/pcr/m/n/8 hur
on[]::multibody[]::internal[]::[]Pinocchio[]Model[]Impl[]::[]Get[]Joint[]
 []


Underfull \hbox (badness 10000) in paragraph at lines 346--347
\T1/pcr/m/n/8 const std[]::vector$\OML/cmm/m/it/8 <$ \T1/pcr/m/n/8 std[]::strin
g $\OML/cmm/m/it/8 >$ \T1/pcr/m/n/8 & huron[]::multibody[]::internal[]::[]Pinoc
chio[]Model[]Impl[]::[]Get[]Joint[]
 []

[64]
Underfull \hbox (badness 10000) in paragraph at lines 376--377
\T1/pcr/m/n/8 const Eigen[]::[]Matrix[]Xd & huron[]::multibody[]::internal[]::[
]Pinocchio[]Model[]Impl[]::[]Get[]Mass[]Matrix ( )
 []


Underfull \hbox (badness 10000) in paragraph at lines 390--391
\T1/pcr/m/n/8 const Eigen[]::[]Vector[]Xd & huron[]::multibody[]::internal[]::[
]Pinocchio[]Model[]Impl[]::[]Get[]Nonlinear[]Effects (
 []


Underfull \hbox (badness 10000) in paragraph at lines 404--405
\T1/pcr/m/n/8 const huron[]::[]Vector6d & huron[]::multibody[]::internal[]::[]P
inocchio[]Model[]Impl[]::[]Get[]Spatial[]Momentum ( )
 []


Underfull \hbox (badness 10000) in paragraph at lines 418--419
\T1/pcr/m/n/8 const Eigen[]::[]Vector[]Xd & huron[]::multibody[]::internal[]::[
]Pinocchio[]Model[]Impl[]::[]Get[]Torques ( ) const
 []


Underfull \hbox (badness 10000) in paragraph at lines 432--433
\T1/pcr/m/n/8 bool huron[]::multibody[]::internal[]::[]Pinocchio[]Model[]Impl[]
::is[]_[]built ( ) const [inline], [override],
 []


Underfull \hbox (badness 10000) in paragraph at lines 442--443
\T1/pcr/m/n/8 Eigen[]::[]Vector[]Xd huron[]::multibody[]::internal[]::[]Pinocch
io[]Model[]Impl[]::[]Neutral[]Configuration ( ) const
 []

[65]
Underfull \hbox (badness 10000) in paragraph at lines 472--473
\T1/pcr/m/n/8 size[]_[]t huron[]::multibody[]::internal[]::[]Pinocchio[]Model[]
Impl[]::num[]_[]positions ( ) const [inline],
 []


Underfull \hbox (badness 10000) in paragraph at lines 482--483
\T1/pcr/m/n/8 size[]_[]t huron[]::multibody[]::internal[]::[]Pinocchio[]Model[]
Impl[]::num[]_[]velocities ( ) const [inline],
 []

) (./classhuron_1_1PositionMotor.tex <./classhuron_1_1PositionMotor.pdf>
<classhuron_1_1PositionMotor.pdf, id=4368, 501.875pt x 240.4182pt>
File: classhuron_1_1PositionMotor.pdf Graphic file (type pdf)
<use classhuron_1_1PositionMotor.pdf>
Package pdftex.def Info: classhuron_1_1PositionMotor.pdf  used on input line 6.

(pdftex.def)             Requested size: 237.58134pt x 113.81102pt.
)
(./classhuron_1_1PositionMotorConfiguration.tex <./classhuron_1_1PositionMotorC
onfiguration.pdf>
<classhuron_1_1PositionMotorConfiguration.pdf, id=4378, 501.875pt x 378.77509pt
>
File: classhuron_1_1PositionMotorConfiguration.pdf Graphic file (type pdf)
<use classhuron_1_1PositionMotorConfiguration.pdf>
Package pdftex.def Info: classhuron_1_1PositionMotorConfiguration.pdf  used on 
input line 6.
(pdftex.def)             Requested size: 150.7934pt x 113.81102pt.
 [66]) (./classPushRecoveryControl.tex)
(./classhuron_1_1Robot.tex <./classhuron_1_1Robot.pdf>
<classhuron_1_1Robot.pdf, id=4396, 501.875pt x 300.52275pt>
File: classhuron_1_1Robot.pdf Graphic file (type pdf)
<use classhuron_1_1Robot.pdf>
Package pdftex.def Info: classhuron_1_1Robot.pdf  used on input line 6.
(pdftex.def)             Requested size: 237.58134pt x 142.26378pt.
 [67]
Underfull \hbox (badness 768) in paragraph at lines 24--27
[][] \T1/phv/m/n/10 void \T1/phv/b/n/10 Register[]State[]Provider \T1/phv/m/n/1
0 (std[]::shared[]_[]ptr$\OML/cmm/m/it/10 <$ [] $>$ \T1/phv/m/n/10 state[]_[]pr
ovider, bool is[]_[]joint[]_[]state[]_[]
 []

) (./classhuron_1_1RobotConfiguration.tex <./classhuron_1_1RobotConfiguration.p
df>
<classhuron_1_1RobotConfiguration.pdf, id=4427, 501.875pt x 240.4182pt>
File: classhuron_1_1RobotConfiguration.pdf Graphic file (type pdf)
<use classhuron_1_1RobotConfiguration.pdf>
Package pdftex.def Info: classhuron_1_1RobotConfiguration.pdf  used on input li
ne 6.
(pdftex.def)             Requested size: 118.79066pt x 56.9055pt.
 [68]) (./classhuron_1_1RotaryEncoder.tex <./classhuron_1_1RotaryEncoder.pdf>
<classhuron_1_1RotaryEncoder.pdf, id=4455, 501.875pt x 264.14685pt>
File: classhuron_1_1RotaryEncoder.pdf Graphic file (type pdf)
<use classhuron_1_1RotaryEncoder.pdf>
Package pdftex.def Info: classhuron_1_1RotaryEncoder.pdf  used on input line 10
.
(pdftex.def)             Requested size: 270.30392pt x 142.26378pt.
 [69] [70]) (./classhuron_1_1RotaryEncoderConfiguration.tex <./classhuron_1_1Ro
taryEncoderConfiguration.pdf>
<classhuron_1_1RotaryEncoderConfiguration.pdf, id=4520, 501.875pt x 273.75275pt
>
File: classhuron_1_1RotaryEncoderConfiguration.pdf Graphic file (type pdf)
<use classhuron_1_1RotaryEncoderConfiguration.pdf>
Package pdftex.def Info: classhuron_1_1RotaryEncoderConfiguration.pdf  used on 
input line 6.
(pdftex.def)             Requested size: 156.48328pt x 85.35826pt.
 [71]) (./classhuron_1_1Sensor.tex <./classhuron_1_1Sensor.pdf>
<classhuron_1_1Sensor.pdf, id=4537, 501.875pt x 100.7765pt>
File: classhuron_1_1Sensor.pdf Graphic file (type pdf)
<use classhuron_1_1Sensor.pdf>
Package pdftex.def Info: classhuron_1_1Sensor.pdf  used on input line 6.
(pdftex.def)             Requested size: 398.3531pt x 79.98776pt.
) (./classhuron_1_1SensorWithFrame.tex <./classhuron_1_1SensorWithFrame.pdf>
<classhuron_1_1SensorWithFrame.pdf, id=4551, 501.875pt x 134.37201pt>
File: classhuron_1_1SensorWithFrame.pdf Graphic file (type pdf)
<use classhuron_1_1SensorWithFrame.pdf>
Package pdftex.def Info: classhuron_1_1SensorWithFrame.pdf  used on input line 
6.
(pdftex.def)             Requested size: 398.34544pt x 106.65007pt.
 [72]) (./classhuron_1_1driver_1_1serial_1_1Serial.tex <./classhuron_1_1driver_
1_1serial_1_1Serial.pdf>
<classhuron_1_1driver_1_1serial_1_1Serial.pdf, id=4581, 501.875pt x 203.81145pt
>
File: classhuron_1_1driver_1_1serial_1_1Serial.pdf Graphic file (type pdf)
<use classhuron_1_1driver_1_1serial_1_1Serial.pdf>
Package pdftex.def Info: classhuron_1_1driver_1_1serial_1_1Serial.pdf  used on 
input line 6.
(pdftex.def)             Requested size: 140.12582pt x 56.9055pt.
 [73] [74] [75] [76] [77])
(./classhuron_1_1driver_1_1serial_1_1SerialBase.tex <./classhuron_1_1driver_1_1
serial_1_1SerialBase.pdf>
<classhuron_1_1driver_1_1serial_1_1SerialBase.pdf, id=4719, 501.875pt x 203.811
45pt>
File: classhuron_1_1driver_1_1serial_1_1SerialBase.pdf Graphic file (type pdf)
<use classhuron_1_1driver_1_1serial_1_1SerialBase.pdf>
Package pdftex.def Info: classhuron_1_1driver_1_1serial_1_1SerialBase.pdf  used
 on input line 6.
(pdftex.def)             Requested size: 140.12582pt x 56.9055pt.
 [78])
(./classhuron_1_1driver_1_1can_1_1SocketCanBus.tex <./classhuron_1_1driver_1_1c
an_1_1SocketCanBus.pdf>
<classhuron_1_1driver_1_1can_1_1SocketCanBus.pdf, id=4768, 501.875pt x 193.0311
6pt>
File: classhuron_1_1driver_1_1can_1_1SocketCanBus.pdf Graphic file (type pdf)
<use classhuron_1_1driver_1_1can_1_1SocketCanBus.pdf>
Package pdftex.def Info: classhuron_1_1driver_1_1can_1_1SocketCanBus.pdf  used 
on input line 6.
(pdftex.def)             Requested size: 147.95229pt x 56.9055pt.
 [79]
Underfull \hbox (badness 10000) detected at line 67
[][][]
 []


Underfull \hbox (badness 10000) detected at line 84
[][][]
 []


Underfull \hbox (badness 10000) detected at line 106
[][][]
 []

) (./classhuron_1_1StateProvider.tex <./classhuron_1_1StateProvider.pdf>
<classhuron_1_1StateProvider.pdf, id=4821, 501.875pt x 80.6212pt>
File: classhuron_1_1StateProvider.pdf Graphic file (type pdf)
<use classhuron_1_1StateProvider.pdf>
Package pdftex.def Info: classhuron_1_1StateProvider.pdf  used on input line 6.

(pdftex.def)             Requested size: 398.36076pt x 63.99004pt.

[80]) (./classhuron_1_1odrive_1_1TorqueMotor.tex <./classhuron_1_1odrive_1_1Tor
queMotor.pdf>
<classhuron_1_1odrive_1_1TorqueMotor.pdf, id=4835, 501.875pt x 290.10382pt>
File: classhuron_1_1odrive_1_1TorqueMotor.pdf Graphic file (type pdf)
<use classhuron_1_1odrive_1_1TorqueMotor.pdf>
Package pdftex.def Info: classhuron_1_1odrive_1_1TorqueMotor.pdf  used on input
 line 6.
(pdftex.def)             Requested size: 246.12pt x 142.26378pt.
 [81]
Underfull \hbox (badness 10000) detected at line 80
[][][]
 []


Underfull \hbox (badness 10000) detected at line 115
[][][]
 []

[82]) (./classhuron_1_1TorqueMotor.tex <./classhuron_1_1TorqueMotor.pdf>
<classhuron_1_1TorqueMotor.pdf, id=4894, 501.875pt x 290.10382pt>
File: classhuron_1_1TorqueMotor.pdf Graphic file (type pdf)
<use classhuron_1_1TorqueMotor.pdf>
Package pdftex.def Info: classhuron_1_1TorqueMotor.pdf  used on input line 6.
(pdftex.def)             Requested size: 246.12pt x 142.26378pt.
)
(./classhuron_1_1TorqueMotorConfiguration.tex <./classhuron_1_1TorqueMotorConfi
guration.pdf>
<classhuron_1_1TorqueMotorConfiguration.pdf, id=4904, 501.875pt x 387.91927pt>
File: classhuron_1_1TorqueMotorConfiguration.pdf Graphic file (type pdf)
<use classhuron_1_1TorqueMotorConfiguration.pdf>
Package pdftex.def Info: classhuron_1_1TorqueMotorConfiguration.pdf  used on in
put line 6.
(pdftex.def)             Requested size: 147.24008pt x 113.81102pt.
 [83]) (./classhuron_1_1VelocityMotor.tex <./classhuron_1_1VelocityMotor.pdf>
<classhuron_1_1VelocityMotor.pdf, id=4926, 501.875pt x 240.4182pt>
File: classhuron_1_1VelocityMotor.pdf Graphic file (type pdf)
<use classhuron_1_1VelocityMotor.pdf>
Package pdftex.def Info: classhuron_1_1VelocityMotor.pdf  used on input line 6.

(pdftex.def)             Requested size: 237.58134pt x 113.81102pt.
) (./classhuron_1_1VelocityMotorConfiguration.tex <./classhuron_1_1VelocityMoto
rConfiguration.pdf>
<classhuron_1_1VelocityMotorConfiguration.pdf, id=4936, 501.875pt x 375.23184pt
>
File: classhuron_1_1VelocityMotorConfiguration.pdf Graphic file (type pdf)
<use classhuron_1_1VelocityMotorConfiguration.pdf>
Package pdftex.def Info: classhuron_1_1VelocityMotorConfiguration.pdf  used on 
input line 6.
(pdftex.def)             Requested size: 152.21777pt x 113.81102pt.
 [84]) (./classhuron_1_1ZeroMomentPoint.tex <./classhuron_1_1ZeroMomentPoint.pd
f>
<classhuron_1_1ZeroMomentPoint.pdf, id=4957, 501.875pt x 61.96149pt>
File: classhuron_1_1ZeroMomentPoint.pdf Graphic file (type pdf)
<use classhuron_1_1ZeroMomentPoint.pdf>
Package pdftex.def Info: classhuron_1_1ZeroMomentPoint.pdf  used on input line 
6.
(pdftex.def)             Requested size: 398.33012pt x 49.17755pt.

Overfull \hbox (30.91202pt too wide) in paragraph at lines 57--58
[]\T1/phv/m/n/10 Implemented in [], [], and []. 
 []

[85]
Underfull \hbox (badness 10000) detected at line 72
[][][]
 []

) (./classhuron_1_1ZeroMomentPointFSRArray.tex <./classhuron_1_1ZeroMomentPoint
FSRArray.pdf>
<classhuron_1_1ZeroMomentPointFSRArray.pdf, id=4992, 501.875pt x 185.88446pt>
File: classhuron_1_1ZeroMomentPointFSRArray.pdf Graphic file (type pdf)
<use classhuron_1_1ZeroMomentPointFSRArray.pdf>
Package pdftex.def Info: classhuron_1_1ZeroMomentPointFSRArray.pdf  used on inp
ut line 6.
(pdftex.def)             Requested size: 153.6345pt x 56.9055pt.
 [86]) (./classhuron_1_1ZeroMomentPointFTSensor.tex <./classhuron_1_1ZeroMoment
PointFTSensor.pdf>
<classhuron_1_1ZeroMomentPointFTSensor.pdf, id=5020, 501.875pt x 187.62094pt>
File: classhuron_1_1ZeroMomentPointFTSensor.pdf Graphic file (type pdf)
<use classhuron_1_1ZeroMomentPointFTSensor.pdf>
Package pdftex.def Info: classhuron_1_1ZeroMomentPointFTSensor.pdf  used on inp
ut line 6.
(pdftex.def)             Requested size: 152.21777pt x 56.9055pt.
) (./classhuron_1_1ZeroMomentPointTotal.tex <./classhuron_1_1ZeroMomentPointTot
al.pdf>
<classhuron_1_1ZeroMomentPointTotal.pdf, id=5033, 501.875pt x 215.85645pt>
File: classhuron_1_1ZeroMomentPointTotal.pdf Graphic file (type pdf)
<use classhuron_1_1ZeroMomentPointTotal.pdf>
Package pdftex.def Info: classhuron_1_1ZeroMomentPointTotal.pdf  used on input 
line 6.
(pdftex.def)             Requested size: 132.30702pt x 56.9055pt.
 [87]) [88]
Chapter 9.
(./enable__protected__make__shared_8h_source.tex)
(./enable__protected__make__unique_8h_source.tex) (./types_8h_source.tex
[89

]) (./push__recovery_8h_source.tex) (./can__helpers_8h_source.tex [90]
[91]) (./canbus_8h_source.tex) (./socket__can__bus_8h_source.tex [92])
(./config_8h_source.tex) (./odrive__config_8h_source.tex)
(./serial_8h_source.tex [93]) (./wjwwood__serial_8h_source.tex [94])
(./rotation_8h_source.tex [95]) (./com__frame_8h_source.tex)
(./frame_8h_source.tex [96]) (./joint__common_8h_source.tex [97] [98])
(./logical__frame_8h_source.tex [99]) (./model_8h_source.tex [100] [101])
(./model__composite_8h_source.tex) (./model__impl__factory_8h_source.tex
[102]) (./model__impl__interface_8h_source.tex [103])
(./model__impl__types_8h_source.tex) (./pinocchio__model__impl_8h_source.tex
[104])
(./ros2_2src_2huron__ros2_2include_2huron__ros2_2force__torque__sensor_8h_sourc
e.tex [105])
(./system_2sensors_2include_2huron_2sensors_2force__torque__sensor_8h_source.te
x) (./huron_8h_source.tex [106]) (./huron__node_8h_source.tex [107])
(./joint__group__controller_8h_source.tex)
(./joint__state__provider_8h_source.tex [108]) (./actuator_8h_source.tex)
(./configuration_8h_source.tex [109])
(./constant__state__provider_8h_source.tex) (./encoder_8h_source.tex [110])
(./generic__component_8h_source.tex [111]) (./joint_8h_source.tex [112])
(./legged__robot_8h_source.tex) (./limb_8h_source.tex) (./motor_8h_source.tex
[113]) (./moving__group_8h_source.tex) (./moving__interface_8h_source.tex
[114]) (./position__motor_8h_source.tex) (./robot_8h_source.tex [115])
(./rotary__encoder_8h_source.tex [116] [117]) (./sensor_8h_source.tex)
(./sensor__with__frame_8h_source.tex) (./state__provider_8h_source.tex [118])
(./torque__motor_8h_source.tex) (./velocity__motor_8h_source.tex [119])
(./invalid__configuration__exception_8h_source.tex)
(./not__implemented__exception_8h_source.tex [120])
(./zero__moment__point_8h_source.tex)
(./zero__moment__point__fsr__array_8h_source.tex [121])
(./zero__moment__point__ft__sensor_8h_source.tex)
(./zero__moment__point__total_8h_source.tex) (./odrive_8h_source.tex [122]
[123]) (./odrive__can_8h_source.tex [124]) (./odrive__enums_8h_source.tex
[125] [126]) (./odrive__rotary__encoder_8h_source.tex [127])
(./odrive__torque__motor_8h_source.tex)
(./force__sensing__resistor_8h_source.tex [128])
(./force__sensing__resistor__array_8h_source.tex)
(./force__sensing__resistor__array__serial_8h_source.tex [129])
(./string_8h_source.tex) (./time_8h_source.tex) [130] (./refman.ind
Overfull \hbox (84.70403pt too wide) in paragraph at lines 3--5
[]\T1/phv/m/n/10 /github/workspace/common/include/huron/enable_protected_make_s
hared.h,
 []


Overfull \hbox (84.07407pt too wide) in paragraph at lines 5--7
[]\T1/phv/m/n/10 /github/workspace/common/include/huron/enable_protected_make_u
nique.h,
 []


Overfull \hbox (36.04173pt too wide) in paragraph at lines 9--11
[]\T1/phv/m/n/10 /github/workspace/control/include/huron/control/push_recovery.
h,
 []


Overfull \hbox (51.71931pt too wide) in paragraph at lines 11--13
[]\T1/phv/m/n/10 /github/workspace/driver/can/include/huron/driver/can/can_help
ers.h,
 []


Overfull \hbox (31.53275pt too wide) in paragraph at lines 13--15
[]\T1/phv/m/n/10 /github/workspace/driver/can/include/huron/driver/can/canbus.h
,
 []


Overfull \hbox (67.19025pt too wide) in paragraph at lines 15--17
[]\T1/phv/m/n/10 /github/workspace/driver/can/include/huron/driver/can/socket_c
an_bus.h,
 []


Overfull \hbox (45.85147pt too wide) in paragraph at lines 17--19
[]\T1/phv/m/n/10 /github/workspace/driver/config/include/huron/driver/config/co
nfig.h,
 []


Overfull \hbox (75.27185pt too wide) in paragraph at lines 19--21
[]\T1/phv/m/n/10 /github/workspace/driver/config/include/huron/driver/config/od
rive_config.h,
 []


Overfull \hbox (38.72308pt too wide) in paragraph at lines 21--23
[]\T1/phv/m/n/10 /github/workspace/driver/serial/include/huron/driver/serial/se
rial.h,
 []


Overfull \hbox (80.14044pt too wide) in paragraph at lines 23--25
[]\T1/phv/m/n/10 /github/workspace/driver/serial/include/huron/driver/serial/wj
wwood_serial.h,
 []


Underfull \hbox (badness 10000) in paragraph at lines 25--27
[]\T1/phv/m/n/10 /github/workspace/math/include/huron/math/rotation.h,
 []


Overfull \hbox (45.61763pt too wide) in paragraph at lines 27--29
[]\T1/phv/m/n/10 /github/workspace/multibody/include/huron/multibody/com_frame.
h,
 []


Overfull \hbox (23.61295pt too wide) in paragraph at lines 29--31
[]\T1/phv/m/n/10 /github/workspace/multibody/include/huron/multibody/frame.h,
 []


Overfull \hbox (56.84933pt too wide) in paragraph at lines 31--33
[]\T1/phv/m/n/10 /github/workspace/multibody/include/huron/multibody/joint_comm
on.h,
 []


Overfull \hbox (54.1224pt too wide) in paragraph at lines 33--35
[]\T1/phv/m/n/10 /github/workspace/multibody/include/huron/multibody/logical_fr
ame.h,
 []


Overfull \hbox (25.3409pt too wide) in paragraph at lines 35--37
[]\T1/phv/m/n/10 /github/workspace/multibody/include/huron/multibody/model.h,
 []


Overfull \hbox (71.2222pt too wide) in paragraph at lines 37--39
[]\T1/phv/m/n/10 /github/workspace/multibody/include/huron/multibody/model_comp
osite.h,
 []


Overfull \hbox (77.95387pt too wide) in paragraph at lines 39--41
[]\T1/phv/m/n/10 /github/workspace/multibody/include/huron/multibody/model_impl
_factory.h,
 []


Overfull \hbox (85.95483pt too wide) in paragraph at lines 41--43
[]\T1/phv/m/n/10 /github/workspace/multibody/include/huron/multibody/model_impl
_interface.h,
 []


Overfull \hbox (73.22015pt too wide) in paragraph at lines 43--45
[]\T1/phv/m/n/10 /github/workspace/multibody/include/huron/multibody/model_impl
_types.h,
 []


Overfull \hbox (89.86081pt too wide) in paragraph at lines 45--47
[]\T1/phv/m/n/10 /github/workspace/multibody/include/huron/multibody/pinocchio_
model_impl.h,
 []


Overfull \hbox (105.8445pt too wide) in paragraph at lines 47--49
[]\T1/phv/m/n/10 /github/workspace/ros2/src/huron_ros2/include/huron_ros2/force
_torque_sensor.h,
 []


Overfull \hbox (47.03955pt too wide) in paragraph at lines 49--51
[]\T1/phv/m/n/10 /github/workspace/ros2/src/huron_ros2/include/huron_ros2/huron
.h,
 []


Overfull \hbox (71.92416pt too wide) in paragraph at lines 51--53
[]\T1/phv/m/n/10 /github/workspace/ros2/src/huron_ros2/include/huron_ros2/huron
_node.h,
 []


Overfull \hbox (110.02023pt too wide) in paragraph at lines 53--55
[]\T1/phv/m/n/10 /github/workspace/ros2/src/huron_ros2/include/huron_ros2/joint
_group_controller.h,
 []


Overfull \hbox (101.97447pt too wide) in paragraph at lines 55--57
[]\T1/phv/m/n/10 /github/workspace/ros2/src/huron_ros2/include/huron_ros2/joint
_state_provider.h,
 []


Overfull \hbox (128.57785pt too wide) in paragraph at lines 57--59
[]\T1/phv/m/n/10 /github/workspace/system/control_interfaces/include/huron/cont
rol_interfaces/actuator.h,
 []


Overfull \hbox (147.94562pt too wide) in paragraph at lines 59--61
[]\T1/phv/m/n/10 /github/workspace/system/control_interfaces/include/huron/cont
rol_interfaces/configuration.h,
 []


Overfull \hbox (191.97276pt too wide) in paragraph at lines 61--63
[]\T1/phv/m/n/10 /github/workspace/system/control_interfaces/include/huron/cont
rol_interfaces/constant_state_provider.h,
 []


Overfull \hbox (128.57797pt too wide) in paragraph at lines 63--65
[]\T1/phv/m/n/10 /github/workspace/system/control_interfaces/include/huron/cont
rol_interfaces/encoder.h,
 []


Overfull \hbox (175.68304pt too wide) in paragraph at lines 65--67
[]\T1/phv/m/n/10 /github/workspace/system/control_interfaces/include/huron/cont
rol_interfaces/generic_component.h,
 []


Overfull \hbox (113.01717pt too wide) in paragraph at lines 67--69
[]\T1/phv/m/n/10 /github/workspace/system/control_interfaces/include/huron/cont
rol_interfaces/joint.h,
 []


Overfull \hbox (149.04349pt too wide) in paragraph at lines 69--71
[]\T1/phv/m/n/10 /github/workspace/system/control_interfaces/include/huron/cont
rol_interfaces/legged_robot.h,
 []


Overfull \hbox (112.64835pt too wide) in paragraph at lines 71--73
[]\T1/phv/m/n/10 /github/workspace/system/control_interfaces/include/huron/cont
rol_interfaces/limb.h,
 []


Overfull \hbox (119.06508pt too wide) in paragraph at lines 73--75
[]\T1/phv/m/n/10 /github/workspace/system/control_interfaces/include/huron/cont
rol_interfaces/motor.h,
 []


Overfull \hbox (152.99466pt too wide) in paragraph at lines 75--77
[]\T1/phv/m/n/10 /github/workspace/system/control_interfaces/include/huron/cont
rol_interfaces/moving_group.h,
 []


Overfull \hbox (164.49649pt too wide) in paragraph at lines 77--79
[]\T1/phv/m/n/10 /github/workspace/system/control_interfaces/include/huron/cont
rol_interfaces/moving_interface.h,
 []


Overfull \hbox (155.08238pt too wide) in paragraph at lines 79--81
[]\T1/phv/m/n/10 /github/workspace/system/control_interfaces/include/huron/cont
rol_interfaces/position_motor.h,
 []


Overfull \hbox (117.0221pt too wide) in paragraph at lines 81--83
[]\T1/phv/m/n/10 /github/workspace/system/control_interfaces/include/huron/cont
rol_interfaces/robot.h,
 []


Overfull \hbox (156.85535pt too wide) in paragraph at lines 83--85
[]\T1/phv/m/n/10 /github/workspace/system/control_interfaces/include/huron/cont
rol_interfaces/rotary_encoder.h,
 []


Overfull \hbox (123.07013pt too wide) in paragraph at lines 85--87
[]\T1/phv/m/n/10 /github/workspace/system/control_interfaces/include/huron/cont
rol_interfaces/sensor.h,
 []


Overfull \hbox (172.30826pt too wide) in paragraph at lines 87--89
[]\T1/phv/m/n/10 /github/workspace/system/control_interfaces/include/huron/cont
rol_interfaces/sensor_with_frame.h,
 []


Overfull \hbox (152.94951pt too wide) in paragraph at lines 89--91
[]\T1/phv/m/n/10 /github/workspace/system/control_interfaces/include/huron/cont
rol_interfaces/state_provider.h,
 []


Overfull \hbox (149.58344pt too wide) in paragraph at lines 91--93
[]\T1/phv/m/n/10 /github/workspace/system/control_interfaces/include/huron/cont
rol_interfaces/torque_motor.h,
 []


Overfull \hbox (153.8495pt too wide) in paragraph at lines 93--95
[]\T1/phv/m/n/10 /github/workspace/system/control_interfaces/include/huron/cont
rol_interfaces/velocity_motor.h,
 []


Overfull \hbox (165.28874pt too wide) in paragraph at lines 95--97
[]\T1/phv/m/n/10 /github/workspace/system/exceptions/include/huron/exceptions/i
nvalid_configuration_exception.h,
 []


Overfull \hbox (152.77884pt too wide) in paragraph at lines 97--99
[]\T1/phv/m/n/10 /github/workspace/system/exceptions/include/huron/exceptions/n
ot_implemented_exception.h,
 []


Overfull \hbox (121.42322pt too wide) in paragraph at lines 99--101
[]\T1/phv/m/n/10 /github/workspace/system/locomotion/include/huron/locomotion/z
ero_moment_point.h,
 []


Overfull \hbox (160.67152pt too wide) in paragraph at lines 101--103
[]\T1/phv/m/n/10 /github/workspace/system/locomotion/include/huron/locomotion/z
ero_moment_point_fsr_array.h,
 []

[131



]
Overfull \hbox (162.9934pt too wide) in paragraph at lines 103--105
[]\T1/phv/m/n/10 /github/workspace/system/locomotion/include/huron/locomotion/z
ero_moment_point_ft_sensor.h,
 []


Overfull \hbox (143.43668pt too wide) in paragraph at lines 105--107
[]\T1/phv/m/n/10 /github/workspace/system/locomotion/include/huron/locomotion/z
ero_moment_point_total.h,
 []


Overfull \hbox (28.11272pt too wide) in paragraph at lines 107--109
[]\T1/phv/m/n/10 /github/workspace/system/odrive/include/huron/odrive/odrive.h,

 []


Overfull \hbox (47.75932pt too wide) in paragraph at lines 109--111
[]\T1/phv/m/n/10 /github/workspace/system/odrive/include/huron/odrive/odrive_ca
n.h,
 []


Overfull \hbox (60.03522pt too wide) in paragraph at lines 111--113
[]\T1/phv/m/n/10 /github/workspace/system/odrive/include/huron/odrive/odrive_en
ums.h,
 []


Overfull \hbox (93.59534pt too wide) in paragraph at lines 113--115
[]\T1/phv/m/n/10 /github/workspace/system/odrive/include/huron/odrive/odrive_ro
tary_encoder.h,
 []


Overfull \hbox (86.32343pt too wide) in paragraph at lines 115--117
[]\T1/phv/m/n/10 /github/workspace/system/odrive/include/huron/odrive/odrive_to
rque_motor.h,
 []


Overfull \hbox (107.82478pt too wide) in paragraph at lines 117--119
[]\T1/phv/m/n/10 /github/workspace/system/sensors/include/huron/sensors/force_s
ensing_resistor.h,
 []


Overfull \hbox (132.5204pt too wide) in paragraph at lines 119--121
[]\T1/phv/m/n/10 /github/workspace/system/sensors/include/huron/sensors/force_s
ensing_resistor_array.h,
 []


Overfull \hbox (160.05984pt too wide) in paragraph at lines 121--123
[]\T1/phv/m/n/10 /github/workspace/system/sensors/include/huron/sensors/force_s
ensing_resistor_array_serial.h,
 []


Overfull \hbox (99.83284pt too wide) in paragraph at lines 123--125
[]\T1/phv/m/n/10 /github/workspace/system/sensors/include/huron/sensors/force_t
orque_sensor.h,
 []

[132] [133]
Underfull \hbox (badness 10000) in paragraph at lines 414--416
[]\T1/phv/m/n/10 huron::enable_protected_make_shared$\OML/cmm/m/it/10 <$ \T1/ph
v/m/n/10 Class-With-
 []


Underfull \hbox (badness 10000) in paragraph at lines 416--418
[]\T1/phv/m/n/10 huron::enable_protected_make_unique$\OML/cmm/m/it/10 <$ \T1/ph
v/m/n/10 Class-With-
 []

[134]
Underfull \hbox (badness 10000) in paragraph at lines 509--511
[]\T1/phv/m/n/10 huron::multibody::internal::PinocchioModelImpl::Impl,
 []

[135] [136] [137

]) (./refman.aux)
Package rerunfilecheck Info: File `refman.out' has not changed.
(rerunfilecheck)             Checksum: 6C2B0529DD998270ED0798555A7E4860;93026.
 ) 
Here is how much of TeX's memory you used:
 21634 strings out of 478238
 448244 string characters out of 5850421
 769384 words of memory out of 5000000
 37659 multiletter control sequences out of 15000+600000
 534414 words of font info for 111 fonts, out of 8000000 for 9000
 1141 hyphenation exceptions out of 8191
 99i,16n,117p,837b,671s stack positions out of 10000i,1000n,20000p,200000b,200000s
{/usr/share/texmf-dist/fonts/enc/dvips/base/8r.enc}</usr/share/texmf-dist/fon
ts/type1/public/amsfonts/cm/cmmi10.pfb></usr/share/texmf-dist/fonts/type1/publi
c/amsfonts/cm/cmmi12.pfb></usr/share/texmf-dist/fonts/type1/public/amsfonts/cm/
cmmi7.pfb></usr/share/texmf-dist/fonts/type1/public/amsfonts/cm/cmmi8.pfb></usr
/share/texmf-dist/fonts/type1/public/amsfonts/cm/cmr10.pfb></usr/share/texmf-di
st/fonts/type1/public/amsfonts/cm/cmsy10.pfb></usr/share/texmf-dist/fonts/type1
/public/amsfonts/cm/cmsy7.pfb></usr/share/texmf-dist/fonts/type1/public/amsfont
s/cm/cmsy8.pfb></usr/share/texmf-dist/fonts/type1/urw/courier/ucrb8a.pfb></usr/
share/texmf-dist/fonts/type1/urw/courier/ucrr8a.pfb></usr/share/texmf-dist/font
s/type1/urw/courier/ucrro8a.pfb></usr/share/texmf-dist/fonts/type1/urw/helvetic
/uhvb8a.pfb></usr/share/texmf-dist/fonts/type1/urw/helvetic/uhvb8ac.pfb></usr/s
hare/texmf-dist/fonts/type1/urw/helvetic/uhvr8a.pfb></usr/share/texmf-dist/font
s/type1/urw/helvetic/uhvro8a.pfb>
Output written on refman.pdf (151 pages, 775131 bytes).
PDF statistics:
 6920 PDF objects out of 7423 (max. 8388607)
 6555 compressed objects within 66 object streams
 1603 named destinations out of 1728 (max. 500000)
 3670 words of extra memory for PDF output out of 10000 (max. 10000000)

